2020-07-05 12:41:08.190 DEBUG [main]com.lzy.blog.LzyBlogApplication.logStarting:56 -Running with Spring Boot v2.2.7.RELEASE, Spring v5.2.6.RELEASE
2020-07-05 12:41:40.810 DEBUG [http-nio-9000-exec-2]com.lzy.blog.mapper.AdminMapper.getByUserName.debug:159 -==>  Preparing: select name,header, signature, username, password from bl_admin where username = ? 
2020-07-05 12:41:41.004 DEBUG [http-nio-9000-exec-2]com.lzy.blog.mapper.AdminMapper.getByUserName.debug:159 -==> Parameters: 刘小少(String)
2020-07-05 12:41:41.061 DEBUG [http-nio-9000-exec-2]com.lzy.blog.mapper.AdminMapper.getByUserName.debug:159 -<==      Total: 1
2020-07-05 12:41:41.505 DEBUG [http-nio-9000-exec-2]com.lzy.blog.mapper.LogMapper.save.debug:159 -==>  Preparing: insert into bl_log ( log_url, log_params, log_status, log_message, log_method, log_time, log_result, log_ip ) values ( ?,?,?,?,?,?, ?,? ) 
2020-07-05 12:41:41.515 DEBUG [http-nio-9000-exec-2]com.lzy.blog.mapper.LogMapper.save.debug:159 -==> Parameters: /admin/login(String), [Admin(id=null, name=null, header=null, signature=null, comment=null, username=刘小少, password=e10adc3949ba59abbe56e057f20f883e)](String), 1(Integer), null, POST(String), 466(Long), {"code":2000,"data":{"token":"16F9DD4C375CC674D72DE7D30B5C0D58"},"msg":"操作成功!"}(String), 0:0:0:0:0:0:0:1(String)
2020-07-05 12:41:41.654 DEBUG [http-nio-9000-exec-2]com.lzy.blog.mapper.LogMapper.save.debug:159 -<==    Updates: 1
2020-07-05 12:43:48.360 DEBUG [http-nio-9000-exec-5]com.lzy.blog.mapper.TypeMapper.getAll.debug:159 -==>  Preparing: select type_id,type_name,type_blog_count,enable from bl_type where deleted = 0 
2020-07-05 12:43:48.362 DEBUG [http-nio-9000-exec-5]com.lzy.blog.mapper.TypeMapper.getAll.debug:159 -==> Parameters: 
2020-07-05 12:43:48.367 DEBUG [http-nio-9000-exec-5]com.lzy.blog.mapper.TypeMapper.getAll.debug:159 -<==      Total: 3
2020-07-05 12:43:48.386 DEBUG [http-nio-9000-exec-5]com.lzy.blog.mapper.LogMapper.save.debug:159 -==>  Preparing: insert into bl_log ( log_url, log_params, log_status, log_message, log_method, log_time, log_result, log_ip ) values ( ?,?,?,?,?,?, ?,? ) 
2020-07-05 12:43:48.389 DEBUG [http-nio-9000-exec-5]com.lzy.blog.mapper.LogMapper.save.debug:159 -==> Parameters: /type/listBack(String), [](String), 1(Integer), null, GET(String), 28(Long), {"code":2000,"data":[{"enable":1,"typeBlogCount":0,"typeId":1,"typeName":"java"},{"enable":1,"typeBlogCount":0,"typeId":2,"typeName":"linux"},{"enable":1,"typeBlogCount":0,"typeId":3,"typeName":"前端"}],"msg":"操作成功!"}(String), 0:0:0:0:0:0:0:1(String)
2020-07-05 12:43:48.446 DEBUG [http-nio-9000-exec-5]com.lzy.blog.mapper.LogMapper.save.debug:159 -<==    Updates: 1
2020-07-05 13:24:12.878 DEBUG [main]com.lzy.blog.LzyBlogApplication.logStarting:56 -Running with Spring Boot v2.2.7.RELEASE, Spring v5.2.6.RELEASE
2020-07-05 13:26:33.606 DEBUG [http-nio-9000-exec-2]com.lzy.blog.mapper.AdminMapper.getByUserName.debug:159 -==>  Preparing: select name,header, signature, username, password from bl_admin where username = ? 
2020-07-05 13:26:33.639 DEBUG [http-nio-9000-exec-2]com.lzy.blog.mapper.AdminMapper.getByUserName.debug:159 -==> Parameters: 刘小少(String)
2020-07-05 13:26:33.691 DEBUG [http-nio-9000-exec-2]com.lzy.blog.mapper.AdminMapper.getByUserName.debug:159 -<==      Total: 1
2020-07-05 13:26:33.907 DEBUG [http-nio-9000-exec-2]com.lzy.blog.mapper.LogMapper.save.debug:159 -==>  Preparing: insert into bl_log ( log_url, log_params, log_status, log_message, log_method, log_time, log_result, log_ip ) values ( ?,?,?,?,?,?, ?,? ) 
2020-07-05 13:26:33.916 DEBUG [http-nio-9000-exec-2]com.lzy.blog.mapper.LogMapper.save.debug:159 -==> Parameters: /admin/login(String), [Admin(id=null, name=null, header=null, signature=null, comment=null, username=刘小少, password=e10adc3949ba59abbe56e057f20f883e)](String), 1(Integer), null, POST(String), 177(Long), {"code":2000,"data":{"token":"EE742B2431414D5EDEBB3DC4F500C69C"},"msg":"操作成功!"}(String), 0:0:0:0:0:0:0:1(String)
2020-07-05 13:26:33.974 DEBUG [http-nio-9000-exec-2]com.lzy.blog.mapper.LogMapper.save.debug:159 -<==    Updates: 1
2020-07-05 13:28:41.258 DEBUG [http-nio-9000-exec-1]com.lzy.blog.mapper.LinkMapper.save.debug:159 -==>  Preparing: insert into bl_link(link_name,link_url) values ( ?,? ) 
2020-07-05 13:28:41.260 DEBUG [http-nio-9000-exec-1]com.lzy.blog.mapper.LinkMapper.save.debug:159 -==> Parameters: 百度(String), www.bai.com(String)
2020-07-05 13:28:41.323 DEBUG [http-nio-9000-exec-1]com.lzy.blog.mapper.LinkMapper.save.debug:159 -<==    Updates: 1
2020-07-05 13:28:41.327 DEBUG [http-nio-9000-exec-1]com.lzy.blog.mapper.LogMapper.save.debug:159 -==>  Preparing: insert into bl_log ( log_url, log_params, log_status, log_message, log_method, log_time, log_result, log_ip ) values ( ?,?,?,?,?,?, ?,? ) 
2020-07-05 13:28:41.330 DEBUG [http-nio-9000-exec-1]com.lzy.blog.mapper.LogMapper.save.debug:159 -==> Parameters: /link/save(String), [Link(linkId=null, linkName=百度, linkUrl=www.bai.com, createdTime=null, updateTime=null, version=null, deleted=null)](String), 1(Integer), null, POST(String), 81(Long), {"code":2000,"msg":"添加成功"}(String), 0:0:0:0:0:0:0:1(String)
2020-07-05 13:28:41.356 DEBUG [http-nio-9000-exec-1]com.lzy.blog.mapper.LogMapper.save.debug:159 -<==    Updates: 1
2020-07-05 13:31:19.258 DEBUG [http-nio-9000-exec-3]com.lzy.blog.mapper.LinkMapper.save.debug:159 -==>  Preparing: insert into bl_link(link_name,link_url) values ( ?,? ) 
2020-07-05 13:31:19.260 DEBUG [http-nio-9000-exec-3]com.lzy.blog.mapper.LinkMapper.save.debug:159 -==> Parameters: 秋生的小站(String), https://zhipeng0908.gitee.io/(String)
2020-07-05 13:31:19.357 DEBUG [http-nio-9000-exec-3]com.lzy.blog.mapper.LinkMapper.save.debug:159 -<==    Updates: 1
2020-07-05 13:31:19.360 DEBUG [http-nio-9000-exec-3]com.lzy.blog.mapper.LogMapper.save.debug:159 -==>  Preparing: insert into bl_log ( log_url, log_params, log_status, log_message, log_method, log_time, log_result, log_ip ) values ( ?,?,?,?,?,?, ?,? ) 
2020-07-05 13:31:19.363 DEBUG [http-nio-9000-exec-3]com.lzy.blog.mapper.LogMapper.save.debug:159 -==> Parameters: /link/save(String), [Link(linkId=null, linkName=秋生的小站, linkUrl=https://zhipeng0908.gitee.io/, createdTime=null, updateTime=null, version=null, deleted=null)](String), 1(Integer), null, POST(String), 112(Long), {"code":2000,"msg":"添加成功"}(String), 0:0:0:0:0:0:0:1(String)
2020-07-05 13:31:19.416 DEBUG [http-nio-9000-exec-3]com.lzy.blog.mapper.LogMapper.save.debug:159 -<==    Updates: 1
2020-07-05 13:34:17.786 DEBUG [http-nio-9000-exec-7]com.lzy.blog.mapper.LinkMapper.save.debug:159 -==>  Preparing: insert into bl_link(link_name,link_url) values ( ?,? ) 
2020-07-05 13:34:17.788 DEBUG [http-nio-9000-exec-7]com.lzy.blog.mapper.LinkMapper.save.debug:159 -==> Parameters: 鸡哥的博客(String), https://me.csdn.net/qq_36403693(String)
2020-07-05 13:34:17.846 DEBUG [http-nio-9000-exec-7]com.lzy.blog.mapper.LinkMapper.save.debug:159 -<==    Updates: 1
2020-07-05 13:34:17.852 DEBUG [http-nio-9000-exec-7]com.lzy.blog.mapper.LogMapper.save.debug:159 -==>  Preparing: insert into bl_log ( log_url, log_params, log_status, log_message, log_method, log_time, log_result, log_ip ) values ( ?,?,?,?,?,?, ?,? ) 
2020-07-05 13:34:17.856 DEBUG [http-nio-9000-exec-7]com.lzy.blog.mapper.LogMapper.save.debug:159 -==> Parameters: /link/save(String), [Link(linkId=null, linkName=鸡哥的博客, linkUrl=https://me.csdn.net/qq_36403693, createdTime=null, updateTime=null, version=null, deleted=null)](String), 1(Integer), null, POST(String), 70(Long), {"code":2000,"msg":"添加成功"}(String), 0:0:0:0:0:0:0:1(String)
2020-07-05 13:34:17.876 DEBUG [http-nio-9000-exec-7]com.lzy.blog.mapper.LogMapper.save.debug:159 -<==    Updates: 1
2020-07-05 13:36:43.293 DEBUG [http-nio-9000-exec-4]com.lzy.blog.mapper.LinkMapper.getAll.debug:159 -==>  Preparing: select link_id, link_name, link_url, created_time, update_time from bl_link where deleted = 0 
2020-07-05 13:36:43.295 DEBUG [http-nio-9000-exec-4]com.lzy.blog.mapper.LinkMapper.getAll.debug:159 -==> Parameters: 
2020-07-05 13:36:43.301 DEBUG [http-nio-9000-exec-4]com.lzy.blog.mapper.LinkMapper.getAll.debug:159 -<==      Total: 3
2020-07-05 13:36:43.314 DEBUG [http-nio-9000-exec-4]com.lzy.blog.mapper.LogMapper.save.debug:159 -==>  Preparing: insert into bl_log ( log_url, log_params, log_status, log_message, log_method, log_time, log_result, log_ip ) values ( ?,?,?,?,?,?, ?,? ) 
2020-07-05 13:36:43.317 DEBUG [http-nio-9000-exec-4]com.lzy.blog.mapper.LogMapper.save.debug:159 -==> Parameters: /link/list(String), [](String), 1(Integer), null, GET(String), 17(Long), {"code":2000,"data":[{"createdTime":"2020-07-05 13:28:41.0","linkId":1,"linkName":"百度","linkUrl":"www.bai.com","updateTime":"2020-07-05 13:28:41.0"},{"createdTime":"2020-07-05 13:31:19.0","linkId":2,"linkName":"秋生的小站","linkUrl":"https://zhipeng0908.gitee.io/","updateTime":"2020-07-05 13:31:19.0"},{"createdTime":"2020-07-05 13:34:17.0","linkId":3,"linkName":"鸡哥的博客","linkUrl":"https://me.csdn.net/qq_36403693","updateTime":"2020-07-05 13:34:17.0"}],"msg":"操作成功!"}(String), 0:0:0:0:0:0:0:1(String)
2020-07-05 13:36:43.452 DEBUG [http-nio-9000-exec-4]com.lzy.blog.mapper.LogMapper.save.debug:159 -<==    Updates: 1
2020-07-05 13:38:23.660 DEBUG [http-nio-9000-exec-5]com.lzy.blog.mapper.LogMapper.save.debug:159 -==>  Preparing: insert into bl_log ( log_url, log_params, log_status, log_message, log_method, log_time, log_result, log_ip ) values ( ?,?,?,?,?,?, ?,? ) 
2020-07-05 13:38:23.662 DEBUG [http-nio-9000-exec-5]com.lzy.blog.mapper.LogMapper.save.debug:159 -==> Parameters: /link/update(String), [Link(linkId=1, linkName=null, linkUrl=null, createdTime=null, updateTime=null, version=null, deleted=null)](String), 0(Integer), org.mybatis.spring.MyBatisSystemException: nested exception is org.apache.ibatis.reflection.ReflectionException: There is no getter for property named 'link_name' in 'class com.lzy.blog.pojo.Link'
	at com.lzy.blog.service.impl.LinkServiceImpl.update(LinkServiceImpl.java:60)
	at com.lzy.blog.controller.LingkController.update(LingkController.java:41)
	at com.lzy.blog.controller.LingkController$$FastClassBySpringCGLIB$$955898db.invoke(<generated>)
	at com.lzy.blog.aspect.RequestAspect.doAround(RequestAspect.java:72)
	at com.lzy.blog.controller.LingkController$$EnhancerBySpringCGLIB$$b6305dbf.update(<generated>)
Caused by: org.apache.ibatis.reflection.ReflectionException: There is no getter for property named 'link_name' in 'class com.lzy.blog.pojo.Link'
(String), PUT(String), 0(Long), null, 0:0:0:0:0:0:0:1(String)
2020-07-05 13:38:23.705 DEBUG [http-nio-9000-exec-5]com.lzy.blog.mapper.LogMapper.save.debug:159 -<==    Updates: 1
2020-07-05 13:41:09.143 DEBUG [main]com.lzy.blog.LzyBlogApplication.logStarting:56 -Running with Spring Boot v2.2.7.RELEASE, Spring v5.2.6.RELEASE
2020-07-05 13:41:21.903 DEBUG [http-nio-9000-exec-1]com.lzy.blog.mapper.AdminMapper.getByUserName.debug:159 -==>  Preparing: select name,header, signature, username, password from bl_admin where username = ? 
2020-07-05 13:41:21.950 DEBUG [http-nio-9000-exec-1]com.lzy.blog.mapper.AdminMapper.getByUserName.debug:159 -==> Parameters: 刘小少(String)
2020-07-05 13:41:22.032 DEBUG [http-nio-9000-exec-1]com.lzy.blog.mapper.AdminMapper.getByUserName.debug:159 -<==      Total: 1
2020-07-05 13:41:22.263 DEBUG [http-nio-9000-exec-1]com.lzy.blog.mapper.LogMapper.save.debug:159 -==>  Preparing: insert into bl_log ( log_url, log_params, log_status, log_message, log_method, log_time, log_result, log_ip ) values ( ?,?,?,?,?,?, ?,? ) 
2020-07-05 13:41:22.272 DEBUG [http-nio-9000-exec-1]com.lzy.blog.mapper.LogMapper.save.debug:159 -==> Parameters: /admin/login(String), [Admin(id=null, name=null, header=null, signature=null, comment=null, username=刘小少, password=e10adc3949ba59abbe56e057f20f883e)](String), 1(Integer), null, POST(String), 288(Long), {"code":2000,"data":{"token":"F976EB7FDC0561BFBD17E010B6E460B3"},"msg":"操作成功!"}(String), 0:0:0:0:0:0:0:1(String)
2020-07-05 13:41:22.312 DEBUG [http-nio-9000-exec-1]com.lzy.blog.mapper.LogMapper.save.debug:159 -<==    Updates: 1
2020-07-05 13:41:43.651 DEBUG [http-nio-9000-exec-3]com.lzy.blog.mapper.LinkMapper.update.debug:159 -==>  Preparing: update bl_link set version = version + 1 where link_id = ? and version = ? 
2020-07-05 13:41:43.653 DEBUG [http-nio-9000-exec-3]com.lzy.blog.mapper.LinkMapper.update.debug:159 -==> Parameters: 1(Integer), null
2020-07-05 13:41:43.719 DEBUG [http-nio-9000-exec-3]com.lzy.blog.mapper.LinkMapper.update.debug:159 -<==    Updates: 0
2020-07-05 13:41:43.723 DEBUG [http-nio-9000-exec-3]com.lzy.blog.mapper.LogMapper.save.debug:159 -==>  Preparing: insert into bl_log ( log_url, log_params, log_status, log_message, log_method, log_time, log_result, log_ip ) values ( ?,?,?,?,?,?, ?,? ) 
2020-07-05 13:41:43.725 DEBUG [http-nio-9000-exec-3]com.lzy.blog.mapper.LogMapper.save.debug:159 -==> Parameters: /link/update(String), [Link(linkId=1, linkName=null, linkUrl=null, createdTime=null, updateTime=null, version=null, deleted=null)](String), 1(Integer), null, PUT(String), 126(Long), {"code":2000,"msg":"修改成功"}(String), 0:0:0:0:0:0:0:1(String)
2020-07-05 13:41:43.768 DEBUG [http-nio-9000-exec-3]com.lzy.blog.mapper.LogMapper.save.debug:159 -<==    Updates: 1
2020-07-05 13:42:39.678 DEBUG [http-nio-9000-exec-4]com.lzy.blog.mapper.LinkMapper.update.debug:159 -==>  Preparing: update bl_link set version = version + 1 where link_id = ? and version = ? 
2020-07-05 13:42:39.680 DEBUG [http-nio-9000-exec-4]com.lzy.blog.mapper.LinkMapper.update.debug:159 -==> Parameters: 1(Integer), 1(Integer)
2020-07-05 13:42:39.752 DEBUG [http-nio-9000-exec-4]com.lzy.blog.mapper.LinkMapper.update.debug:159 -<==    Updates: 1
2020-07-05 13:42:39.755 DEBUG [http-nio-9000-exec-4]com.lzy.blog.mapper.LogMapper.save.debug:159 -==>  Preparing: insert into bl_log ( log_url, log_params, log_status, log_message, log_method, log_time, log_result, log_ip ) values ( ?,?,?,?,?,?, ?,? ) 
2020-07-05 13:42:39.758 DEBUG [http-nio-9000-exec-4]com.lzy.blog.mapper.LogMapper.save.debug:159 -==> Parameters: /link/update(String), [Link(linkId=1, linkName=null, linkUrl=null, createdTime=null, updateTime=null, version=1, deleted=null)](String), 1(Integer), null, PUT(String), 81(Long), {"code":2000,"msg":"修改成功"}(String), 0:0:0:0:0:0:0:1(String)
2020-07-05 13:42:39.782 DEBUG [http-nio-9000-exec-4]com.lzy.blog.mapper.LogMapper.save.debug:159 -<==    Updates: 1
2020-07-05 13:42:44.641 DEBUG [http-nio-9000-exec-5]com.lzy.blog.mapper.LinkMapper.getAll.debug:159 -==>  Preparing: select link_id, link_name, link_url, created_time, update_time from bl_link where deleted = 0 
2020-07-05 13:42:44.645 DEBUG [http-nio-9000-exec-5]com.lzy.blog.mapper.LinkMapper.getAll.debug:159 -==> Parameters: 
2020-07-05 13:42:44.655 DEBUG [http-nio-9000-exec-5]com.lzy.blog.mapper.LinkMapper.getAll.debug:159 -<==      Total: 3
2020-07-05 13:42:44.670 DEBUG [http-nio-9000-exec-5]com.lzy.blog.mapper.LogMapper.save.debug:159 -==>  Preparing: insert into bl_log ( log_url, log_params, log_status, log_message, log_method, log_time, log_result, log_ip ) values ( ?,?,?,?,?,?, ?,? ) 
2020-07-05 13:42:44.680 DEBUG [http-nio-9000-exec-5]com.lzy.blog.mapper.LogMapper.save.debug:159 -==> Parameters: /link/list(String), [](String), 1(Integer), null, GET(String), 24(Long), {"code":2000,"data":[{"createdTime":"2020-07-05 13:28:41.0","linkId":1,"linkName":"百度","linkUrl":"www.bai.com","updateTime":"2020-07-05 13:42:39.0"},{"createdTime":"2020-07-05 13:31:19.0","linkId":2,"linkName":"秋生的小站","linkUrl":"https://zhipeng0908.gitee.io/","updateTime":"2020-07-05 13:31:19.0"},{"createdTime":"2020-07-05 13:34:17.0","linkId":3,"linkName":"鸡哥的博客","linkUrl":"https://me.csdn.net/qq_36403693","updateTime":"2020-07-05 13:34:17.0"}],"msg":"操作成功!"}(String), 0:0:0:0:0:0:0:1(String)
2020-07-05 13:42:44.721 DEBUG [http-nio-9000-exec-5]com.lzy.blog.mapper.LogMapper.save.debug:159 -<==    Updates: 1
2020-07-05 13:43:11.334 DEBUG [http-nio-9000-exec-6]com.lzy.blog.mapper.LinkMapper.update.debug:159 -==>  Preparing: update bl_link set version = version + 1 where link_id = ? and version = ? 
2020-07-05 13:43:11.336 DEBUG [http-nio-9000-exec-6]com.lzy.blog.mapper.LinkMapper.update.debug:159 -==> Parameters: 1(Integer), 1(Integer)
2020-07-05 13:43:11.338 DEBUG [http-nio-9000-exec-6]com.lzy.blog.mapper.LinkMapper.update.debug:159 -<==    Updates: 0
2020-07-05 13:43:11.342 DEBUG [http-nio-9000-exec-6]com.lzy.blog.mapper.LogMapper.save.debug:159 -==>  Preparing: insert into bl_log ( log_url, log_params, log_status, log_message, log_method, log_time, log_result, log_ip ) values ( ?,?,?,?,?,?, ?,? ) 
2020-07-05 13:43:11.344 DEBUG [http-nio-9000-exec-6]com.lzy.blog.mapper.LogMapper.save.debug:159 -==> Parameters: /link/update(String), [Link(linkId=1, linkName=null, linkUrl=null, createdTime=null, updateTime=null, version=1, deleted=null)](String), 1(Integer), null, PUT(String), 13(Long), {"code":2000,"msg":"修改成功"}(String), 0:0:0:0:0:0:0:1(String)
2020-07-05 13:43:11.378 DEBUG [http-nio-9000-exec-6]com.lzy.blog.mapper.LogMapper.save.debug:159 -<==    Updates: 1
2020-07-05 13:43:14.096 DEBUG [http-nio-9000-exec-7]com.lzy.blog.mapper.LinkMapper.getAll.debug:159 -==>  Preparing: select link_id, link_name, link_url, created_time, update_time from bl_link where deleted = 0 
2020-07-05 13:43:14.098 DEBUG [http-nio-9000-exec-7]com.lzy.blog.mapper.LinkMapper.getAll.debug:159 -==> Parameters: 
2020-07-05 13:43:14.103 DEBUG [http-nio-9000-exec-7]com.lzy.blog.mapper.LinkMapper.getAll.debug:159 -<==      Total: 3
2020-07-05 13:43:14.106 DEBUG [http-nio-9000-exec-7]com.lzy.blog.mapper.LogMapper.save.debug:159 -==>  Preparing: insert into bl_log ( log_url, log_params, log_status, log_message, log_method, log_time, log_result, log_ip ) values ( ?,?,?,?,?,?, ?,? ) 
2020-07-05 13:43:14.108 DEBUG [http-nio-9000-exec-7]com.lzy.blog.mapper.LogMapper.save.debug:159 -==> Parameters: /link/list(String), [](String), 1(Integer), null, GET(String), 17(Long), {"code":2000,"data":[{"createdTime":"2020-07-05 13:28:41.0","linkId":1,"linkName":"百度","linkUrl":"www.bai.com","updateTime":"2020-07-05 13:42:39.0"},{"createdTime":"2020-07-05 13:31:19.0","linkId":2,"linkName":"秋生的小站","linkUrl":"https://zhipeng0908.gitee.io/","updateTime":"2020-07-05 13:31:19.0"},{"createdTime":"2020-07-05 13:34:17.0","linkId":3,"linkName":"鸡哥的博客","linkUrl":"https://me.csdn.net/qq_36403693","updateTime":"2020-07-05 13:34:17.0"}],"msg":"操作成功!"}(String), 0:0:0:0:0:0:0:1(String)
2020-07-05 13:43:14.164 DEBUG [http-nio-9000-exec-7]com.lzy.blog.mapper.LogMapper.save.debug:159 -<==    Updates: 1
2020-07-05 13:43:44.591 DEBUG [http-nio-9000-exec-8]com.lzy.blog.mapper.LinkMapper.update.debug:159 -==>  Preparing: update bl_link set version = version + 1 where link_id = ? and version = ? 
2020-07-05 13:43:44.594 DEBUG [http-nio-9000-exec-8]com.lzy.blog.mapper.LinkMapper.update.debug:159 -==> Parameters: 1(Integer), 1(Integer)
2020-07-05 13:43:44.596 DEBUG [http-nio-9000-exec-8]com.lzy.blog.mapper.LinkMapper.update.debug:159 -<==    Updates: 0
2020-07-05 13:43:44.600 DEBUG [http-nio-9000-exec-8]com.lzy.blog.mapper.LogMapper.save.debug:159 -==>  Preparing: insert into bl_log ( log_url, log_params, log_status, log_message, log_method, log_time, log_result, log_ip ) values ( ?,?,?,?,?,?, ?,? ) 
2020-07-05 13:43:44.603 DEBUG [http-nio-9000-exec-8]com.lzy.blog.mapper.LogMapper.save.debug:159 -==> Parameters: /link/update(String), [Link(linkId=1, linkName=null, linkUrl=null, createdTime=null, updateTime=null, version=1, deleted=null)](String), 1(Integer), null, PUT(String), 12(Long), {"code":2000,"msg":"修改成功"}(String), 0:0:0:0:0:0:0:1(String)
2020-07-05 13:43:44.673 DEBUG [http-nio-9000-exec-8]com.lzy.blog.mapper.LogMapper.save.debug:159 -<==    Updates: 1
2020-07-05 13:44:49.902 DEBUG [http-nio-9000-exec-2]com.lzy.blog.mapper.LinkMapper.update.debug:159 -==>  Preparing: update bl_link set version = version + 1 where link_id = ? and version = ? 
2020-07-05 13:44:49.904 DEBUG [http-nio-9000-exec-2]com.lzy.blog.mapper.LinkMapper.update.debug:159 -==> Parameters: 1(Integer), 1(Integer)
2020-07-05 13:44:49.907 DEBUG [http-nio-9000-exec-2]com.lzy.blog.mapper.LinkMapper.update.debug:159 -<==    Updates: 0
2020-07-05 13:44:49.912 DEBUG [http-nio-9000-exec-2]com.lzy.blog.mapper.LogMapper.save.debug:159 -==>  Preparing: insert into bl_log ( log_url, log_params, log_status, log_message, log_method, log_time, log_result, log_ip ) values ( ?,?,?,?,?,?, ?,? ) 
2020-07-05 13:44:49.915 DEBUG [http-nio-9000-exec-2]com.lzy.blog.mapper.LogMapper.save.debug:159 -==> Parameters: /link/update(String), [Link(linkId=1, linkName=null, linkUrl=null, createdTime=null, updateTime=null, version=1, deleted=null)](String), 1(Integer), null, PUT(String), 13(Long), {"code":2000,"msg":"修改成功"}(String), 0:0:0:0:0:0:0:1(String)
2020-07-05 13:44:49.975 DEBUG [http-nio-9000-exec-2]com.lzy.blog.mapper.LogMapper.save.debug:159 -<==    Updates: 1
2020-07-05 13:45:00.459 DEBUG [http-nio-9000-exec-1]com.lzy.blog.mapper.LinkMapper.getAll.debug:159 -==>  Preparing: select link_id, link_name, link_url, created_time, update_time from bl_link where deleted = 0 
2020-07-05 13:45:00.460 DEBUG [http-nio-9000-exec-1]com.lzy.blog.mapper.LinkMapper.getAll.debug:159 -==> Parameters: 
2020-07-05 13:45:00.464 DEBUG [http-nio-9000-exec-1]com.lzy.blog.mapper.LinkMapper.getAll.debug:159 -<==      Total: 3
2020-07-05 13:45:00.468 DEBUG [http-nio-9000-exec-1]com.lzy.blog.mapper.LogMapper.save.debug:159 -==>  Preparing: insert into bl_log ( log_url, log_params, log_status, log_message, log_method, log_time, log_result, log_ip ) values ( ?,?,?,?,?,?, ?,? ) 
2020-07-05 13:45:00.470 DEBUG [http-nio-9000-exec-1]com.lzy.blog.mapper.LogMapper.save.debug:159 -==> Parameters: /link/list(String), [](String), 1(Integer), null, GET(String), 11(Long), {"code":2000,"data":[{"createdTime":"2020-07-05 13:28:41.0","linkId":1,"linkName":"百度","linkUrl":"www.bai.com","updateTime":"2020-07-05 13:42:39.0"},{"createdTime":"2020-07-05 13:31:19.0","linkId":2,"linkName":"秋生的小站","linkUrl":"https://zhipeng0908.gitee.io/","updateTime":"2020-07-05 13:31:19.0"},{"createdTime":"2020-07-05 13:34:17.0","linkId":3,"linkName":"鸡哥的博客","linkUrl":"https://me.csdn.net/qq_36403693","updateTime":"2020-07-05 13:34:17.0"}],"msg":"操作成功!"}(String), 0:0:0:0:0:0:0:1(String)
2020-07-05 13:45:00.590 DEBUG [http-nio-9000-exec-1]com.lzy.blog.mapper.LogMapper.save.debug:159 -<==    Updates: 1
2020-07-05 13:49:41.093 DEBUG [main]com.lzy.blog.LzyBlogApplication.logStarting:56 -Running with Spring Boot v2.2.7.RELEASE, Spring v5.2.6.RELEASE
2020-07-05 13:50:06.193 DEBUG [http-nio-9000-exec-2]com.lzy.blog.mapper.AdminMapper.getByUserName.debug:159 -==>  Preparing: select name,header, signature, username, password from bl_admin where username = ? 
2020-07-05 13:50:06.230 DEBUG [http-nio-9000-exec-2]com.lzy.blog.mapper.AdminMapper.getByUserName.debug:159 -==> Parameters: 刘小少(String)
2020-07-05 13:50:06.259 DEBUG [http-nio-9000-exec-2]com.lzy.blog.mapper.AdminMapper.getByUserName.debug:159 -<==      Total: 1
2020-07-05 13:50:06.400 DEBUG [http-nio-9000-exec-2]com.lzy.blog.mapper.LogMapper.save.debug:159 -==>  Preparing: insert into bl_log ( log_url, log_params, log_status, log_message, log_method, log_time, log_result, log_ip ) values ( ?,?,?,?,?,?, ?,? ) 
2020-07-05 13:50:06.407 DEBUG [http-nio-9000-exec-2]com.lzy.blog.mapper.LogMapper.save.debug:159 -==> Parameters: /admin/login(String), [Admin(id=null, name=null, header=null, signature=null, comment=null, username=刘小少, password=e10adc3949ba59abbe56e057f20f883e)](String), 1(Integer), null, POST(String), 152(Long), {"code":2000,"data":{"token":"0136F9D1EE25033D9494029912114CB4"},"msg":"操作成功!"}(String), 0:0:0:0:0:0:0:1(String)
2020-07-05 13:50:06.513 DEBUG [http-nio-9000-exec-2]com.lzy.blog.mapper.LogMapper.save.debug:159 -<==    Updates: 1
2020-07-05 13:51:07.615 DEBUG [http-nio-9000-exec-5]com.lzy.blog.mapper.LinkMapper.update.debug:159 -==>  Preparing: update bl_link set version = version+1 where link_id = ? and version = ? 
2020-07-05 13:51:07.616 DEBUG [http-nio-9000-exec-5]com.lzy.blog.mapper.LinkMapper.update.debug:159 -==> Parameters: 1(Integer), 1(Integer)
2020-07-05 13:51:07.619 DEBUG [http-nio-9000-exec-5]com.lzy.blog.mapper.LinkMapper.update.debug:159 -<==    Updates: 0
2020-07-05 13:51:07.622 DEBUG [http-nio-9000-exec-5]com.lzy.blog.mapper.LogMapper.save.debug:159 -==>  Preparing: insert into bl_log ( log_url, log_params, log_status, log_message, log_method, log_time, log_result, log_ip ) values ( ?,?,?,?,?,?, ?,? ) 
2020-07-05 13:51:07.624 DEBUG [http-nio-9000-exec-5]com.lzy.blog.mapper.LogMapper.save.debug:159 -==> Parameters: /link/update(String), [Link(linkId=1, linkName=null, linkUrl=null, createdTime=null, updateTime=null, version=1, deleted=null)](String), 1(Integer), null, PUT(String), 52(Long), {"code":2000,"msg":"修改成功"}(String), 0:0:0:0:0:0:0:1(String)
2020-07-05 13:51:07.678 DEBUG [http-nio-9000-exec-5]com.lzy.blog.mapper.LogMapper.save.debug:159 -<==    Updates: 1
2020-07-05 13:51:12.546 DEBUG [http-nio-9000-exec-6]com.lzy.blog.mapper.LinkMapper.getAll.debug:159 -==>  Preparing: select link_id, link_name, link_url, created_time, update_time from bl_link where deleted = 0 
2020-07-05 13:51:12.547 DEBUG [http-nio-9000-exec-6]com.lzy.blog.mapper.LinkMapper.getAll.debug:159 -==> Parameters: 
2020-07-05 13:51:12.554 DEBUG [http-nio-9000-exec-6]com.lzy.blog.mapper.LinkMapper.getAll.debug:159 -<==      Total: 3
2020-07-05 13:51:12.571 DEBUG [http-nio-9000-exec-6]com.lzy.blog.mapper.LogMapper.save.debug:159 -==>  Preparing: insert into bl_log ( log_url, log_params, log_status, log_message, log_method, log_time, log_result, log_ip ) values ( ?,?,?,?,?,?, ?,? ) 
2020-07-05 13:51:12.574 DEBUG [http-nio-9000-exec-6]com.lzy.blog.mapper.LogMapper.save.debug:159 -==> Parameters: /link/list(String), [](String), 1(Integer), null, GET(String), 28(Long), {"code":2000,"data":[{"createdTime":"2020-07-05 13:28:41.0","linkId":1,"linkName":"百度","linkUrl":"www.bai.com","updateTime":"2020-07-05 13:42:39.0"},{"createdTime":"2020-07-05 13:31:19.0","linkId":2,"linkName":"秋生的小站","linkUrl":"https://zhipeng0908.gitee.io/","updateTime":"2020-07-05 13:31:19.0"},{"createdTime":"2020-07-05 13:34:17.0","linkId":3,"linkName":"鸡哥的博客","linkUrl":"https://me.csdn.net/qq_36403693","updateTime":"2020-07-05 13:34:17.0"}],"msg":"操作成功!"}(String), 0:0:0:0:0:0:0:1(String)
2020-07-05 13:51:12.615 DEBUG [http-nio-9000-exec-6]com.lzy.blog.mapper.LogMapper.save.debug:159 -<==    Updates: 1
2020-07-05 13:51:51.118 DEBUG [http-nio-9000-exec-7]com.lzy.blog.mapper.LinkMapper.update.debug:159 -==>  Preparing: update bl_link set version = version+1 where link_id = ? and version = ? 
2020-07-05 13:51:51.120 DEBUG [http-nio-9000-exec-7]com.lzy.blog.mapper.LinkMapper.update.debug:159 -==> Parameters: 1(Integer), 1(Integer)
2020-07-05 13:51:51.168 DEBUG [http-nio-9000-exec-7]com.lzy.blog.mapper.LinkMapper.update.debug:159 -<==    Updates: 1
2020-07-05 13:51:51.175 DEBUG [http-nio-9000-exec-7]com.lzy.blog.mapper.LogMapper.save.debug:159 -==>  Preparing: insert into bl_log ( log_url, log_params, log_status, log_message, log_method, log_time, log_result, log_ip ) values ( ?,?,?,?,?,?, ?,? ) 
2020-07-05 13:51:51.179 DEBUG [http-nio-9000-exec-7]com.lzy.blog.mapper.LogMapper.save.debug:159 -==> Parameters: /link/update(String), [Link(linkId=1, linkName=null, linkUrl=null, createdTime=null, updateTime=null, version=1, deleted=null)](String), 1(Integer), null, PUT(String), 58(Long), {"code":2000,"msg":"修改成功"}(String), 0:0:0:0:0:0:0:1(String)
2020-07-05 13:51:51.224 DEBUG [http-nio-9000-exec-7]com.lzy.blog.mapper.LogMapper.save.debug:159 -<==    Updates: 1
2020-07-05 13:51:55.996 DEBUG [http-nio-9000-exec-8]com.lzy.blog.mapper.LinkMapper.getAll.debug:159 -==>  Preparing: select link_id, link_name, link_url, created_time, update_time from bl_link where deleted = 0 
2020-07-05 13:51:55.998 DEBUG [http-nio-9000-exec-8]com.lzy.blog.mapper.LinkMapper.getAll.debug:159 -==> Parameters: 
2020-07-05 13:51:56.001 DEBUG [http-nio-9000-exec-8]com.lzy.blog.mapper.LinkMapper.getAll.debug:159 -<==      Total: 3
2020-07-05 13:51:56.006 DEBUG [http-nio-9000-exec-8]com.lzy.blog.mapper.LogMapper.save.debug:159 -==>  Preparing: insert into bl_log ( log_url, log_params, log_status, log_message, log_method, log_time, log_result, log_ip ) values ( ?,?,?,?,?,?, ?,? ) 
2020-07-05 13:51:56.008 DEBUG [http-nio-9000-exec-8]com.lzy.blog.mapper.LogMapper.save.debug:159 -==> Parameters: /link/list(String), [](String), 1(Integer), null, GET(String), 11(Long), {"code":2000,"data":[{"createdTime":"2020-07-05 13:28:41.0","linkId":1,"linkName":"百度","linkUrl":"www.bai.com","updateTime":"2020-07-05 13:51:51.0"},{"createdTime":"2020-07-05 13:31:19.0","linkId":2,"linkName":"秋生的小站","linkUrl":"https://zhipeng0908.gitee.io/","updateTime":"2020-07-05 13:31:19.0"},{"createdTime":"2020-07-05 13:34:17.0","linkId":3,"linkName":"鸡哥的博客","linkUrl":"https://me.csdn.net/qq_36403693","updateTime":"2020-07-05 13:34:17.0"}],"msg":"操作成功!"}(String), 0:0:0:0:0:0:0:1(String)
2020-07-05 13:51:56.061 DEBUG [http-nio-9000-exec-8]com.lzy.blog.mapper.LogMapper.save.debug:159 -<==    Updates: 1
2020-07-05 13:54:18.095 DEBUG [http-nio-9000-exec-1]com.lzy.blog.mapper.LinkMapper.update.debug:159 -==>  Preparing: update bl_link set version = version+1 ,link_name=? where link_id = ? and version = ? 
2020-07-05 13:54:18.097 DEBUG [http-nio-9000-exec-1]com.lzy.blog.mapper.LinkMapper.update.debug:159 -==> Parameters: 前端(String), 1(Integer), 1(Integer)
2020-07-05 13:54:18.146 DEBUG [http-nio-9000-exec-1]com.lzy.blog.mapper.LinkMapper.update.debug:159 -<==    Updates: 1
2020-07-05 13:54:18.151 DEBUG [http-nio-9000-exec-1]com.lzy.blog.mapper.LogMapper.save.debug:159 -==>  Preparing: insert into bl_log ( log_url, log_params, log_status, log_message, log_method, log_time, log_result, log_ip ) values ( ?,?,?,?,?,?, ?,? ) 
2020-07-05 13:54:18.155 DEBUG [http-nio-9000-exec-1]com.lzy.blog.mapper.LogMapper.save.debug:159 -==> Parameters: /link/update(String), [Link(linkId=1, linkName=前端, linkUrl=null, createdTime=null, updateTime=null, version=1, deleted=null)](String), 1(Integer), null, PUT(String), 58(Long), {"code":2000,"msg":"修改成功"}(String), 0:0:0:0:0:0:0:1(String)
2020-07-05 13:54:18.173 DEBUG [http-nio-9000-exec-1]com.lzy.blog.mapper.LogMapper.save.debug:159 -<==    Updates: 1
2020-07-05 13:54:21.218 DEBUG [http-nio-9000-exec-2]com.lzy.blog.mapper.LinkMapper.getAll.debug:159 -==>  Preparing: select link_id, link_name, link_url, created_time, update_time from bl_link where deleted = 0 
2020-07-05 13:54:21.219 DEBUG [http-nio-9000-exec-2]com.lzy.blog.mapper.LinkMapper.getAll.debug:159 -==> Parameters: 
2020-07-05 13:54:21.225 DEBUG [http-nio-9000-exec-2]com.lzy.blog.mapper.LinkMapper.getAll.debug:159 -<==      Total: 3
2020-07-05 13:54:21.229 DEBUG [http-nio-9000-exec-2]com.lzy.blog.mapper.LogMapper.save.debug:159 -==>  Preparing: insert into bl_log ( log_url, log_params, log_status, log_message, log_method, log_time, log_result, log_ip ) values ( ?,?,?,?,?,?, ?,? ) 
2020-07-05 13:54:21.232 DEBUG [http-nio-9000-exec-2]com.lzy.blog.mapper.LogMapper.save.debug:159 -==> Parameters: /link/list(String), [](String), 1(Integer), null, GET(String), 12(Long), {"code":2000,"data":[{"createdTime":"2020-07-05 13:28:41.0","linkId":1,"linkName":"前端","linkUrl":"www.bai.com","updateTime":"2020-07-05 13:54:18.0"},{"createdTime":"2020-07-05 13:31:19.0","linkId":2,"linkName":"秋生的小站","linkUrl":"https://zhipeng0908.gitee.io/","updateTime":"2020-07-05 13:31:19.0"},{"createdTime":"2020-07-05 13:34:17.0","linkId":3,"linkName":"鸡哥的博客","linkUrl":"https://me.csdn.net/qq_36403693","updateTime":"2020-07-05 13:34:17.0"}],"msg":"操作成功!"}(String), 0:0:0:0:0:0:0:1(String)
2020-07-05 13:54:21.273 DEBUG [http-nio-9000-exec-2]com.lzy.blog.mapper.LogMapper.save.debug:159 -<==    Updates: 1
2020-07-05 13:56:59.603 DEBUG [http-nio-9000-exec-5]com.lzy.blog.mapper.LinkMapper.update.debug:159 -==>  Preparing: update bl_link set version = version+1 ,link_name=? ,link_url = ? where link_id = ? and version = ? 
2020-07-05 13:56:59.605 DEBUG [http-nio-9000-exec-5]com.lzy.blog.mapper.LinkMapper.update.debug:159 -==> Parameters: 百度(String), http://www.baidu.com(String), 1(Integer), 1(Integer)
2020-07-05 13:56:59.607 DEBUG [http-nio-9000-exec-5]com.lzy.blog.mapper.LinkMapper.update.debug:159 -<==    Updates: 0
2020-07-05 13:56:59.612 DEBUG [http-nio-9000-exec-5]com.lzy.blog.mapper.LogMapper.save.debug:159 -==>  Preparing: insert into bl_log ( log_url, log_params, log_status, log_message, log_method, log_time, log_result, log_ip ) values ( ?,?,?,?,?,?, ?,? ) 
2020-07-05 13:56:59.615 DEBUG [http-nio-9000-exec-5]com.lzy.blog.mapper.LogMapper.save.debug:159 -==> Parameters: /link/update(String), [Link(linkId=1, linkName=百度, linkUrl=http://www.baidu.com, createdTime=null, updateTime=null, version=1, deleted=null)](String), 1(Integer), null, PUT(String), 12(Long), {"code":2000,"msg":"修改成功"}(String), 0:0:0:0:0:0:0:1(String)
2020-07-05 13:56:59.656 DEBUG [http-nio-9000-exec-5]com.lzy.blog.mapper.LogMapper.save.debug:159 -<==    Updates: 1
2020-07-05 13:57:02.113 DEBUG [http-nio-9000-exec-6]com.lzy.blog.mapper.LinkMapper.getAll.debug:159 -==>  Preparing: select link_id, link_name, link_url, created_time, update_time from bl_link where deleted = 0 
2020-07-05 13:57:02.115 DEBUG [http-nio-9000-exec-6]com.lzy.blog.mapper.LinkMapper.getAll.debug:159 -==> Parameters: 
2020-07-05 13:57:02.127 DEBUG [http-nio-9000-exec-6]com.lzy.blog.mapper.LinkMapper.getAll.debug:159 -<==      Total: 3
2020-07-05 13:57:02.131 DEBUG [http-nio-9000-exec-6]com.lzy.blog.mapper.LogMapper.save.debug:159 -==>  Preparing: insert into bl_log ( log_url, log_params, log_status, log_message, log_method, log_time, log_result, log_ip ) values ( ?,?,?,?,?,?, ?,? ) 
2020-07-05 13:57:02.132 DEBUG [http-nio-9000-exec-6]com.lzy.blog.mapper.LogMapper.save.debug:159 -==> Parameters: /link/list(String), [](String), 1(Integer), null, GET(String), 21(Long), {"code":2000,"data":[{"createdTime":"2020-07-05 13:28:41.0","linkId":1,"linkName":"前端","linkUrl":"www.bai.com","updateTime":"2020-07-05 13:54:18.0"},{"createdTime":"2020-07-05 13:31:19.0","linkId":2,"linkName":"秋生的小站","linkUrl":"https://zhipeng0908.gitee.io/","updateTime":"2020-07-05 13:31:19.0"},{"createdTime":"2020-07-05 13:34:17.0","linkId":3,"linkName":"鸡哥的博客","linkUrl":"https://me.csdn.net/qq_36403693","updateTime":"2020-07-05 13:34:17.0"}],"msg":"操作成功!"}(String), 0:0:0:0:0:0:0:1(String)
2020-07-05 13:57:02.176 DEBUG [http-nio-9000-exec-6]com.lzy.blog.mapper.LogMapper.save.debug:159 -<==    Updates: 1
2020-07-05 13:57:22.727 DEBUG [http-nio-9000-exec-7]com.lzy.blog.mapper.LinkMapper.update.debug:159 -==>  Preparing: update bl_link set version = version+1 ,link_name=? ,link_url = ? where link_id = ? and version = ? 
2020-07-05 13:57:22.729 DEBUG [http-nio-9000-exec-7]com.lzy.blog.mapper.LinkMapper.update.debug:159 -==> Parameters: 百度(String), http://www.baidu.com(String), 1(Integer), 1(Integer)
2020-07-05 13:57:22.788 DEBUG [http-nio-9000-exec-7]com.lzy.blog.mapper.LinkMapper.update.debug:159 -<==    Updates: 1
2020-07-05 13:57:22.794 DEBUG [http-nio-9000-exec-7]com.lzy.blog.mapper.LogMapper.save.debug:159 -==>  Preparing: insert into bl_log ( log_url, log_params, log_status, log_message, log_method, log_time, log_result, log_ip ) values ( ?,?,?,?,?,?, ?,? ) 
2020-07-05 13:57:22.797 DEBUG [http-nio-9000-exec-7]com.lzy.blog.mapper.LogMapper.save.debug:159 -==> Parameters: /link/update(String), [Link(linkId=1, linkName=百度, linkUrl=http://www.baidu.com, createdTime=null, updateTime=null, version=1, deleted=null)](String), 1(Integer), null, PUT(String), 74(Long), {"code":2000,"msg":"修改成功"}(String), 0:0:0:0:0:0:0:1(String)
2020-07-05 13:57:22.817 DEBUG [http-nio-9000-exec-7]com.lzy.blog.mapper.LogMapper.save.debug:159 -<==    Updates: 1
2020-07-05 13:57:25.041 DEBUG [http-nio-9000-exec-8]com.lzy.blog.mapper.LinkMapper.getAll.debug:159 -==>  Preparing: select link_id, link_name, link_url, created_time, update_time from bl_link where deleted = 0 
2020-07-05 13:57:25.043 DEBUG [http-nio-9000-exec-8]com.lzy.blog.mapper.LinkMapper.getAll.debug:159 -==> Parameters: 
2020-07-05 13:57:25.047 DEBUG [http-nio-9000-exec-8]com.lzy.blog.mapper.LinkMapper.getAll.debug:159 -<==      Total: 3
2020-07-05 13:57:25.051 DEBUG [http-nio-9000-exec-8]com.lzy.blog.mapper.LogMapper.save.debug:159 -==>  Preparing: insert into bl_log ( log_url, log_params, log_status, log_message, log_method, log_time, log_result, log_ip ) values ( ?,?,?,?,?,?, ?,? ) 
2020-07-05 13:57:25.053 DEBUG [http-nio-9000-exec-8]com.lzy.blog.mapper.LogMapper.save.debug:159 -==> Parameters: /link/list(String), [](String), 1(Integer), null, GET(String), 11(Long), {"code":2000,"data":[{"createdTime":"2020-07-05 13:28:41.0","linkId":1,"linkName":"百度","linkUrl":"http://www.baidu.com","updateTime":"2020-07-05 13:57:22.0"},{"createdTime":"2020-07-05 13:31:19.0","linkId":2,"linkName":"秋生的小站","linkUrl":"https://zhipeng0908.gitee.io/","updateTime":"2020-07-05 13:31:19.0"},{"createdTime":"2020-07-05 13:34:17.0","linkId":3,"linkName":"鸡哥的博客","linkUrl":"https://me.csdn.net/qq_36403693","updateTime":"2020-07-05 13:34:17.0"}],"msg":"操作成功!"}(String), 0:0:0:0:0:0:0:1(String)
2020-07-05 13:57:25.094 DEBUG [http-nio-9000-exec-8]com.lzy.blog.mapper.LogMapper.save.debug:159 -<==    Updates: 1
2020-07-05 14:03:29.675 DEBUG [main]com.lzy.blog.LzyBlogApplication.logStarting:56 -Running with Spring Boot v2.2.7.RELEASE, Spring v5.2.6.RELEASE
2020-07-05 14:04:01.268 DEBUG [http-nio-9000-exec-4]com.lzy.blog.mapper.AdminMapper.getByUserName.debug:159 -==>  Preparing: select name,header, signature, username, password from bl_admin where username = ? 
2020-07-05 14:04:01.301 DEBUG [http-nio-9000-exec-4]com.lzy.blog.mapper.AdminMapper.getByUserName.debug:159 -==> Parameters: 刘小少(String)
2020-07-05 14:04:01.331 DEBUG [http-nio-9000-exec-4]com.lzy.blog.mapper.AdminMapper.getByUserName.debug:159 -<==      Total: 1
2020-07-05 14:04:01.451 DEBUG [http-nio-9000-exec-4]com.lzy.blog.mapper.LogMapper.save.debug:159 -==>  Preparing: insert into bl_log ( log_url, log_params, log_status, log_message, log_method, log_time, log_result, log_ip ) values ( ?,?,?,?,?,?, ?,? ) 
2020-07-05 14:04:01.458 DEBUG [http-nio-9000-exec-4]com.lzy.blog.mapper.LogMapper.save.debug:159 -==> Parameters: /admin/login(String), [Admin(id=null, name=null, header=null, signature=null, comment=null, username=刘小少, password=e10adc3949ba59abbe56e057f20f883e)](String), 1(Integer), null, POST(String), 126(Long), {"code":2000,"data":{"token":"692F9A265C917CAA9450D1B6B9EA2FB4"},"msg":"操作成功!"}(String), 0:0:0:0:0:0:0:1(String)
2020-07-05 14:04:01.507 DEBUG [http-nio-9000-exec-4]com.lzy.blog.mapper.LogMapper.save.debug:159 -<==    Updates: 1
2020-07-05 14:04:25.278 DEBUG [http-nio-9000-exec-7]com.lzy.blog.mapper.LinkMapper.getAll.debug:159 -==>  Preparing: select link_id, link_name, link_url, created_time, update_time from bl_link where deleted = 0 
2020-07-05 14:04:25.280 DEBUG [http-nio-9000-exec-7]com.lzy.blog.mapper.LinkMapper.getAll.debug:159 -==> Parameters: 
2020-07-05 14:04:25.285 DEBUG [http-nio-9000-exec-7]com.lzy.blog.mapper.LinkMapper.getAll.debug:159 -<==      Total: 3
2020-07-05 14:04:25.298 DEBUG [http-nio-9000-exec-7]com.lzy.blog.mapper.LogMapper.save.debug:159 -==>  Preparing: insert into bl_log ( log_url, log_params, log_status, log_message, log_method, log_time, log_result, log_ip ) values ( ?,?,?,?,?,?, ?,? ) 
2020-07-05 14:04:25.301 DEBUG [http-nio-9000-exec-7]com.lzy.blog.mapper.LogMapper.save.debug:159 -==> Parameters: /link/list(String), [](String), 1(Integer), null, GET(String), 33(Long), {"code":2000,"data":[{"createdTime":"2020-07-05 13:28:41.0","linkId":1,"linkName":"百度","linkUrl":"http://www.baidu.com","updateTime":"2020-07-05 13:57:22.0"},{"createdTime":"2020-07-05 13:31:19.0","linkId":2,"linkName":"秋生的小站","linkUrl":"https://zhipeng0908.gitee.io/","updateTime":"2020-07-05 13:31:19.0"},{"createdTime":"2020-07-05 13:34:17.0","linkId":3,"linkName":"鸡哥的博客","linkUrl":"https://me.csdn.net/qq_36403693","updateTime":"2020-07-05 13:34:17.0"}],"msg":"操作成功!"}(String), 0:0:0:0:0:0:0:1(String)
2020-07-05 14:04:25.355 DEBUG [http-nio-9000-exec-7]com.lzy.blog.mapper.LogMapper.save.debug:159 -<==    Updates: 1
2020-07-05 14:04:51.965 DEBUG [http-nio-9000-exec-6]com.lzy.blog.mapper.LinkMapper.getById.debug:159 -==>  Preparing: select link_id,link_name,link_url,version from bl_link where link_id = ? and deleted = 0 
2020-07-05 14:04:51.967 DEBUG [http-nio-9000-exec-6]com.lzy.blog.mapper.LinkMapper.getById.debug:159 -==> Parameters: 1(Integer)
2020-07-05 14:04:51.969 DEBUG [http-nio-9000-exec-6]com.lzy.blog.mapper.LinkMapper.getById.debug:159 -<==      Total: 1
2020-07-05 14:04:51.973 DEBUG [http-nio-9000-exec-6]com.lzy.blog.mapper.LogMapper.save.debug:159 -==>  Preparing: insert into bl_log ( log_url, log_params, log_status, log_message, log_method, log_time, log_result, log_ip ) values ( ?,?,?,?,?,?, ?,? ) 
2020-07-05 14:04:51.976 DEBUG [http-nio-9000-exec-6]com.lzy.blog.mapper.LogMapper.save.debug:159 -==> Parameters: /link/get/1(String), [1](String), 1(Integer), null, GET(String), 12(Long), {"code":2000,"data":{"linkId":1,"linkName":"百度","linkUrl":"http://www.baidu.com","version":2},"msg":"操作成功!"}(String), 0:0:0:0:0:0:0:1(String)
2020-07-05 14:04:52.063 DEBUG [http-nio-9000-exec-6]com.lzy.blog.mapper.LogMapper.save.debug:159 -<==    Updates: 1
2020-07-05 22:27:59.411 DEBUG [main]com.lzy.blog.LzyBlogApplication.logStarting:56 -Running with Spring Boot v2.2.7.RELEASE, Spring v5.2.6.RELEASE
2020-07-05 22:28:27.581 DEBUG [http-nio-9000-exec-1]com.lzy.blog.mapper.AdminMapper.getByUserName.debug:159 -==>  Preparing: select name,header, signature, username, password from bl_admin where username = ? 
2020-07-05 22:28:27.630 DEBUG [http-nio-9000-exec-1]com.lzy.blog.mapper.AdminMapper.getByUserName.debug:159 -==> Parameters: 刘小少(String)
2020-07-05 22:28:27.999 DEBUG [http-nio-9000-exec-1]com.lzy.blog.mapper.AdminMapper.getByUserName.debug:159 -<==      Total: 1
2020-07-05 22:28:28.234 DEBUG [http-nio-9000-exec-1]com.lzy.blog.mapper.LogMapper.save.debug:159 -==>  Preparing: insert into bl_log ( log_url, log_params, log_status, log_message, log_method, log_time, log_result, log_ip ) values ( ?,?,?,?,?,?, ?,? ) 
2020-07-05 22:28:28.239 DEBUG [http-nio-9000-exec-1]com.lzy.blog.mapper.LogMapper.save.debug:159 -==> Parameters: /admin/login(String), [Admin(id=null, name=null, header=null, signature=null, comment=null, username=刘小少, password=e10adc3949ba59abbe56e057f20f883e)](String), 1(Integer), null, POST(String), 592(Long), {"code":2000,"data":{"token":"1161163E8937CE50DE2E8D62C9696BCA"},"msg":"操作成功!"}(String), 0:0:0:0:0:0:0:1(String)
2020-07-05 22:28:28.445 DEBUG [http-nio-9000-exec-1]com.lzy.blog.mapper.LogMapper.save.debug:159 -<==    Updates: 1
2020-07-05 22:32:01.191 DEBUG [http-nio-9000-exec-7]com.lzy.blog.mapper.AdminMapper.update.debug:159 -==>  Preparing: update bl_admin SET signature = ? where id = ? 
2020-07-05 22:32:01.193 DEBUG [http-nio-9000-exec-7]com.lzy.blog.mapper.AdminMapper.update.debug:159 -==> Parameters: 一动可搬山，可倒海!!!(String), 1(Integer)
2020-07-05 22:32:01.560 DEBUG [http-nio-9000-exec-7]com.lzy.blog.mapper.AdminMapper.update.debug:159 -<==    Updates: 1
2020-07-05 22:32:01.578 DEBUG [http-nio-9000-exec-7]com.lzy.blog.mapper.LogMapper.save.debug:159 -==>  Preparing: insert into bl_log ( log_url, log_params, log_status, log_message, log_method, log_time, log_result, log_ip ) values ( ?,?,?,?,?,?, ?,? ) 
2020-07-05 22:32:01.583 DEBUG [http-nio-9000-exec-7]com.lzy.blog.mapper.LogMapper.save.debug:159 -==> Parameters: /admin/updateInfo(String), [Admin(id=1, name=null, header=null, signature=一动可搬山，可倒海!!!, comment=null, username=null, password=null)](String), 1(Integer), null, PUT(String), 429(Long), {"code":2000,"msg":"更新成功！"}(String), 0:0:0:0:0:0:0:1(String)
2020-07-05 22:32:01.666 DEBUG [http-nio-9000-exec-7]com.lzy.blog.mapper.LogMapper.save.debug:159 -<==    Updates: 1
2020-07-05 22:33:38.135 DEBUG [http-nio-9000-exec-2]com.lzy.blog.mapper.AdminMapper.getAdmin.debug:159 -==>  Preparing: select id, name, header, signature, comment, username from bl_admin limit 1 
2020-07-05 22:33:38.136 DEBUG [http-nio-9000-exec-2]com.lzy.blog.mapper.AdminMapper.getAdmin.debug:159 -==> Parameters: 
2020-07-05 22:33:38.140 DEBUG [http-nio-9000-exec-2]com.lzy.blog.mapper.AdminMapper.getAdmin.debug:159 -<==      Total: 1
2020-07-05 22:33:38.155 DEBUG [http-nio-9000-exec-2]com.lzy.blog.mapper.LogMapper.save.debug:159 -==>  Preparing: insert into bl_log ( log_url, log_params, log_status, log_message, log_method, log_time, log_result, log_ip ) values ( ?,?,?,?,?,?, ?,? ) 
2020-07-05 22:33:38.158 DEBUG [http-nio-9000-exec-2]com.lzy.blog.mapper.LogMapper.save.debug:159 -==> Parameters: /admin/getAdmin(String), [](String), 1(Integer), null, GET(String), 17(Long), {"code":2000,"data":{"comment":"我是java劝退师","id":1,"name":"刘哥","signature":"一动可搬山，可倒海!!!","username":"刘小少"},"msg":"操作成功!"}(String), 0:0:0:0:0:0:0:1(String)
2020-07-05 22:33:38.219 DEBUG [http-nio-9000-exec-2]com.lzy.blog.mapper.LogMapper.save.debug:159 -<==    Updates: 1
