2020-07-05 12:41:08.152 INFO  [main]com.lzy.blog.LzyBlogApplication.logStarting:55 -Starting LzyBlogApplication on ICOS-20170907XR with PID 7152 (F:\springboot\lzy_blog\target\classes started by Administrator in F:\springboot\lzy_blog)
2020-07-05 12:41:08.194 INFO  [main]com.lzy.blog.LzyBlogApplication.logStartupProfileInfo:651 -No active profile set, falling back to default profiles: default
2020-07-05 12:41:12.268 INFO  [main]o.s.c.s.PostProcessorRegistrationDelegate$BeanPostProcessorChecker.postProcessAfterInitialization:335 -Bean 'shiroConfig' of type [com.lzy.blog.config.ShiroConfig$$EnhancerBySpringCGLIB$$68b8bc8f] is not eligible for getting processed by all BeanPostProcessors (for example: not eligible for auto-proxying)
2020-07-05 12:41:12.391 INFO  [main]o.s.c.s.PostProcessorRegistrationDelegate$BeanPostProcessorChecker.postProcessAfterInitialization:335 -Bean 'mybatis-org.mybatis.spring.boot.autoconfigure.MybatisProperties' of type [org.mybatis.spring.boot.autoconfigure.MybatisProperties] is not eligible for getting processed by all BeanPostProcessors (for example: not eligible for auto-proxying)
2020-07-05 12:41:12.415 INFO  [main]o.s.c.s.PostProcessorRegistrationDelegate$BeanPostProcessorChecker.postProcessAfterInitialization:335 -Bean 'org.mybatis.spring.boot.autoconfigure.MybatisAutoConfiguration' of type [org.mybatis.spring.boot.autoconfigure.MybatisAutoConfiguration$$EnhancerBySpringCGLIB$$7a665297] is not eligible for getting processed by all BeanPostProcessors (for example: not eligible for auto-proxying)
2020-07-05 12:41:12.425 INFO  [main]o.s.c.s.PostProcessorRegistrationDelegate$BeanPostProcessorChecker.postProcessAfterInitialization:335 -Bean 'com.alibaba.druid.spring.boot.autoconfigure.DruidDataSourceAutoConfigure' of type [com.alibaba.druid.spring.boot.autoconfigure.DruidDataSourceAutoConfigure$$EnhancerBySpringCGLIB$$613df6d9] is not eligible for getting processed by all BeanPostProcessors (for example: not eligible for auto-proxying)
2020-07-05 12:41:12.431 INFO  [main]c.a.d.s.boot.autoconfigure.DruidDataSourceAutoConfigure.dataSource:56 -Init DruidDataSource
2020-07-05 12:41:12.827 INFO  [main]o.s.c.s.PostProcessorRegistrationDelegate$BeanPostProcessorChecker.postProcessAfterInitialization:335 -Bean 'spring.datasource-org.springframework.boot.autoconfigure.jdbc.DataSourceProperties' of type [org.springframework.boot.autoconfigure.jdbc.DataSourceProperties] is not eligible for getting processed by all BeanPostProcessors (for example: not eligible for auto-proxying)
2020-07-05 12:41:12.934 INFO  [main]o.s.c.s.PostProcessorRegistrationDelegate$BeanPostProcessorChecker.postProcessAfterInitialization:335 -Bean 'com.alibaba.druid.spring.boot.autoconfigure.stat.DruidFilterConfiguration' of type [com.alibaba.druid.spring.boot.autoconfigure.stat.DruidFilterConfiguration] is not eligible for getting processed by all BeanPostProcessors (for example: not eligible for auto-proxying)
2020-07-05 12:41:13.073 INFO  [main]o.s.c.s.PostProcessorRegistrationDelegate$BeanPostProcessorChecker.postProcessAfterInitialization:335 -Bean 'statFilter' of type [com.alibaba.druid.filter.stat.StatFilter] is not eligible for getting processed by all BeanPostProcessors (for example: not eligible for auto-proxying)
2020-07-05 12:41:14.766 INFO  [main]com.alibaba.druid.pool.DruidDataSource.init:930 -{dataSource-1} inited
2020-07-05 12:41:14.770 INFO  [main]o.s.c.s.PostProcessorRegistrationDelegate$BeanPostProcessorChecker.postProcessAfterInitialization:335 -Bean 'dataSource' of type [com.alibaba.druid.spring.boot.autoconfigure.DruidDataSourceWrapper] is not eligible for getting processed by all BeanPostProcessors (for example: not eligible for auto-proxying)
2020-07-05 12:41:14.984 INFO  [main]o.s.c.s.PostProcessorRegistrationDelegate$BeanPostProcessorChecker.postProcessAfterInitialization:335 -Bean 'org.springframework.boot.autoconfigure.jdbc.DataSourceInitializerInvoker' of type [org.springframework.boot.autoconfigure.jdbc.DataSourceInitializerInvoker] is not eligible for getting processed by all BeanPostProcessors (for example: not eligible for auto-proxying)
2020-07-05 12:41:16.202 INFO  [main]o.s.c.s.PostProcessorRegistrationDelegate$BeanPostProcessorChecker.postProcessAfterInitialization:335 -Bean 'sqlSessionFactory' of type [org.apache.ibatis.session.defaults.DefaultSqlSessionFactory] is not eligible for getting processed by all BeanPostProcessors (for example: not eligible for auto-proxying)
2020-07-05 12:41:16.214 INFO  [main]o.s.c.s.PostProcessorRegistrationDelegate$BeanPostProcessorChecker.postProcessAfterInitialization:335 -Bean 'sqlSessionTemplate' of type [org.mybatis.spring.SqlSessionTemplate] is not eligible for getting processed by all BeanPostProcessors (for example: not eligible for auto-proxying)
2020-07-05 12:41:16.242 INFO  [main]o.s.c.s.PostProcessorRegistrationDelegate$BeanPostProcessorChecker.postProcessAfterInitialization:335 -Bean 'adminMapper' of type [org.mybatis.spring.mapper.MapperFactoryBean] is not eligible for getting processed by all BeanPostProcessors (for example: not eligible for auto-proxying)
2020-07-05 12:41:16.256 INFO  [main]o.s.c.s.PostProcessorRegistrationDelegate$BeanPostProcessorChecker.postProcessAfterInitialization:335 -Bean 'adminMapper' of type [com.sun.proxy.$Proxy71] is not eligible for getting processed by all BeanPostProcessors (for example: not eligible for auto-proxying)
2020-07-05 12:41:16.264 INFO  [main]o.s.c.s.PostProcessorRegistrationDelegate$BeanPostProcessorChecker.postProcessAfterInitialization:335 -Bean 'adminServiceImpl' of type [com.lzy.blog.service.impl.AdminServiceImpl] is not eligible for getting processed by all BeanPostProcessors (for example: not eligible for auto-proxying)
2020-07-05 12:41:16.267 INFO  [main]o.s.c.s.PostProcessorRegistrationDelegate$BeanPostProcessorChecker.postProcessAfterInitialization:335 -Bean 'adminRealm' of type [com.lzy.blog.realm.AdminRealm] is not eligible for getting processed by all BeanPostProcessors (for example: not eligible for auto-proxying)
2020-07-05 12:41:18.265 INFO  [main]o.s.c.s.PostProcessorRegistrationDelegate$BeanPostProcessorChecker.postProcessAfterInitialization:335 -Bean 'securityManager' of type [org.apache.shiro.web.mgt.DefaultWebSecurityManager] is not eligible for getting processed by all BeanPostProcessors (for example: not eligible for auto-proxying)
2020-07-05 12:41:18.315 INFO  [main]o.s.c.s.PostProcessorRegistrationDelegate$BeanPostProcessorChecker.postProcessAfterInitialization:335 -Bean 'authorizationAttributeSourceAdvisor' of type [org.apache.shiro.spring.security.interceptor.AuthorizationAttributeSourceAdvisor] is not eligible for getting processed by all BeanPostProcessors (for example: not eligible for auto-proxying)
2020-07-05 12:41:19.130 INFO  [main]o.s.boot.web.embedded.tomcat.TomcatWebServer.initialize:91 -Tomcat initialized with port(s): 9000 (http)
2020-07-05 12:41:19.178 INFO  [main]org.apache.coyote.http11.Http11NioProtocol.log:173 -Initializing ProtocolHandler ["http-nio-9000"]
2020-07-05 12:41:19.181 INFO  [main]org.apache.catalina.core.StandardService.log:173 -Starting service [Tomcat]
2020-07-05 12:41:19.183 INFO  [main]org.apache.catalina.core.StandardEngine.log:173 -Starting Servlet engine: [Apache Tomcat/9.0.34]
2020-07-05 12:41:19.572 INFO  [main]o.a.catalina.core.ContainerBase.[Tomcat].[localhost].[/].log:173 -Initializing Spring embedded WebApplicationContext
2020-07-05 12:41:19.573 INFO  [main]org.springframework.web.context.ContextLoader.prepareWebApplicationContext:284 -Root WebApplicationContext: initialization completed in 11230 ms
2020-07-05 12:41:25.089 INFO  [main]org.apache.coyote.http11.Http11NioProtocol.log:173 -Starting ProtocolHandler ["http-nio-9000"]
2020-07-05 12:41:25.403 INFO  [main]o.s.boot.web.embedded.tomcat.TomcatWebServer.start:203 -Tomcat started on port(s): 9000 (http) with context path ''
2020-07-05 12:41:25.411 INFO  [main]com.lzy.blog.LzyBlogApplication.logStarted:61 -Started LzyBlogApplication in 23.917 seconds (JVM running for 41.342)
2020-07-05 12:41:40.156 INFO  [http-nio-9000-exec-2]o.a.catalina.core.ContainerBase.[Tomcat].[localhost].[/].log:173 -Initializing Spring DispatcherServlet 'dispatcherServlet'
2020-07-05 12:41:40.159 INFO  [http-nio-9000-exec-2]org.springframework.web.servlet.DispatcherServlet.initServletBean:525 -Initializing Servlet 'dispatcherServlet'
2020-07-05 12:41:40.191 INFO  [http-nio-9000-exec-2]org.springframework.web.servlet.DispatcherServlet.initServletBean:547 -Completed initialization in 32 ms
2020-07-05 12:41:40.668 INFO  [http-nio-9000-exec-2]com.lzy.blog.aspect.RequestAspect.printRequestLog:122 -请求地址 : /admin/login
2020-07-05 12:41:40.673 INFO  [http-nio-9000-exec-2]com.lzy.blog.aspect.RequestAspect.printRequestLog:123 -请求方式 : POST
2020-07-05 12:41:40.680 INFO  [http-nio-9000-exec-2]com.lzy.blog.aspect.RequestAspect.printRequestLog:126 -IP : 0:0:0:0:0:0:0:1
2020-07-05 12:41:40.684 INFO  [http-nio-9000-exec-2]com.lzy.blog.aspect.RequestAspect.printRequestLog:128 -方法 : com.lzy.blog.controller.AdminController.login
2020-07-05 12:41:40.685 INFO  [http-nio-9000-exec-2]com.lzy.blog.aspect.RequestAspect.printRequestLog:130 -请求参数：[Admin(id=null, name=null, header=null, signature=null, comment=null, username=刘小少, password=e10adc3949ba59abbe56e057f20f883e)]
2020-07-05 12:41:41.133 INFO  [http-nio-9000-exec-2]com.lzy.blog.aspect.RequestAspect.doAround:74 -耗时 : 466
2020-07-05 12:41:41.503 INFO  [http-nio-9000-exec-2]com.lzy.blog.aspect.RequestAspect.doAfterReturning:89 -返回值：{"code":2000,"data":{"token":"16F9DD4C375CC674D72DE7D30B5C0D58"},"msg":"操作成功!"}
2020-07-05 12:43:48.342 INFO  [http-nio-9000-exec-5]com.lzy.blog.aspect.RequestAspect.printRequestLog:122 -请求地址 : /type/listBack
2020-07-05 12:43:48.343 INFO  [http-nio-9000-exec-5]com.lzy.blog.aspect.RequestAspect.printRequestLog:123 -请求方式 : GET
2020-07-05 12:43:48.345 INFO  [http-nio-9000-exec-5]com.lzy.blog.aspect.RequestAspect.printRequestLog:126 -IP : 0:0:0:0:0:0:0:1
2020-07-05 12:43:48.346 INFO  [http-nio-9000-exec-5]com.lzy.blog.aspect.RequestAspect.printRequestLog:128 -方法 : com.lzy.blog.controller.TypeController.list
2020-07-05 12:43:48.347 INFO  [http-nio-9000-exec-5]com.lzy.blog.aspect.RequestAspect.printRequestLog:130 -请求参数：[]
2020-07-05 12:43:48.370 INFO  [http-nio-9000-exec-5]com.lzy.blog.aspect.RequestAspect.doAround:74 -耗时 : 28
2020-07-05 12:43:48.384 INFO  [http-nio-9000-exec-5]com.lzy.blog.aspect.RequestAspect.doAfterReturning:89 -返回值：{"code":2000,"data":[{"enable":1,"typeBlogCount":0,"typeId":1,"typeName":"java"},{"enable":1,"typeBlogCount":0,"typeId":2,"typeName":"linux"},{"enable":1,"typeBlogCount":0,"typeId":3,"typeName":"前端"}],"msg":"操作成功!"}
2020-07-05 13:24:12.868 INFO  [main]com.lzy.blog.LzyBlogApplication.logStarting:55 -Starting LzyBlogApplication on ICOS-20170907XR with PID 8204 (F:\springboot\lzy_blog\target\classes started by Administrator in F:\springboot\lzy_blog)
2020-07-05 13:24:12.880 INFO  [main]com.lzy.blog.LzyBlogApplication.logStartupProfileInfo:651 -No active profile set, falling back to default profiles: default
2020-07-05 13:24:14.891 INFO  [main]o.s.c.s.PostProcessorRegistrationDelegate$BeanPostProcessorChecker.postProcessAfterInitialization:335 -Bean 'shiroConfig' of type [com.lzy.blog.config.ShiroConfig$$EnhancerBySpringCGLIB$$6173ee35] is not eligible for getting processed by all BeanPostProcessors (for example: not eligible for auto-proxying)
2020-07-05 13:24:14.964 INFO  [main]o.s.c.s.PostProcessorRegistrationDelegate$BeanPostProcessorChecker.postProcessAfterInitialization:335 -Bean 'mybatis-org.mybatis.spring.boot.autoconfigure.MybatisProperties' of type [org.mybatis.spring.boot.autoconfigure.MybatisProperties] is not eligible for getting processed by all BeanPostProcessors (for example: not eligible for auto-proxying)
2020-07-05 13:24:14.991 INFO  [main]o.s.c.s.PostProcessorRegistrationDelegate$BeanPostProcessorChecker.postProcessAfterInitialization:335 -Bean 'org.mybatis.spring.boot.autoconfigure.MybatisAutoConfiguration' of type [org.mybatis.spring.boot.autoconfigure.MybatisAutoConfiguration$$EnhancerBySpringCGLIB$$7321843d] is not eligible for getting processed by all BeanPostProcessors (for example: not eligible for auto-proxying)
2020-07-05 13:24:14.999 INFO  [main]o.s.c.s.PostProcessorRegistrationDelegate$BeanPostProcessorChecker.postProcessAfterInitialization:335 -Bean 'com.alibaba.druid.spring.boot.autoconfigure.DruidDataSourceAutoConfigure' of type [com.alibaba.druid.spring.boot.autoconfigure.DruidDataSourceAutoConfigure$$EnhancerBySpringCGLIB$$59f9287f] is not eligible for getting processed by all BeanPostProcessors (for example: not eligible for auto-proxying)
2020-07-05 13:24:15.007 INFO  [main]c.a.d.s.boot.autoconfigure.DruidDataSourceAutoConfigure.dataSource:56 -Init DruidDataSource
2020-07-05 13:24:15.092 INFO  [main]o.s.c.s.PostProcessorRegistrationDelegate$BeanPostProcessorChecker.postProcessAfterInitialization:335 -Bean 'spring.datasource-org.springframework.boot.autoconfigure.jdbc.DataSourceProperties' of type [org.springframework.boot.autoconfigure.jdbc.DataSourceProperties] is not eligible for getting processed by all BeanPostProcessors (for example: not eligible for auto-proxying)
2020-07-05 13:24:15.128 INFO  [main]o.s.c.s.PostProcessorRegistrationDelegate$BeanPostProcessorChecker.postProcessAfterInitialization:335 -Bean 'com.alibaba.druid.spring.boot.autoconfigure.stat.DruidFilterConfiguration' of type [com.alibaba.druid.spring.boot.autoconfigure.stat.DruidFilterConfiguration] is not eligible for getting processed by all BeanPostProcessors (for example: not eligible for auto-proxying)
2020-07-05 13:24:15.169 INFO  [main]o.s.c.s.PostProcessorRegistrationDelegate$BeanPostProcessorChecker.postProcessAfterInitialization:335 -Bean 'statFilter' of type [com.alibaba.druid.filter.stat.StatFilter] is not eligible for getting processed by all BeanPostProcessors (for example: not eligible for auto-proxying)
2020-07-05 13:24:15.871 INFO  [main]com.alibaba.druid.pool.DruidDataSource.init:930 -{dataSource-1} inited
2020-07-05 13:24:15.872 INFO  [main]o.s.c.s.PostProcessorRegistrationDelegate$BeanPostProcessorChecker.postProcessAfterInitialization:335 -Bean 'dataSource' of type [com.alibaba.druid.spring.boot.autoconfigure.DruidDataSourceWrapper] is not eligible for getting processed by all BeanPostProcessors (for example: not eligible for auto-proxying)
2020-07-05 13:24:16.017 INFO  [main]o.s.c.s.PostProcessorRegistrationDelegate$BeanPostProcessorChecker.postProcessAfterInitialization:335 -Bean 'org.springframework.boot.autoconfigure.jdbc.DataSourceInitializerInvoker' of type [org.springframework.boot.autoconfigure.jdbc.DataSourceInitializerInvoker] is not eligible for getting processed by all BeanPostProcessors (for example: not eligible for auto-proxying)
2020-07-05 13:24:16.527 INFO  [main]o.s.c.s.PostProcessorRegistrationDelegate$BeanPostProcessorChecker.postProcessAfterInitialization:335 -Bean 'sqlSessionFactory' of type [org.apache.ibatis.session.defaults.DefaultSqlSessionFactory] is not eligible for getting processed by all BeanPostProcessors (for example: not eligible for auto-proxying)
2020-07-05 13:24:16.537 INFO  [main]o.s.c.s.PostProcessorRegistrationDelegate$BeanPostProcessorChecker.postProcessAfterInitialization:335 -Bean 'sqlSessionTemplate' of type [org.mybatis.spring.SqlSessionTemplate] is not eligible for getting processed by all BeanPostProcessors (for example: not eligible for auto-proxying)
2020-07-05 13:24:16.551 INFO  [main]o.s.c.s.PostProcessorRegistrationDelegate$BeanPostProcessorChecker.postProcessAfterInitialization:335 -Bean 'adminMapper' of type [org.mybatis.spring.mapper.MapperFactoryBean] is not eligible for getting processed by all BeanPostProcessors (for example: not eligible for auto-proxying)
2020-07-05 13:24:16.557 INFO  [main]o.s.c.s.PostProcessorRegistrationDelegate$BeanPostProcessorChecker.postProcessAfterInitialization:335 -Bean 'adminMapper' of type [com.sun.proxy.$Proxy71] is not eligible for getting processed by all BeanPostProcessors (for example: not eligible for auto-proxying)
2020-07-05 13:24:16.559 INFO  [main]o.s.c.s.PostProcessorRegistrationDelegate$BeanPostProcessorChecker.postProcessAfterInitialization:335 -Bean 'adminServiceImpl' of type [com.lzy.blog.service.impl.AdminServiceImpl] is not eligible for getting processed by all BeanPostProcessors (for example: not eligible for auto-proxying)
2020-07-05 13:24:16.561 INFO  [main]o.s.c.s.PostProcessorRegistrationDelegate$BeanPostProcessorChecker.postProcessAfterInitialization:335 -Bean 'adminRealm' of type [com.lzy.blog.realm.AdminRealm] is not eligible for getting processed by all BeanPostProcessors (for example: not eligible for auto-proxying)
2020-07-05 13:24:17.620 INFO  [main]o.s.c.s.PostProcessorRegistrationDelegate$BeanPostProcessorChecker.postProcessAfterInitialization:335 -Bean 'securityManager' of type [org.apache.shiro.web.mgt.DefaultWebSecurityManager] is not eligible for getting processed by all BeanPostProcessors (for example: not eligible for auto-proxying)
2020-07-05 13:24:17.668 INFO  [main]o.s.c.s.PostProcessorRegistrationDelegate$BeanPostProcessorChecker.postProcessAfterInitialization:335 -Bean 'authorizationAttributeSourceAdvisor' of type [org.apache.shiro.spring.security.interceptor.AuthorizationAttributeSourceAdvisor] is not eligible for getting processed by all BeanPostProcessors (for example: not eligible for auto-proxying)
2020-07-05 13:24:18.118 INFO  [main]o.s.boot.web.embedded.tomcat.TomcatWebServer.initialize:91 -Tomcat initialized with port(s): 9000 (http)
2020-07-05 13:24:18.130 INFO  [main]org.apache.coyote.http11.Http11NioProtocol.log:173 -Initializing ProtocolHandler ["http-nio-9000"]
2020-07-05 13:24:18.132 INFO  [main]org.apache.catalina.core.StandardService.log:173 -Starting service [Tomcat]
2020-07-05 13:24:18.133 INFO  [main]org.apache.catalina.core.StandardEngine.log:173 -Starting Servlet engine: [Apache Tomcat/9.0.34]
2020-07-05 13:24:18.295 INFO  [main]o.a.catalina.core.ContainerBase.[Tomcat].[localhost].[/].log:173 -Initializing Spring embedded WebApplicationContext
2020-07-05 13:24:18.296 INFO  [main]org.springframework.web.context.ContextLoader.prepareWebApplicationContext:284 -Root WebApplicationContext: initialization completed in 5316 ms
2020-07-05 13:24:20.374 INFO  [main]org.apache.coyote.http11.Http11NioProtocol.log:173 -Starting ProtocolHandler ["http-nio-9000"]
2020-07-05 13:24:20.410 INFO  [main]o.s.boot.web.embedded.tomcat.TomcatWebServer.start:203 -Tomcat started on port(s): 9000 (http) with context path ''
2020-07-05 13:24:20.415 INFO  [main]com.lzy.blog.LzyBlogApplication.logStarted:61 -Started LzyBlogApplication in 8.907 seconds (JVM running for 11.574)
2020-07-05 13:26:33.327 INFO  [http-nio-9000-exec-2]o.a.catalina.core.ContainerBase.[Tomcat].[localhost].[/].log:173 -Initializing Spring DispatcherServlet 'dispatcherServlet'
2020-07-05 13:26:33.328 INFO  [http-nio-9000-exec-2]org.springframework.web.servlet.DispatcherServlet.initServletBean:525 -Initializing Servlet 'dispatcherServlet'
2020-07-05 13:26:33.350 INFO  [http-nio-9000-exec-2]org.springframework.web.servlet.DispatcherServlet.initServletBean:547 -Completed initialization in 21 ms
2020-07-05 13:26:33.531 INFO  [http-nio-9000-exec-2]com.lzy.blog.aspect.RequestAspect.printRequestLog:122 -请求地址 : /admin/login
2020-07-05 13:26:33.536 INFO  [http-nio-9000-exec-2]com.lzy.blog.aspect.RequestAspect.printRequestLog:123 -请求方式 : POST
2020-07-05 13:26:33.545 INFO  [http-nio-9000-exec-2]com.lzy.blog.aspect.RequestAspect.printRequestLog:126 -IP : 0:0:0:0:0:0:0:1
2020-07-05 13:26:33.548 INFO  [http-nio-9000-exec-2]com.lzy.blog.aspect.RequestAspect.printRequestLog:128 -方法 : com.lzy.blog.controller.AdminController.login
2020-07-05 13:26:33.550 INFO  [http-nio-9000-exec-2]com.lzy.blog.aspect.RequestAspect.printRequestLog:130 -请求参数：[Admin(id=null, name=null, header=null, signature=null, comment=null, username=刘小少, password=e10adc3949ba59abbe56e057f20f883e)]
2020-07-05 13:26:33.708 INFO  [http-nio-9000-exec-2]com.lzy.blog.aspect.RequestAspect.doAround:74 -耗时 : 177
2020-07-05 13:26:33.905 INFO  [http-nio-9000-exec-2]com.lzy.blog.aspect.RequestAspect.doAfterReturning:89 -返回值：{"code":2000,"data":{"token":"EE742B2431414D5EDEBB3DC4F500C69C"},"msg":"操作成功!"}
2020-07-05 13:28:41.243 INFO  [http-nio-9000-exec-1]com.lzy.blog.aspect.RequestAspect.printRequestLog:122 -请求地址 : /link/save
2020-07-05 13:28:41.244 INFO  [http-nio-9000-exec-1]com.lzy.blog.aspect.RequestAspect.printRequestLog:123 -请求方式 : POST
2020-07-05 13:28:41.244 INFO  [http-nio-9000-exec-1]com.lzy.blog.aspect.RequestAspect.printRequestLog:126 -IP : 0:0:0:0:0:0:0:1
2020-07-05 13:28:41.245 INFO  [http-nio-9000-exec-1]com.lzy.blog.aspect.RequestAspect.printRequestLog:128 -方法 : com.lzy.blog.controller.LingkController.save
2020-07-05 13:28:41.245 INFO  [http-nio-9000-exec-1]com.lzy.blog.aspect.RequestAspect.printRequestLog:130 -请求参数：[Link(linkId=null, linkName=百度, linkUrl=www.bai.com, createdTime=null, updateTime=null, version=null, deleted=null)]
2020-07-05 13:28:41.324 INFO  [http-nio-9000-exec-1]com.lzy.blog.aspect.RequestAspect.doAround:74 -耗时 : 81
2020-07-05 13:28:41.325 INFO  [http-nio-9000-exec-1]com.lzy.blog.aspect.RequestAspect.doAfterReturning:89 -返回值：{"code":2000,"msg":"添加成功"}
2020-07-05 13:31:19.246 INFO  [http-nio-9000-exec-3]com.lzy.blog.aspect.RequestAspect.printRequestLog:122 -请求地址 : /link/save
2020-07-05 13:31:19.248 INFO  [http-nio-9000-exec-3]com.lzy.blog.aspect.RequestAspect.printRequestLog:123 -请求方式 : POST
2020-07-05 13:31:19.252 INFO  [http-nio-9000-exec-3]com.lzy.blog.aspect.RequestAspect.printRequestLog:126 -IP : 0:0:0:0:0:0:0:1
2020-07-05 13:31:19.253 INFO  [http-nio-9000-exec-3]com.lzy.blog.aspect.RequestAspect.printRequestLog:128 -方法 : com.lzy.blog.controller.LingkController.save
2020-07-05 13:31:19.254 INFO  [http-nio-9000-exec-3]com.lzy.blog.aspect.RequestAspect.printRequestLog:130 -请求参数：[Link(linkId=null, linkName=秋生的小站, linkUrl=https://zhipeng0908.gitee.io/, createdTime=null, updateTime=null, version=null, deleted=null)]
2020-07-05 13:31:19.358 INFO  [http-nio-9000-exec-3]com.lzy.blog.aspect.RequestAspect.doAround:74 -耗时 : 112
2020-07-05 13:31:19.359 INFO  [http-nio-9000-exec-3]com.lzy.blog.aspect.RequestAspect.doAfterReturning:89 -返回值：{"code":2000,"msg":"添加成功"}
2020-07-05 13:34:17.778 INFO  [http-nio-9000-exec-7]com.lzy.blog.aspect.RequestAspect.printRequestLog:122 -请求地址 : /link/save
2020-07-05 13:34:17.780 INFO  [http-nio-9000-exec-7]com.lzy.blog.aspect.RequestAspect.printRequestLog:123 -请求方式 : POST
2020-07-05 13:34:17.782 INFO  [http-nio-9000-exec-7]com.lzy.blog.aspect.RequestAspect.printRequestLog:126 -IP : 0:0:0:0:0:0:0:1
2020-07-05 13:34:17.783 INFO  [http-nio-9000-exec-7]com.lzy.blog.aspect.RequestAspect.printRequestLog:128 -方法 : com.lzy.blog.controller.LingkController.save
2020-07-05 13:34:17.783 INFO  [http-nio-9000-exec-7]com.lzy.blog.aspect.RequestAspect.printRequestLog:130 -请求参数：[Link(linkId=null, linkName=鸡哥的博客, linkUrl=https://me.csdn.net/qq_36403693, createdTime=null, updateTime=null, version=null, deleted=null)]
2020-07-05 13:34:17.848 INFO  [http-nio-9000-exec-7]com.lzy.blog.aspect.RequestAspect.doAround:74 -耗时 : 70
2020-07-05 13:34:17.850 INFO  [http-nio-9000-exec-7]com.lzy.blog.aspect.RequestAspect.doAfterReturning:89 -返回值：{"code":2000,"msg":"添加成功"}
2020-07-05 13:36:43.286 INFO  [http-nio-9000-exec-4]com.lzy.blog.aspect.RequestAspect.printRequestLog:122 -请求地址 : /link/list
2020-07-05 13:36:43.287 INFO  [http-nio-9000-exec-4]com.lzy.blog.aspect.RequestAspect.printRequestLog:123 -请求方式 : GET
2020-07-05 13:36:43.288 INFO  [http-nio-9000-exec-4]com.lzy.blog.aspect.RequestAspect.printRequestLog:126 -IP : 0:0:0:0:0:0:0:1
2020-07-05 13:36:43.289 INFO  [http-nio-9000-exec-4]com.lzy.blog.aspect.RequestAspect.printRequestLog:128 -方法 : com.lzy.blog.controller.LingkController.list
2020-07-05 13:36:43.290 INFO  [http-nio-9000-exec-4]com.lzy.blog.aspect.RequestAspect.printRequestLog:130 -请求参数：[]
2020-07-05 13:36:43.303 INFO  [http-nio-9000-exec-4]com.lzy.blog.aspect.RequestAspect.doAround:74 -耗时 : 17
2020-07-05 13:36:43.313 INFO  [http-nio-9000-exec-4]com.lzy.blog.aspect.RequestAspect.doAfterReturning:89 -返回值：{"code":2000,"data":[{"createdTime":"2020-07-05 13:28:41.0","linkId":1,"linkName":"百度","linkUrl":"www.bai.com","updateTime":"2020-07-05 13:28:41.0"},{"createdTime":"2020-07-05 13:31:19.0","linkId":2,"linkName":"秋生的小站","linkUrl":"https://zhipeng0908.gitee.io/","updateTime":"2020-07-05 13:31:19.0"},{"createdTime":"2020-07-05 13:34:17.0","linkId":3,"linkName":"鸡哥的博客","linkUrl":"https://me.csdn.net/qq_36403693","updateTime":"2020-07-05 13:34:17.0"}],"msg":"操作成功!"}
2020-07-05 13:38:23.598 INFO  [http-nio-9000-exec-5]com.lzy.blog.aspect.RequestAspect.printRequestLog:122 -请求地址 : /link/update
2020-07-05 13:38:23.602 INFO  [http-nio-9000-exec-5]com.lzy.blog.aspect.RequestAspect.printRequestLog:123 -请求方式 : PUT
2020-07-05 13:38:23.603 INFO  [http-nio-9000-exec-5]com.lzy.blog.aspect.RequestAspect.printRequestLog:126 -IP : 0:0:0:0:0:0:0:1
2020-07-05 13:38:23.603 INFO  [http-nio-9000-exec-5]com.lzy.blog.aspect.RequestAspect.printRequestLog:128 -方法 : com.lzy.blog.controller.LingkController.update
2020-07-05 13:38:23.604 INFO  [http-nio-9000-exec-5]com.lzy.blog.aspect.RequestAspect.printRequestLog:130 -请求参数：[Link(linkId=1, linkName=null, linkUrl=null, createdTime=null, updateTime=null, version=null, deleted=null)]
2020-07-05 13:41:09.135 INFO  [main]com.lzy.blog.LzyBlogApplication.logStarting:55 -Starting LzyBlogApplication on ICOS-20170907XR with PID 10940 (F:\springboot\lzy_blog\target\classes started by Administrator in F:\springboot\lzy_blog)
2020-07-05 13:41:09.145 INFO  [main]com.lzy.blog.LzyBlogApplication.logStartupProfileInfo:651 -No active profile set, falling back to default profiles: default
2020-07-05 13:41:11.759 INFO  [main]o.s.c.s.PostProcessorRegistrationDelegate$BeanPostProcessorChecker.postProcessAfterInitialization:335 -Bean 'shiroConfig' of type [com.lzy.blog.config.ShiroConfig$$EnhancerBySpringCGLIB$$f403de48] is not eligible for getting processed by all BeanPostProcessors (for example: not eligible for auto-proxying)
2020-07-05 13:41:11.829 INFO  [main]o.s.c.s.PostProcessorRegistrationDelegate$BeanPostProcessorChecker.postProcessAfterInitialization:335 -Bean 'mybatis-org.mybatis.spring.boot.autoconfigure.MybatisProperties' of type [org.mybatis.spring.boot.autoconfigure.MybatisProperties] is not eligible for getting processed by all BeanPostProcessors (for example: not eligible for auto-proxying)
2020-07-05 13:41:11.853 INFO  [main]o.s.c.s.PostProcessorRegistrationDelegate$BeanPostProcessorChecker.postProcessAfterInitialization:335 -Bean 'org.mybatis.spring.boot.autoconfigure.MybatisAutoConfiguration' of type [org.mybatis.spring.boot.autoconfigure.MybatisAutoConfiguration$$EnhancerBySpringCGLIB$$5b17450] is not eligible for getting processed by all BeanPostProcessors (for example: not eligible for auto-proxying)
2020-07-05 13:41:11.860 INFO  [main]o.s.c.s.PostProcessorRegistrationDelegate$BeanPostProcessorChecker.postProcessAfterInitialization:335 -Bean 'com.alibaba.druid.spring.boot.autoconfigure.DruidDataSourceAutoConfigure' of type [com.alibaba.druid.spring.boot.autoconfigure.DruidDataSourceAutoConfigure$$EnhancerBySpringCGLIB$$ec891892] is not eligible for getting processed by all BeanPostProcessors (for example: not eligible for auto-proxying)
2020-07-05 13:41:11.867 INFO  [main]c.a.d.s.boot.autoconfigure.DruidDataSourceAutoConfigure.dataSource:56 -Init DruidDataSource
2020-07-05 13:41:11.949 INFO  [main]o.s.c.s.PostProcessorRegistrationDelegate$BeanPostProcessorChecker.postProcessAfterInitialization:335 -Bean 'spring.datasource-org.springframework.boot.autoconfigure.jdbc.DataSourceProperties' of type [org.springframework.boot.autoconfigure.jdbc.DataSourceProperties] is not eligible for getting processed by all BeanPostProcessors (for example: not eligible for auto-proxying)
2020-07-05 13:41:11.981 INFO  [main]o.s.c.s.PostProcessorRegistrationDelegate$BeanPostProcessorChecker.postProcessAfterInitialization:335 -Bean 'com.alibaba.druid.spring.boot.autoconfigure.stat.DruidFilterConfiguration' of type [com.alibaba.druid.spring.boot.autoconfigure.stat.DruidFilterConfiguration] is not eligible for getting processed by all BeanPostProcessors (for example: not eligible for auto-proxying)
2020-07-05 13:41:12.039 INFO  [main]o.s.c.s.PostProcessorRegistrationDelegate$BeanPostProcessorChecker.postProcessAfterInitialization:335 -Bean 'statFilter' of type [com.alibaba.druid.filter.stat.StatFilter] is not eligible for getting processed by all BeanPostProcessors (for example: not eligible for auto-proxying)
2020-07-05 13:41:12.799 INFO  [main]com.alibaba.druid.pool.DruidDataSource.init:930 -{dataSource-1} inited
2020-07-05 13:41:12.800 INFO  [main]o.s.c.s.PostProcessorRegistrationDelegate$BeanPostProcessorChecker.postProcessAfterInitialization:335 -Bean 'dataSource' of type [com.alibaba.druid.spring.boot.autoconfigure.DruidDataSourceWrapper] is not eligible for getting processed by all BeanPostProcessors (for example: not eligible for auto-proxying)
2020-07-05 13:41:12.946 INFO  [main]o.s.c.s.PostProcessorRegistrationDelegate$BeanPostProcessorChecker.postProcessAfterInitialization:335 -Bean 'org.springframework.boot.autoconfigure.jdbc.DataSourceInitializerInvoker' of type [org.springframework.boot.autoconfigure.jdbc.DataSourceInitializerInvoker] is not eligible for getting processed by all BeanPostProcessors (for example: not eligible for auto-proxying)
2020-07-05 13:41:13.665 INFO  [main]o.s.c.s.PostProcessorRegistrationDelegate$BeanPostProcessorChecker.postProcessAfterInitialization:335 -Bean 'sqlSessionFactory' of type [org.apache.ibatis.session.defaults.DefaultSqlSessionFactory] is not eligible for getting processed by all BeanPostProcessors (for example: not eligible for auto-proxying)
2020-07-05 13:41:13.675 INFO  [main]o.s.c.s.PostProcessorRegistrationDelegate$BeanPostProcessorChecker.postProcessAfterInitialization:335 -Bean 'sqlSessionTemplate' of type [org.mybatis.spring.SqlSessionTemplate] is not eligible for getting processed by all BeanPostProcessors (for example: not eligible for auto-proxying)
2020-07-05 13:41:13.691 INFO  [main]o.s.c.s.PostProcessorRegistrationDelegate$BeanPostProcessorChecker.postProcessAfterInitialization:335 -Bean 'adminMapper' of type [org.mybatis.spring.mapper.MapperFactoryBean] is not eligible for getting processed by all BeanPostProcessors (for example: not eligible for auto-proxying)
2020-07-05 13:41:13.697 INFO  [main]o.s.c.s.PostProcessorRegistrationDelegate$BeanPostProcessorChecker.postProcessAfterInitialization:335 -Bean 'adminMapper' of type [com.sun.proxy.$Proxy71] is not eligible for getting processed by all BeanPostProcessors (for example: not eligible for auto-proxying)
2020-07-05 13:41:13.700 INFO  [main]o.s.c.s.PostProcessorRegistrationDelegate$BeanPostProcessorChecker.postProcessAfterInitialization:335 -Bean 'adminServiceImpl' of type [com.lzy.blog.service.impl.AdminServiceImpl] is not eligible for getting processed by all BeanPostProcessors (for example: not eligible for auto-proxying)
2020-07-05 13:41:13.702 INFO  [main]o.s.c.s.PostProcessorRegistrationDelegate$BeanPostProcessorChecker.postProcessAfterInitialization:335 -Bean 'adminRealm' of type [com.lzy.blog.realm.AdminRealm] is not eligible for getting processed by all BeanPostProcessors (for example: not eligible for auto-proxying)
2020-07-05 13:41:14.929 INFO  [main]o.s.c.s.PostProcessorRegistrationDelegate$BeanPostProcessorChecker.postProcessAfterInitialization:335 -Bean 'securityManager' of type [org.apache.shiro.web.mgt.DefaultWebSecurityManager] is not eligible for getting processed by all BeanPostProcessors (for example: not eligible for auto-proxying)
2020-07-05 13:41:14.971 INFO  [main]o.s.c.s.PostProcessorRegistrationDelegate$BeanPostProcessorChecker.postProcessAfterInitialization:335 -Bean 'authorizationAttributeSourceAdvisor' of type [org.apache.shiro.spring.security.interceptor.AuthorizationAttributeSourceAdvisor] is not eligible for getting processed by all BeanPostProcessors (for example: not eligible for auto-proxying)
2020-07-05 13:41:15.438 INFO  [main]o.s.boot.web.embedded.tomcat.TomcatWebServer.initialize:91 -Tomcat initialized with port(s): 9000 (http)
2020-07-05 13:41:15.452 INFO  [main]org.apache.coyote.http11.Http11NioProtocol.log:173 -Initializing ProtocolHandler ["http-nio-9000"]
2020-07-05 13:41:15.453 INFO  [main]org.apache.catalina.core.StandardService.log:173 -Starting service [Tomcat]
2020-07-05 13:41:15.453 INFO  [main]org.apache.catalina.core.StandardEngine.log:173 -Starting Servlet engine: [Apache Tomcat/9.0.34]
2020-07-05 13:41:15.622 INFO  [main]o.a.catalina.core.ContainerBase.[Tomcat].[localhost].[/].log:173 -Initializing Spring embedded WebApplicationContext
2020-07-05 13:41:15.623 INFO  [main]org.springframework.web.context.ContextLoader.prepareWebApplicationContext:284 -Root WebApplicationContext: initialization completed in 6295 ms
2020-07-05 13:41:18.602 INFO  [main]org.apache.coyote.http11.Http11NioProtocol.log:173 -Starting ProtocolHandler ["http-nio-9000"]
2020-07-05 13:41:18.691 INFO  [main]o.s.boot.web.embedded.tomcat.TomcatWebServer.start:203 -Tomcat started on port(s): 9000 (http) with context path ''
2020-07-05 13:41:18.699 INFO  [main]com.lzy.blog.LzyBlogApplication.logStarted:61 -Started LzyBlogApplication in 11.826 seconds (JVM running for 15.316)
2020-07-05 13:41:21.376 INFO  [http-nio-9000-exec-1]o.a.catalina.core.ContainerBase.[Tomcat].[localhost].[/].log:173 -Initializing Spring DispatcherServlet 'dispatcherServlet'
2020-07-05 13:41:21.377 INFO  [http-nio-9000-exec-1]org.springframework.web.servlet.DispatcherServlet.initServletBean:525 -Initializing Servlet 'dispatcherServlet'
2020-07-05 13:41:21.415 INFO  [http-nio-9000-exec-1]org.springframework.web.servlet.DispatcherServlet.initServletBean:547 -Completed initialization in 37 ms
2020-07-05 13:41:21.790 INFO  [http-nio-9000-exec-1]com.lzy.blog.aspect.RequestAspect.printRequestLog:122 -请求地址 : /admin/login
2020-07-05 13:41:21.796 INFO  [http-nio-9000-exec-1]com.lzy.blog.aspect.RequestAspect.printRequestLog:123 -请求方式 : POST
2020-07-05 13:41:21.806 INFO  [http-nio-9000-exec-1]com.lzy.blog.aspect.RequestAspect.printRequestLog:126 -IP : 0:0:0:0:0:0:0:1
2020-07-05 13:41:21.813 INFO  [http-nio-9000-exec-1]com.lzy.blog.aspect.RequestAspect.printRequestLog:128 -方法 : com.lzy.blog.controller.AdminController.login
2020-07-05 13:41:21.815 INFO  [http-nio-9000-exec-1]com.lzy.blog.aspect.RequestAspect.printRequestLog:130 -请求参数：[Admin(id=null, name=null, header=null, signature=null, comment=null, username=刘小少, password=e10adc3949ba59abbe56e057f20f883e)]
2020-07-05 13:41:22.078 INFO  [http-nio-9000-exec-1]com.lzy.blog.aspect.RequestAspect.doAround:74 -耗时 : 288
2020-07-05 13:41:22.257 INFO  [http-nio-9000-exec-1]com.lzy.blog.aspect.RequestAspect.doAfterReturning:89 -返回值：{"code":2000,"data":{"token":"F976EB7FDC0561BFBD17E010B6E460B3"},"msg":"操作成功!"}
2020-07-05 13:41:43.594 INFO  [http-nio-9000-exec-3]com.lzy.blog.aspect.RequestAspect.printRequestLog:122 -请求地址 : /link/update
2020-07-05 13:41:43.596 INFO  [http-nio-9000-exec-3]com.lzy.blog.aspect.RequestAspect.printRequestLog:123 -请求方式 : PUT
2020-07-05 13:41:43.597 INFO  [http-nio-9000-exec-3]com.lzy.blog.aspect.RequestAspect.printRequestLog:126 -IP : 0:0:0:0:0:0:0:1
2020-07-05 13:41:43.598 INFO  [http-nio-9000-exec-3]com.lzy.blog.aspect.RequestAspect.printRequestLog:128 -方法 : com.lzy.blog.controller.LingkController.update
2020-07-05 13:41:43.599 INFO  [http-nio-9000-exec-3]com.lzy.blog.aspect.RequestAspect.printRequestLog:130 -请求参数：[Link(linkId=1, linkName=null, linkUrl=null, createdTime=null, updateTime=null, version=null, deleted=null)]
2020-07-05 13:41:43.720 INFO  [http-nio-9000-exec-3]com.lzy.blog.aspect.RequestAspect.doAround:74 -耗时 : 126
2020-07-05 13:41:43.722 INFO  [http-nio-9000-exec-3]com.lzy.blog.aspect.RequestAspect.doAfterReturning:89 -返回值：{"code":2000,"msg":"修改成功"}
2020-07-05 13:42:39.672 INFO  [http-nio-9000-exec-4]com.lzy.blog.aspect.RequestAspect.printRequestLog:122 -请求地址 : /link/update
2020-07-05 13:42:39.674 INFO  [http-nio-9000-exec-4]com.lzy.blog.aspect.RequestAspect.printRequestLog:123 -请求方式 : PUT
2020-07-05 13:42:39.675 INFO  [http-nio-9000-exec-4]com.lzy.blog.aspect.RequestAspect.printRequestLog:126 -IP : 0:0:0:0:0:0:0:1
2020-07-05 13:42:39.675 INFO  [http-nio-9000-exec-4]com.lzy.blog.aspect.RequestAspect.printRequestLog:128 -方法 : com.lzy.blog.controller.LingkController.update
2020-07-05 13:42:39.676 INFO  [http-nio-9000-exec-4]com.lzy.blog.aspect.RequestAspect.printRequestLog:130 -请求参数：[Link(linkId=1, linkName=null, linkUrl=null, createdTime=null, updateTime=null, version=1, deleted=null)]
2020-07-05 13:42:39.753 INFO  [http-nio-9000-exec-4]com.lzy.blog.aspect.RequestAspect.doAround:74 -耗时 : 81
2020-07-05 13:42:39.754 INFO  [http-nio-9000-exec-4]com.lzy.blog.aspect.RequestAspect.doAfterReturning:89 -返回值：{"code":2000,"msg":"修改成功"}
2020-07-05 13:42:44.633 INFO  [http-nio-9000-exec-5]com.lzy.blog.aspect.RequestAspect.printRequestLog:122 -请求地址 : /link/list
2020-07-05 13:42:44.635 INFO  [http-nio-9000-exec-5]com.lzy.blog.aspect.RequestAspect.printRequestLog:123 -请求方式 : GET
2020-07-05 13:42:44.636 INFO  [http-nio-9000-exec-5]com.lzy.blog.aspect.RequestAspect.printRequestLog:126 -IP : 0:0:0:0:0:0:0:1
2020-07-05 13:42:44.637 INFO  [http-nio-9000-exec-5]com.lzy.blog.aspect.RequestAspect.printRequestLog:128 -方法 : com.lzy.blog.controller.LingkController.list
2020-07-05 13:42:44.638 INFO  [http-nio-9000-exec-5]com.lzy.blog.aspect.RequestAspect.printRequestLog:130 -请求参数：[]
2020-07-05 13:42:44.657 INFO  [http-nio-9000-exec-5]com.lzy.blog.aspect.RequestAspect.doAround:74 -耗时 : 24
2020-07-05 13:42:44.668 INFO  [http-nio-9000-exec-5]com.lzy.blog.aspect.RequestAspect.doAfterReturning:89 -返回值：{"code":2000,"data":[{"createdTime":"2020-07-05 13:28:41.0","linkId":1,"linkName":"百度","linkUrl":"www.bai.com","updateTime":"2020-07-05 13:42:39.0"},{"createdTime":"2020-07-05 13:31:19.0","linkId":2,"linkName":"秋生的小站","linkUrl":"https://zhipeng0908.gitee.io/","updateTime":"2020-07-05 13:31:19.0"},{"createdTime":"2020-07-05 13:34:17.0","linkId":3,"linkName":"鸡哥的博客","linkUrl":"https://me.csdn.net/qq_36403693","updateTime":"2020-07-05 13:34:17.0"}],"msg":"操作成功!"}
2020-07-05 13:43:11.327 INFO  [http-nio-9000-exec-6]com.lzy.blog.aspect.RequestAspect.printRequestLog:122 -请求地址 : /link/update
2020-07-05 13:43:11.329 INFO  [http-nio-9000-exec-6]com.lzy.blog.aspect.RequestAspect.printRequestLog:123 -请求方式 : PUT
2020-07-05 13:43:11.331 INFO  [http-nio-9000-exec-6]com.lzy.blog.aspect.RequestAspect.printRequestLog:126 -IP : 0:0:0:0:0:0:0:1
2020-07-05 13:43:11.332 INFO  [http-nio-9000-exec-6]com.lzy.blog.aspect.RequestAspect.printRequestLog:128 -方法 : com.lzy.blog.controller.LingkController.update
2020-07-05 13:43:11.332 INFO  [http-nio-9000-exec-6]com.lzy.blog.aspect.RequestAspect.printRequestLog:130 -请求参数：[Link(linkId=1, linkName=null, linkUrl=null, createdTime=null, updateTime=null, version=1, deleted=null)]
2020-07-05 13:43:11.340 INFO  [http-nio-9000-exec-6]com.lzy.blog.aspect.RequestAspect.doAround:74 -耗时 : 13
2020-07-05 13:43:11.340 INFO  [http-nio-9000-exec-6]com.lzy.blog.aspect.RequestAspect.doAfterReturning:89 -返回值：{"code":2000,"msg":"修改成功"}
2020-07-05 13:43:14.088 INFO  [http-nio-9000-exec-7]com.lzy.blog.aspect.RequestAspect.printRequestLog:122 -请求地址 : /link/list
2020-07-05 13:43:14.090 INFO  [http-nio-9000-exec-7]com.lzy.blog.aspect.RequestAspect.printRequestLog:123 -请求方式 : GET
2020-07-05 13:43:14.091 INFO  [http-nio-9000-exec-7]com.lzy.blog.aspect.RequestAspect.printRequestLog:126 -IP : 0:0:0:0:0:0:0:1
2020-07-05 13:43:14.092 INFO  [http-nio-9000-exec-7]com.lzy.blog.aspect.RequestAspect.printRequestLog:128 -方法 : com.lzy.blog.controller.LingkController.list
2020-07-05 13:43:14.093 INFO  [http-nio-9000-exec-7]com.lzy.blog.aspect.RequestAspect.printRequestLog:130 -请求参数：[]
2020-07-05 13:43:14.104 INFO  [http-nio-9000-exec-7]com.lzy.blog.aspect.RequestAspect.doAround:74 -耗时 : 17
2020-07-05 13:43:14.105 INFO  [http-nio-9000-exec-7]com.lzy.blog.aspect.RequestAspect.doAfterReturning:89 -返回值：{"code":2000,"data":[{"createdTime":"2020-07-05 13:28:41.0","linkId":1,"linkName":"百度","linkUrl":"www.bai.com","updateTime":"2020-07-05 13:42:39.0"},{"createdTime":"2020-07-05 13:31:19.0","linkId":2,"linkName":"秋生的小站","linkUrl":"https://zhipeng0908.gitee.io/","updateTime":"2020-07-05 13:31:19.0"},{"createdTime":"2020-07-05 13:34:17.0","linkId":3,"linkName":"鸡哥的博客","linkUrl":"https://me.csdn.net/qq_36403693","updateTime":"2020-07-05 13:34:17.0"}],"msg":"操作成功!"}
2020-07-05 13:43:44.585 INFO  [http-nio-9000-exec-8]com.lzy.blog.aspect.RequestAspect.printRequestLog:122 -请求地址 : /link/update
2020-07-05 13:43:44.586 INFO  [http-nio-9000-exec-8]com.lzy.blog.aspect.RequestAspect.printRequestLog:123 -请求方式 : PUT
2020-07-05 13:43:44.587 INFO  [http-nio-9000-exec-8]com.lzy.blog.aspect.RequestAspect.printRequestLog:126 -IP : 0:0:0:0:0:0:0:1
2020-07-05 13:43:44.588 INFO  [http-nio-9000-exec-8]com.lzy.blog.aspect.RequestAspect.printRequestLog:128 -方法 : com.lzy.blog.controller.LingkController.update
2020-07-05 13:43:44.589 INFO  [http-nio-9000-exec-8]com.lzy.blog.aspect.RequestAspect.printRequestLog:130 -请求参数：[Link(linkId=1, linkName=null, linkUrl=null, createdTime=null, updateTime=null, version=1, deleted=null)]
2020-07-05 13:43:44.597 INFO  [http-nio-9000-exec-8]com.lzy.blog.aspect.RequestAspect.doAround:74 -耗时 : 12
2020-07-05 13:43:44.598 INFO  [http-nio-9000-exec-8]com.lzy.blog.aspect.RequestAspect.doAfterReturning:89 -返回值：{"code":2000,"msg":"修改成功"}
2020-07-05 13:44:49.895 INFO  [http-nio-9000-exec-2]com.lzy.blog.aspect.RequestAspect.printRequestLog:122 -请求地址 : /link/update
2020-07-05 13:44:49.898 INFO  [http-nio-9000-exec-2]com.lzy.blog.aspect.RequestAspect.printRequestLog:123 -请求方式 : PUT
2020-07-05 13:44:49.898 INFO  [http-nio-9000-exec-2]com.lzy.blog.aspect.RequestAspect.printRequestLog:126 -IP : 0:0:0:0:0:0:0:1
2020-07-05 13:44:49.900 INFO  [http-nio-9000-exec-2]com.lzy.blog.aspect.RequestAspect.printRequestLog:128 -方法 : com.lzy.blog.controller.LingkController.update
2020-07-05 13:44:49.900 INFO  [http-nio-9000-exec-2]com.lzy.blog.aspect.RequestAspect.printRequestLog:130 -请求参数：[Link(linkId=1, linkName=null, linkUrl=null, createdTime=null, updateTime=null, version=1, deleted=null)]
2020-07-05 13:44:49.908 INFO  [http-nio-9000-exec-2]com.lzy.blog.aspect.RequestAspect.doAround:74 -耗时 : 13
2020-07-05 13:44:49.909 INFO  [http-nio-9000-exec-2]com.lzy.blog.aspect.RequestAspect.doAfterReturning:89 -返回值：{"code":2000,"msg":"修改成功"}
2020-07-05 13:45:00.454 INFO  [http-nio-9000-exec-1]com.lzy.blog.aspect.RequestAspect.printRequestLog:122 -请求地址 : /link/list
2020-07-05 13:45:00.455 INFO  [http-nio-9000-exec-1]com.lzy.blog.aspect.RequestAspect.printRequestLog:123 -请求方式 : GET
2020-07-05 13:45:00.456 INFO  [http-nio-9000-exec-1]com.lzy.blog.aspect.RequestAspect.printRequestLog:126 -IP : 0:0:0:0:0:0:0:1
2020-07-05 13:45:00.457 INFO  [http-nio-9000-exec-1]com.lzy.blog.aspect.RequestAspect.printRequestLog:128 -方法 : com.lzy.blog.controller.LingkController.list
2020-07-05 13:45:00.457 INFO  [http-nio-9000-exec-1]com.lzy.blog.aspect.RequestAspect.printRequestLog:130 -请求参数：[]
2020-07-05 13:45:00.466 INFO  [http-nio-9000-exec-1]com.lzy.blog.aspect.RequestAspect.doAround:74 -耗时 : 11
2020-07-05 13:45:00.467 INFO  [http-nio-9000-exec-1]com.lzy.blog.aspect.RequestAspect.doAfterReturning:89 -返回值：{"code":2000,"data":[{"createdTime":"2020-07-05 13:28:41.0","linkId":1,"linkName":"百度","linkUrl":"www.bai.com","updateTime":"2020-07-05 13:42:39.0"},{"createdTime":"2020-07-05 13:31:19.0","linkId":2,"linkName":"秋生的小站","linkUrl":"https://zhipeng0908.gitee.io/","updateTime":"2020-07-05 13:31:19.0"},{"createdTime":"2020-07-05 13:34:17.0","linkId":3,"linkName":"鸡哥的博客","linkUrl":"https://me.csdn.net/qq_36403693","updateTime":"2020-07-05 13:34:17.0"}],"msg":"操作成功!"}
2020-07-05 13:49:41.085 INFO  [main]com.lzy.blog.LzyBlogApplication.logStarting:55 -Starting LzyBlogApplication on ICOS-20170907XR with PID 1208 (F:\springboot\lzy_blog\target\classes started by Administrator in F:\springboot\lzy_blog)
2020-07-05 13:49:41.095 INFO  [main]com.lzy.blog.LzyBlogApplication.logStartupProfileInfo:651 -No active profile set, falling back to default profiles: default
2020-07-05 13:49:44.585 INFO  [main]o.s.c.s.PostProcessorRegistrationDelegate$BeanPostProcessorChecker.postProcessAfterInitialization:335 -Bean 'shiroConfig' of type [com.lzy.blog.config.ShiroConfig$$EnhancerBySpringCGLIB$$df5f95df] is not eligible for getting processed by all BeanPostProcessors (for example: not eligible for auto-proxying)
2020-07-05 13:49:44.662 INFO  [main]o.s.c.s.PostProcessorRegistrationDelegate$BeanPostProcessorChecker.postProcessAfterInitialization:335 -Bean 'mybatis-org.mybatis.spring.boot.autoconfigure.MybatisProperties' of type [org.mybatis.spring.boot.autoconfigure.MybatisProperties] is not eligible for getting processed by all BeanPostProcessors (for example: not eligible for auto-proxying)
2020-07-05 13:49:44.684 INFO  [main]o.s.c.s.PostProcessorRegistrationDelegate$BeanPostProcessorChecker.postProcessAfterInitialization:335 -Bean 'org.mybatis.spring.boot.autoconfigure.MybatisAutoConfiguration' of type [org.mybatis.spring.boot.autoconfigure.MybatisAutoConfiguration$$EnhancerBySpringCGLIB$$f10d2be7] is not eligible for getting processed by all BeanPostProcessors (for example: not eligible for auto-proxying)
2020-07-05 13:49:44.694 INFO  [main]o.s.c.s.PostProcessorRegistrationDelegate$BeanPostProcessorChecker.postProcessAfterInitialization:335 -Bean 'com.alibaba.druid.spring.boot.autoconfigure.DruidDataSourceAutoConfigure' of type [com.alibaba.druid.spring.boot.autoconfigure.DruidDataSourceAutoConfigure$$EnhancerBySpringCGLIB$$d7e4d029] is not eligible for getting processed by all BeanPostProcessors (for example: not eligible for auto-proxying)
2020-07-05 13:49:44.703 INFO  [main]c.a.d.s.boot.autoconfigure.DruidDataSourceAutoConfigure.dataSource:56 -Init DruidDataSource
2020-07-05 13:49:44.800 INFO  [main]o.s.c.s.PostProcessorRegistrationDelegate$BeanPostProcessorChecker.postProcessAfterInitialization:335 -Bean 'spring.datasource-org.springframework.boot.autoconfigure.jdbc.DataSourceProperties' of type [org.springframework.boot.autoconfigure.jdbc.DataSourceProperties] is not eligible for getting processed by all BeanPostProcessors (for example: not eligible for auto-proxying)
2020-07-05 13:49:44.834 INFO  [main]o.s.c.s.PostProcessorRegistrationDelegate$BeanPostProcessorChecker.postProcessAfterInitialization:335 -Bean 'com.alibaba.druid.spring.boot.autoconfigure.stat.DruidFilterConfiguration' of type [com.alibaba.druid.spring.boot.autoconfigure.stat.DruidFilterConfiguration] is not eligible for getting processed by all BeanPostProcessors (for example: not eligible for auto-proxying)
2020-07-05 13:49:44.889 INFO  [main]o.s.c.s.PostProcessorRegistrationDelegate$BeanPostProcessorChecker.postProcessAfterInitialization:335 -Bean 'statFilter' of type [com.alibaba.druid.filter.stat.StatFilter] is not eligible for getting processed by all BeanPostProcessors (for example: not eligible for auto-proxying)
2020-07-05 13:49:45.608 INFO  [main]com.alibaba.druid.pool.DruidDataSource.init:930 -{dataSource-1} inited
2020-07-05 13:49:45.609 INFO  [main]o.s.c.s.PostProcessorRegistrationDelegate$BeanPostProcessorChecker.postProcessAfterInitialization:335 -Bean 'dataSource' of type [com.alibaba.druid.spring.boot.autoconfigure.DruidDataSourceWrapper] is not eligible for getting processed by all BeanPostProcessors (for example: not eligible for auto-proxying)
2020-07-05 13:49:45.777 INFO  [main]o.s.c.s.PostProcessorRegistrationDelegate$BeanPostProcessorChecker.postProcessAfterInitialization:335 -Bean 'org.springframework.boot.autoconfigure.jdbc.DataSourceInitializerInvoker' of type [org.springframework.boot.autoconfigure.jdbc.DataSourceInitializerInvoker] is not eligible for getting processed by all BeanPostProcessors (for example: not eligible for auto-proxying)
2020-07-05 13:49:46.455 INFO  [main]o.s.c.s.PostProcessorRegistrationDelegate$BeanPostProcessorChecker.postProcessAfterInitialization:335 -Bean 'sqlSessionFactory' of type [org.apache.ibatis.session.defaults.DefaultSqlSessionFactory] is not eligible for getting processed by all BeanPostProcessors (for example: not eligible for auto-proxying)
2020-07-05 13:49:46.468 INFO  [main]o.s.c.s.PostProcessorRegistrationDelegate$BeanPostProcessorChecker.postProcessAfterInitialization:335 -Bean 'sqlSessionTemplate' of type [org.mybatis.spring.SqlSessionTemplate] is not eligible for getting processed by all BeanPostProcessors (for example: not eligible for auto-proxying)
2020-07-05 13:49:46.491 INFO  [main]o.s.c.s.PostProcessorRegistrationDelegate$BeanPostProcessorChecker.postProcessAfterInitialization:335 -Bean 'adminMapper' of type [org.mybatis.spring.mapper.MapperFactoryBean] is not eligible for getting processed by all BeanPostProcessors (for example: not eligible for auto-proxying)
2020-07-05 13:49:46.500 INFO  [main]o.s.c.s.PostProcessorRegistrationDelegate$BeanPostProcessorChecker.postProcessAfterInitialization:335 -Bean 'adminMapper' of type [com.sun.proxy.$Proxy71] is not eligible for getting processed by all BeanPostProcessors (for example: not eligible for auto-proxying)
2020-07-05 13:49:46.505 INFO  [main]o.s.c.s.PostProcessorRegistrationDelegate$BeanPostProcessorChecker.postProcessAfterInitialization:335 -Bean 'adminServiceImpl' of type [com.lzy.blog.service.impl.AdminServiceImpl] is not eligible for getting processed by all BeanPostProcessors (for example: not eligible for auto-proxying)
2020-07-05 13:49:46.508 INFO  [main]o.s.c.s.PostProcessorRegistrationDelegate$BeanPostProcessorChecker.postProcessAfterInitialization:335 -Bean 'adminRealm' of type [com.lzy.blog.realm.AdminRealm] is not eligible for getting processed by all BeanPostProcessors (for example: not eligible for auto-proxying)
2020-07-05 13:49:48.289 INFO  [main]o.s.c.s.PostProcessorRegistrationDelegate$BeanPostProcessorChecker.postProcessAfterInitialization:335 -Bean 'securityManager' of type [org.apache.shiro.web.mgt.DefaultWebSecurityManager] is not eligible for getting processed by all BeanPostProcessors (for example: not eligible for auto-proxying)
2020-07-05 13:49:48.392 INFO  [main]o.s.c.s.PostProcessorRegistrationDelegate$BeanPostProcessorChecker.postProcessAfterInitialization:335 -Bean 'authorizationAttributeSourceAdvisor' of type [org.apache.shiro.spring.security.interceptor.AuthorizationAttributeSourceAdvisor] is not eligible for getting processed by all BeanPostProcessors (for example: not eligible for auto-proxying)
2020-07-05 13:49:49.317 INFO  [main]o.s.boot.web.embedded.tomcat.TomcatWebServer.initialize:91 -Tomcat initialized with port(s): 9000 (http)
2020-07-05 13:49:49.338 INFO  [main]org.apache.coyote.http11.Http11NioProtocol.log:173 -Initializing ProtocolHandler ["http-nio-9000"]
2020-07-05 13:49:49.340 INFO  [main]org.apache.catalina.core.StandardService.log:173 -Starting service [Tomcat]
2020-07-05 13:49:49.342 INFO  [main]org.apache.catalina.core.StandardEngine.log:173 -Starting Servlet engine: [Apache Tomcat/9.0.34]
2020-07-05 13:49:49.666 INFO  [main]o.a.catalina.core.ContainerBase.[Tomcat].[localhost].[/].log:173 -Initializing Spring embedded WebApplicationContext
2020-07-05 13:49:49.669 INFO  [main]org.springframework.web.context.ContextLoader.prepareWebApplicationContext:284 -Root WebApplicationContext: initialization completed in 8440 ms
2020-07-05 13:49:53.932 INFO  [main]org.apache.coyote.http11.Http11NioProtocol.log:173 -Starting ProtocolHandler ["http-nio-9000"]
2020-07-05 13:49:53.970 INFO  [main]o.s.boot.web.embedded.tomcat.TomcatWebServer.start:203 -Tomcat started on port(s): 9000 (http) with context path ''
2020-07-05 13:49:53.976 INFO  [main]com.lzy.blog.LzyBlogApplication.logStarted:61 -Started LzyBlogApplication in 15.665 seconds (JVM running for 18.432)
2020-07-05 13:50:05.936 INFO  [http-nio-9000-exec-2]o.a.catalina.core.ContainerBase.[Tomcat].[localhost].[/].log:173 -Initializing Spring DispatcherServlet 'dispatcherServlet'
2020-07-05 13:50:05.937 INFO  [http-nio-9000-exec-2]org.springframework.web.servlet.DispatcherServlet.initServletBean:525 -Initializing Servlet 'dispatcherServlet'
2020-07-05 13:50:05.962 INFO  [http-nio-9000-exec-2]org.springframework.web.servlet.DispatcherServlet.initServletBean:547 -Completed initialization in 24 ms
2020-07-05 13:50:06.127 INFO  [http-nio-9000-exec-2]com.lzy.blog.aspect.RequestAspect.printRequestLog:122 -请求地址 : /admin/login
2020-07-05 13:50:06.129 INFO  [http-nio-9000-exec-2]com.lzy.blog.aspect.RequestAspect.printRequestLog:123 -请求方式 : POST
2020-07-05 13:50:06.136 INFO  [http-nio-9000-exec-2]com.lzy.blog.aspect.RequestAspect.printRequestLog:126 -IP : 0:0:0:0:0:0:0:1
2020-07-05 13:50:06.140 INFO  [http-nio-9000-exec-2]com.lzy.blog.aspect.RequestAspect.printRequestLog:128 -方法 : com.lzy.blog.controller.AdminController.login
2020-07-05 13:50:06.142 INFO  [http-nio-9000-exec-2]com.lzy.blog.aspect.RequestAspect.printRequestLog:130 -请求参数：[Admin(id=null, name=null, header=null, signature=null, comment=null, username=刘小少, password=e10adc3949ba59abbe56e057f20f883e)]
2020-07-05 13:50:06.278 INFO  [http-nio-9000-exec-2]com.lzy.blog.aspect.RequestAspect.doAround:74 -耗时 : 152
2020-07-05 13:50:06.398 INFO  [http-nio-9000-exec-2]com.lzy.blog.aspect.RequestAspect.doAfterReturning:89 -返回值：{"code":2000,"data":{"token":"0136F9D1EE25033D9494029912114CB4"},"msg":"操作成功!"}
2020-07-05 13:51:07.568 INFO  [http-nio-9000-exec-5]com.lzy.blog.aspect.RequestAspect.printRequestLog:122 -请求地址 : /link/update
2020-07-05 13:51:07.569 INFO  [http-nio-9000-exec-5]com.lzy.blog.aspect.RequestAspect.printRequestLog:123 -请求方式 : PUT
2020-07-05 13:51:07.570 INFO  [http-nio-9000-exec-5]com.lzy.blog.aspect.RequestAspect.printRequestLog:126 -IP : 0:0:0:0:0:0:0:1
2020-07-05 13:51:07.570 INFO  [http-nio-9000-exec-5]com.lzy.blog.aspect.RequestAspect.printRequestLog:128 -方法 : com.lzy.blog.controller.LingkController.update
2020-07-05 13:51:07.572 INFO  [http-nio-9000-exec-5]com.lzy.blog.aspect.RequestAspect.printRequestLog:130 -请求参数：[Link(linkId=1, linkName=null, linkUrl=null, createdTime=null, updateTime=null, version=1, deleted=null)]
2020-07-05 13:51:07.620 INFO  [http-nio-9000-exec-5]com.lzy.blog.aspect.RequestAspect.doAround:74 -耗时 : 52
2020-07-05 13:51:07.621 INFO  [http-nio-9000-exec-5]com.lzy.blog.aspect.RequestAspect.doAfterReturning:89 -返回值：{"code":2000,"msg":"修改成功"}
2020-07-05 13:51:12.530 INFO  [http-nio-9000-exec-6]com.lzy.blog.aspect.RequestAspect.printRequestLog:122 -请求地址 : /link/list
2020-07-05 13:51:12.531 INFO  [http-nio-9000-exec-6]com.lzy.blog.aspect.RequestAspect.printRequestLog:123 -请求方式 : GET
2020-07-05 13:51:12.532 INFO  [http-nio-9000-exec-6]com.lzy.blog.aspect.RequestAspect.printRequestLog:126 -IP : 0:0:0:0:0:0:0:1
2020-07-05 13:51:12.532 INFO  [http-nio-9000-exec-6]com.lzy.blog.aspect.RequestAspect.printRequestLog:128 -方法 : com.lzy.blog.controller.LingkController.list
2020-07-05 13:51:12.542 INFO  [http-nio-9000-exec-6]com.lzy.blog.aspect.RequestAspect.printRequestLog:130 -请求参数：[]
2020-07-05 13:51:12.558 INFO  [http-nio-9000-exec-6]com.lzy.blog.aspect.RequestAspect.doAround:74 -耗时 : 28
2020-07-05 13:51:12.570 INFO  [http-nio-9000-exec-6]com.lzy.blog.aspect.RequestAspect.doAfterReturning:89 -返回值：{"code":2000,"data":[{"createdTime":"2020-07-05 13:28:41.0","linkId":1,"linkName":"百度","linkUrl":"www.bai.com","updateTime":"2020-07-05 13:42:39.0"},{"createdTime":"2020-07-05 13:31:19.0","linkId":2,"linkName":"秋生的小站","linkUrl":"https://zhipeng0908.gitee.io/","updateTime":"2020-07-05 13:31:19.0"},{"createdTime":"2020-07-05 13:34:17.0","linkId":3,"linkName":"鸡哥的博客","linkUrl":"https://me.csdn.net/qq_36403693","updateTime":"2020-07-05 13:34:17.0"}],"msg":"操作成功!"}
2020-07-05 13:51:51.112 INFO  [http-nio-9000-exec-7]com.lzy.blog.aspect.RequestAspect.printRequestLog:122 -请求地址 : /link/update
2020-07-05 13:51:51.114 INFO  [http-nio-9000-exec-7]com.lzy.blog.aspect.RequestAspect.printRequestLog:123 -请求方式 : PUT
2020-07-05 13:51:51.114 INFO  [http-nio-9000-exec-7]com.lzy.blog.aspect.RequestAspect.printRequestLog:126 -IP : 0:0:0:0:0:0:0:1
2020-07-05 13:51:51.115 INFO  [http-nio-9000-exec-7]com.lzy.blog.aspect.RequestAspect.printRequestLog:128 -方法 : com.lzy.blog.controller.LingkController.update
2020-07-05 13:51:51.116 INFO  [http-nio-9000-exec-7]com.lzy.blog.aspect.RequestAspect.printRequestLog:130 -请求参数：[Link(linkId=1, linkName=null, linkUrl=null, createdTime=null, updateTime=null, version=1, deleted=null)]
2020-07-05 13:51:51.170 INFO  [http-nio-9000-exec-7]com.lzy.blog.aspect.RequestAspect.doAround:74 -耗时 : 58
2020-07-05 13:51:51.172 INFO  [http-nio-9000-exec-7]com.lzy.blog.aspect.RequestAspect.doAfterReturning:89 -返回值：{"code":2000,"msg":"修改成功"}
2020-07-05 13:51:55.992 INFO  [http-nio-9000-exec-8]com.lzy.blog.aspect.RequestAspect.printRequestLog:122 -请求地址 : /link/list
2020-07-05 13:51:55.993 INFO  [http-nio-9000-exec-8]com.lzy.blog.aspect.RequestAspect.printRequestLog:123 -请求方式 : GET
2020-07-05 13:51:55.994 INFO  [http-nio-9000-exec-8]com.lzy.blog.aspect.RequestAspect.printRequestLog:126 -IP : 0:0:0:0:0:0:0:1
2020-07-05 13:51:55.994 INFO  [http-nio-9000-exec-8]com.lzy.blog.aspect.RequestAspect.printRequestLog:128 -方法 : com.lzy.blog.controller.LingkController.list
2020-07-05 13:51:55.995 INFO  [http-nio-9000-exec-8]com.lzy.blog.aspect.RequestAspect.printRequestLog:130 -请求参数：[]
2020-07-05 13:51:56.003 INFO  [http-nio-9000-exec-8]com.lzy.blog.aspect.RequestAspect.doAround:74 -耗时 : 11
2020-07-05 13:51:56.004 INFO  [http-nio-9000-exec-8]com.lzy.blog.aspect.RequestAspect.doAfterReturning:89 -返回值：{"code":2000,"data":[{"createdTime":"2020-07-05 13:28:41.0","linkId":1,"linkName":"百度","linkUrl":"www.bai.com","updateTime":"2020-07-05 13:51:51.0"},{"createdTime":"2020-07-05 13:31:19.0","linkId":2,"linkName":"秋生的小站","linkUrl":"https://zhipeng0908.gitee.io/","updateTime":"2020-07-05 13:31:19.0"},{"createdTime":"2020-07-05 13:34:17.0","linkId":3,"linkName":"鸡哥的博客","linkUrl":"https://me.csdn.net/qq_36403693","updateTime":"2020-07-05 13:34:17.0"}],"msg":"操作成功!"}
2020-07-05 13:54:18.089 INFO  [http-nio-9000-exec-1]com.lzy.blog.aspect.RequestAspect.printRequestLog:122 -请求地址 : /link/update
2020-07-05 13:54:18.091 INFO  [http-nio-9000-exec-1]com.lzy.blog.aspect.RequestAspect.printRequestLog:123 -请求方式 : PUT
2020-07-05 13:54:18.092 INFO  [http-nio-9000-exec-1]com.lzy.blog.aspect.RequestAspect.printRequestLog:126 -IP : 0:0:0:0:0:0:0:1
2020-07-05 13:54:18.092 INFO  [http-nio-9000-exec-1]com.lzy.blog.aspect.RequestAspect.printRequestLog:128 -方法 : com.lzy.blog.controller.LingkController.update
2020-07-05 13:54:18.093 INFO  [http-nio-9000-exec-1]com.lzy.blog.aspect.RequestAspect.printRequestLog:130 -请求参数：[Link(linkId=1, linkName=前端, linkUrl=null, createdTime=null, updateTime=null, version=1, deleted=null)]
2020-07-05 13:54:18.147 INFO  [http-nio-9000-exec-1]com.lzy.blog.aspect.RequestAspect.doAround:74 -耗时 : 58
2020-07-05 13:54:18.148 INFO  [http-nio-9000-exec-1]com.lzy.blog.aspect.RequestAspect.doAfterReturning:89 -返回值：{"code":2000,"msg":"修改成功"}
2020-07-05 13:54:21.214 INFO  [http-nio-9000-exec-2]com.lzy.blog.aspect.RequestAspect.printRequestLog:122 -请求地址 : /link/list
2020-07-05 13:54:21.215 INFO  [http-nio-9000-exec-2]com.lzy.blog.aspect.RequestAspect.printRequestLog:123 -请求方式 : GET
2020-07-05 13:54:21.215 INFO  [http-nio-9000-exec-2]com.lzy.blog.aspect.RequestAspect.printRequestLog:126 -IP : 0:0:0:0:0:0:0:1
2020-07-05 13:54:21.216 INFO  [http-nio-9000-exec-2]com.lzy.blog.aspect.RequestAspect.printRequestLog:128 -方法 : com.lzy.blog.controller.LingkController.list
2020-07-05 13:54:21.217 INFO  [http-nio-9000-exec-2]com.lzy.blog.aspect.RequestAspect.printRequestLog:130 -请求参数：[]
2020-07-05 13:54:21.226 INFO  [http-nio-9000-exec-2]com.lzy.blog.aspect.RequestAspect.doAround:74 -耗时 : 12
2020-07-05 13:54:21.227 INFO  [http-nio-9000-exec-2]com.lzy.blog.aspect.RequestAspect.doAfterReturning:89 -返回值：{"code":2000,"data":[{"createdTime":"2020-07-05 13:28:41.0","linkId":1,"linkName":"前端","linkUrl":"www.bai.com","updateTime":"2020-07-05 13:54:18.0"},{"createdTime":"2020-07-05 13:31:19.0","linkId":2,"linkName":"秋生的小站","linkUrl":"https://zhipeng0908.gitee.io/","updateTime":"2020-07-05 13:31:19.0"},{"createdTime":"2020-07-05 13:34:17.0","linkId":3,"linkName":"鸡哥的博客","linkUrl":"https://me.csdn.net/qq_36403693","updateTime":"2020-07-05 13:34:17.0"}],"msg":"操作成功!"}
2020-07-05 13:56:59.596 INFO  [http-nio-9000-exec-5]com.lzy.blog.aspect.RequestAspect.printRequestLog:122 -请求地址 : /link/update
2020-07-05 13:56:59.598 INFO  [http-nio-9000-exec-5]com.lzy.blog.aspect.RequestAspect.printRequestLog:123 -请求方式 : PUT
2020-07-05 13:56:59.598 INFO  [http-nio-9000-exec-5]com.lzy.blog.aspect.RequestAspect.printRequestLog:126 -IP : 0:0:0:0:0:0:0:1
2020-07-05 13:56:59.599 INFO  [http-nio-9000-exec-5]com.lzy.blog.aspect.RequestAspect.printRequestLog:128 -方法 : com.lzy.blog.controller.LingkController.update
2020-07-05 13:56:59.600 INFO  [http-nio-9000-exec-5]com.lzy.blog.aspect.RequestAspect.printRequestLog:130 -请求参数：[Link(linkId=1, linkName=百度, linkUrl=http://www.baidu.com, createdTime=null, updateTime=null, version=1, deleted=null)]
2020-07-05 13:56:59.608 INFO  [http-nio-9000-exec-5]com.lzy.blog.aspect.RequestAspect.doAround:74 -耗时 : 12
2020-07-05 13:56:59.609 INFO  [http-nio-9000-exec-5]com.lzy.blog.aspect.RequestAspect.doAfterReturning:89 -返回值：{"code":2000,"msg":"修改成功"}
2020-07-05 13:57:02.108 INFO  [http-nio-9000-exec-6]com.lzy.blog.aspect.RequestAspect.printRequestLog:122 -请求地址 : /link/list
2020-07-05 13:57:02.109 INFO  [http-nio-9000-exec-6]com.lzy.blog.aspect.RequestAspect.printRequestLog:123 -请求方式 : GET
2020-07-05 13:57:02.110 INFO  [http-nio-9000-exec-6]com.lzy.blog.aspect.RequestAspect.printRequestLog:126 -IP : 0:0:0:0:0:0:0:1
2020-07-05 13:57:02.111 INFO  [http-nio-9000-exec-6]com.lzy.blog.aspect.RequestAspect.printRequestLog:128 -方法 : com.lzy.blog.controller.LingkController.list
2020-07-05 13:57:02.112 INFO  [http-nio-9000-exec-6]com.lzy.blog.aspect.RequestAspect.printRequestLog:130 -请求参数：[]
2020-07-05 13:57:02.129 INFO  [http-nio-9000-exec-6]com.lzy.blog.aspect.RequestAspect.doAround:74 -耗时 : 21
2020-07-05 13:57:02.129 INFO  [http-nio-9000-exec-6]com.lzy.blog.aspect.RequestAspect.doAfterReturning:89 -返回值：{"code":2000,"data":[{"createdTime":"2020-07-05 13:28:41.0","linkId":1,"linkName":"前端","linkUrl":"www.bai.com","updateTime":"2020-07-05 13:54:18.0"},{"createdTime":"2020-07-05 13:31:19.0","linkId":2,"linkName":"秋生的小站","linkUrl":"https://zhipeng0908.gitee.io/","updateTime":"2020-07-05 13:31:19.0"},{"createdTime":"2020-07-05 13:34:17.0","linkId":3,"linkName":"鸡哥的博客","linkUrl":"https://me.csdn.net/qq_36403693","updateTime":"2020-07-05 13:34:17.0"}],"msg":"操作成功!"}
2020-07-05 13:57:22.716 INFO  [http-nio-9000-exec-7]com.lzy.blog.aspect.RequestAspect.printRequestLog:122 -请求地址 : /link/update
2020-07-05 13:57:22.717 INFO  [http-nio-9000-exec-7]com.lzy.blog.aspect.RequestAspect.printRequestLog:123 -请求方式 : PUT
2020-07-05 13:57:22.718 INFO  [http-nio-9000-exec-7]com.lzy.blog.aspect.RequestAspect.printRequestLog:126 -IP : 0:0:0:0:0:0:0:1
2020-07-05 13:57:22.719 INFO  [http-nio-9000-exec-7]com.lzy.blog.aspect.RequestAspect.printRequestLog:128 -方法 : com.lzy.blog.controller.LingkController.update
2020-07-05 13:57:22.720 INFO  [http-nio-9000-exec-7]com.lzy.blog.aspect.RequestAspect.printRequestLog:130 -请求参数：[Link(linkId=1, linkName=百度, linkUrl=http://www.baidu.com, createdTime=null, updateTime=null, version=1, deleted=null)]
2020-07-05 13:57:22.790 INFO  [http-nio-9000-exec-7]com.lzy.blog.aspect.RequestAspect.doAround:74 -耗时 : 74
2020-07-05 13:57:22.792 INFO  [http-nio-9000-exec-7]com.lzy.blog.aspect.RequestAspect.doAfterReturning:89 -返回值：{"code":2000,"msg":"修改成功"}
2020-07-05 13:57:25.037 INFO  [http-nio-9000-exec-8]com.lzy.blog.aspect.RequestAspect.printRequestLog:122 -请求地址 : /link/list
2020-07-05 13:57:25.039 INFO  [http-nio-9000-exec-8]com.lzy.blog.aspect.RequestAspect.printRequestLog:123 -请求方式 : GET
2020-07-05 13:57:25.039 INFO  [http-nio-9000-exec-8]com.lzy.blog.aspect.RequestAspect.printRequestLog:126 -IP : 0:0:0:0:0:0:0:1
2020-07-05 13:57:25.040 INFO  [http-nio-9000-exec-8]com.lzy.blog.aspect.RequestAspect.printRequestLog:128 -方法 : com.lzy.blog.controller.LingkController.list
2020-07-05 13:57:25.040 INFO  [http-nio-9000-exec-8]com.lzy.blog.aspect.RequestAspect.printRequestLog:130 -请求参数：[]
2020-07-05 13:57:25.048 INFO  [http-nio-9000-exec-8]com.lzy.blog.aspect.RequestAspect.doAround:74 -耗时 : 11
2020-07-05 13:57:25.050 INFO  [http-nio-9000-exec-8]com.lzy.blog.aspect.RequestAspect.doAfterReturning:89 -返回值：{"code":2000,"data":[{"createdTime":"2020-07-05 13:28:41.0","linkId":1,"linkName":"百度","linkUrl":"http://www.baidu.com","updateTime":"2020-07-05 13:57:22.0"},{"createdTime":"2020-07-05 13:31:19.0","linkId":2,"linkName":"秋生的小站","linkUrl":"https://zhipeng0908.gitee.io/","updateTime":"2020-07-05 13:31:19.0"},{"createdTime":"2020-07-05 13:34:17.0","linkId":3,"linkName":"鸡哥的博客","linkUrl":"https://me.csdn.net/qq_36403693","updateTime":"2020-07-05 13:34:17.0"}],"msg":"操作成功!"}
2020-07-05 14:03:29.660 INFO  [main]com.lzy.blog.LzyBlogApplication.logStarting:55 -Starting LzyBlogApplication on ICOS-20170907XR with PID 6788 (F:\springboot\lzy_blog\target\classes started by Administrator in F:\springboot\lzy_blog)
2020-07-05 14:03:29.676 INFO  [main]com.lzy.blog.LzyBlogApplication.logStartupProfileInfo:651 -No active profile set, falling back to default profiles: default
2020-07-05 14:03:33.004 INFO  [main]o.s.c.s.PostProcessorRegistrationDelegate$BeanPostProcessorChecker.postProcessAfterInitialization:335 -Bean 'shiroConfig' of type [com.lzy.blog.config.ShiroConfig$$EnhancerBySpringCGLIB$$6173ee35] is not eligible for getting processed by all BeanPostProcessors (for example: not eligible for auto-proxying)
2020-07-05 14:03:33.113 INFO  [main]o.s.c.s.PostProcessorRegistrationDelegate$BeanPostProcessorChecker.postProcessAfterInitialization:335 -Bean 'mybatis-org.mybatis.spring.boot.autoconfigure.MybatisProperties' of type [org.mybatis.spring.boot.autoconfigure.MybatisProperties] is not eligible for getting processed by all BeanPostProcessors (for example: not eligible for auto-proxying)
2020-07-05 14:03:33.142 INFO  [main]o.s.c.s.PostProcessorRegistrationDelegate$BeanPostProcessorChecker.postProcessAfterInitialization:335 -Bean 'org.mybatis.spring.boot.autoconfigure.MybatisAutoConfiguration' of type [org.mybatis.spring.boot.autoconfigure.MybatisAutoConfiguration$$EnhancerBySpringCGLIB$$7321843d] is not eligible for getting processed by all BeanPostProcessors (for example: not eligible for auto-proxying)
2020-07-05 14:03:33.149 INFO  [main]o.s.c.s.PostProcessorRegistrationDelegate$BeanPostProcessorChecker.postProcessAfterInitialization:335 -Bean 'com.alibaba.druid.spring.boot.autoconfigure.DruidDataSourceAutoConfigure' of type [com.alibaba.druid.spring.boot.autoconfigure.DruidDataSourceAutoConfigure$$EnhancerBySpringCGLIB$$59f9287f] is not eligible for getting processed by all BeanPostProcessors (for example: not eligible for auto-proxying)
2020-07-05 14:03:33.154 INFO  [main]c.a.d.s.boot.autoconfigure.DruidDataSourceAutoConfigure.dataSource:56 -Init DruidDataSource
2020-07-05 14:03:33.466 INFO  [main]o.s.c.s.PostProcessorRegistrationDelegate$BeanPostProcessorChecker.postProcessAfterInitialization:335 -Bean 'spring.datasource-org.springframework.boot.autoconfigure.jdbc.DataSourceProperties' of type [org.springframework.boot.autoconfigure.jdbc.DataSourceProperties] is not eligible for getting processed by all BeanPostProcessors (for example: not eligible for auto-proxying)
2020-07-05 14:03:33.514 INFO  [main]o.s.c.s.PostProcessorRegistrationDelegate$BeanPostProcessorChecker.postProcessAfterInitialization:335 -Bean 'com.alibaba.druid.spring.boot.autoconfigure.stat.DruidFilterConfiguration' of type [com.alibaba.druid.spring.boot.autoconfigure.stat.DruidFilterConfiguration] is not eligible for getting processed by all BeanPostProcessors (for example: not eligible for auto-proxying)
2020-07-05 14:03:33.574 INFO  [main]o.s.c.s.PostProcessorRegistrationDelegate$BeanPostProcessorChecker.postProcessAfterInitialization:335 -Bean 'statFilter' of type [com.alibaba.druid.filter.stat.StatFilter] is not eligible for getting processed by all BeanPostProcessors (for example: not eligible for auto-proxying)
2020-07-05 14:03:34.455 INFO  [main]com.alibaba.druid.pool.DruidDataSource.init:930 -{dataSource-1} inited
2020-07-05 14:03:34.456 INFO  [main]o.s.c.s.PostProcessorRegistrationDelegate$BeanPostProcessorChecker.postProcessAfterInitialization:335 -Bean 'dataSource' of type [com.alibaba.druid.spring.boot.autoconfigure.DruidDataSourceWrapper] is not eligible for getting processed by all BeanPostProcessors (for example: not eligible for auto-proxying)
2020-07-05 14:03:34.701 INFO  [main]o.s.c.s.PostProcessorRegistrationDelegate$BeanPostProcessorChecker.postProcessAfterInitialization:335 -Bean 'org.springframework.boot.autoconfigure.jdbc.DataSourceInitializerInvoker' of type [org.springframework.boot.autoconfigure.jdbc.DataSourceInitializerInvoker] is not eligible for getting processed by all BeanPostProcessors (for example: not eligible for auto-proxying)
2020-07-05 14:03:35.569 INFO  [main]o.s.c.s.PostProcessorRegistrationDelegate$BeanPostProcessorChecker.postProcessAfterInitialization:335 -Bean 'sqlSessionFactory' of type [org.apache.ibatis.session.defaults.DefaultSqlSessionFactory] is not eligible for getting processed by all BeanPostProcessors (for example: not eligible for auto-proxying)
2020-07-05 14:03:35.579 INFO  [main]o.s.c.s.PostProcessorRegistrationDelegate$BeanPostProcessorChecker.postProcessAfterInitialization:335 -Bean 'sqlSessionTemplate' of type [org.mybatis.spring.SqlSessionTemplate] is not eligible for getting processed by all BeanPostProcessors (for example: not eligible for auto-proxying)
2020-07-05 14:03:35.597 INFO  [main]o.s.c.s.PostProcessorRegistrationDelegate$BeanPostProcessorChecker.postProcessAfterInitialization:335 -Bean 'adminMapper' of type [org.mybatis.spring.mapper.MapperFactoryBean] is not eligible for getting processed by all BeanPostProcessors (for example: not eligible for auto-proxying)
2020-07-05 14:03:35.606 INFO  [main]o.s.c.s.PostProcessorRegistrationDelegate$BeanPostProcessorChecker.postProcessAfterInitialization:335 -Bean 'adminMapper' of type [com.sun.proxy.$Proxy71] is not eligible for getting processed by all BeanPostProcessors (for example: not eligible for auto-proxying)
2020-07-05 14:03:35.613 INFO  [main]o.s.c.s.PostProcessorRegistrationDelegate$BeanPostProcessorChecker.postProcessAfterInitialization:335 -Bean 'adminServiceImpl' of type [com.lzy.blog.service.impl.AdminServiceImpl] is not eligible for getting processed by all BeanPostProcessors (for example: not eligible for auto-proxying)
2020-07-05 14:03:35.616 INFO  [main]o.s.c.s.PostProcessorRegistrationDelegate$BeanPostProcessorChecker.postProcessAfterInitialization:335 -Bean 'adminRealm' of type [com.lzy.blog.realm.AdminRealm] is not eligible for getting processed by all BeanPostProcessors (for example: not eligible for auto-proxying)
2020-07-05 14:03:36.873 INFO  [main]o.s.c.s.PostProcessorRegistrationDelegate$BeanPostProcessorChecker.postProcessAfterInitialization:335 -Bean 'securityManager' of type [org.apache.shiro.web.mgt.DefaultWebSecurityManager] is not eligible for getting processed by all BeanPostProcessors (for example: not eligible for auto-proxying)
2020-07-05 14:03:36.926 INFO  [main]o.s.c.s.PostProcessorRegistrationDelegate$BeanPostProcessorChecker.postProcessAfterInitialization:335 -Bean 'authorizationAttributeSourceAdvisor' of type [org.apache.shiro.spring.security.interceptor.AuthorizationAttributeSourceAdvisor] is not eligible for getting processed by all BeanPostProcessors (for example: not eligible for auto-proxying)
2020-07-05 14:03:37.471 INFO  [main]o.s.boot.web.embedded.tomcat.TomcatWebServer.initialize:91 -Tomcat initialized with port(s): 9000 (http)
2020-07-05 14:03:37.487 INFO  [main]org.apache.coyote.http11.Http11NioProtocol.log:173 -Initializing ProtocolHandler ["http-nio-9000"]
2020-07-05 14:03:37.489 INFO  [main]org.apache.catalina.core.StandardService.log:173 -Starting service [Tomcat]
2020-07-05 14:03:37.490 INFO  [main]org.apache.catalina.core.StandardEngine.log:173 -Starting Servlet engine: [Apache Tomcat/9.0.34]
2020-07-05 14:03:37.711 INFO  [main]o.a.catalina.core.ContainerBase.[Tomcat].[localhost].[/].log:173 -Initializing Spring embedded WebApplicationContext
2020-07-05 14:03:37.711 INFO  [main]org.springframework.web.context.ContextLoader.prepareWebApplicationContext:284 -Root WebApplicationContext: initialization completed in 7809 ms
2020-07-05 14:03:40.144 INFO  [main]org.apache.coyote.http11.Http11NioProtocol.log:173 -Starting ProtocolHandler ["http-nio-9000"]
2020-07-05 14:03:40.180 INFO  [main]o.s.boot.web.embedded.tomcat.TomcatWebServer.start:203 -Tomcat started on port(s): 9000 (http) with context path ''
2020-07-05 14:03:40.185 INFO  [main]com.lzy.blog.LzyBlogApplication.logStarted:61 -Started LzyBlogApplication in 12.326 seconds (JVM running for 15.834)
2020-07-05 14:03:45.672 INFO  [http-nio-9000-exec-1]o.a.catalina.core.ContainerBase.[Tomcat].[localhost].[/].log:173 -Initializing Spring DispatcherServlet 'dispatcherServlet'
2020-07-05 14:03:45.674 INFO  [http-nio-9000-exec-1]org.springframework.web.servlet.DispatcherServlet.initServletBean:525 -Initializing Servlet 'dispatcherServlet'
2020-07-05 14:03:45.718 INFO  [http-nio-9000-exec-1]org.springframework.web.servlet.DispatcherServlet.initServletBean:547 -Completed initialization in 43 ms
2020-07-05 14:04:01.214 INFO  [http-nio-9000-exec-4]com.lzy.blog.aspect.RequestAspect.printRequestLog:122 -请求地址 : /admin/login
2020-07-05 14:04:01.216 INFO  [http-nio-9000-exec-4]com.lzy.blog.aspect.RequestAspect.printRequestLog:123 -请求方式 : POST
2020-07-05 14:04:01.218 INFO  [http-nio-9000-exec-4]com.lzy.blog.aspect.RequestAspect.printRequestLog:126 -IP : 0:0:0:0:0:0:0:1
2020-07-05 14:04:01.222 INFO  [http-nio-9000-exec-4]com.lzy.blog.aspect.RequestAspect.printRequestLog:128 -方法 : com.lzy.blog.controller.AdminController.login
2020-07-05 14:04:01.223 INFO  [http-nio-9000-exec-4]com.lzy.blog.aspect.RequestAspect.printRequestLog:130 -请求参数：[Admin(id=null, name=null, header=null, signature=null, comment=null, username=刘小少, password=e10adc3949ba59abbe56e057f20f883e)]
2020-07-05 14:04:01.340 INFO  [http-nio-9000-exec-4]com.lzy.blog.aspect.RequestAspect.doAround:74 -耗时 : 126
2020-07-05 14:04:01.449 INFO  [http-nio-9000-exec-4]com.lzy.blog.aspect.RequestAspect.doAfterReturning:89 -返回值：{"code":2000,"data":{"token":"692F9A265C917CAA9450D1B6B9EA2FB4"},"msg":"操作成功!"}
2020-07-05 14:04:25.254 INFO  [http-nio-9000-exec-7]com.lzy.blog.aspect.RequestAspect.printRequestLog:122 -请求地址 : /link/list
2020-07-05 14:04:25.255 INFO  [http-nio-9000-exec-7]com.lzy.blog.aspect.RequestAspect.printRequestLog:123 -请求方式 : GET
2020-07-05 14:04:25.256 INFO  [http-nio-9000-exec-7]com.lzy.blog.aspect.RequestAspect.printRequestLog:126 -IP : 0:0:0:0:0:0:0:1
2020-07-05 14:04:25.257 INFO  [http-nio-9000-exec-7]com.lzy.blog.aspect.RequestAspect.printRequestLog:128 -方法 : com.lzy.blog.controller.LingkController.list
2020-07-05 14:04:25.258 INFO  [http-nio-9000-exec-7]com.lzy.blog.aspect.RequestAspect.printRequestLog:130 -请求参数：[]
2020-07-05 14:04:25.287 INFO  [http-nio-9000-exec-7]com.lzy.blog.aspect.RequestAspect.doAround:74 -耗时 : 33
2020-07-05 14:04:25.297 INFO  [http-nio-9000-exec-7]com.lzy.blog.aspect.RequestAspect.doAfterReturning:89 -返回值：{"code":2000,"data":[{"createdTime":"2020-07-05 13:28:41.0","linkId":1,"linkName":"百度","linkUrl":"http://www.baidu.com","updateTime":"2020-07-05 13:57:22.0"},{"createdTime":"2020-07-05 13:31:19.0","linkId":2,"linkName":"秋生的小站","linkUrl":"https://zhipeng0908.gitee.io/","updateTime":"2020-07-05 13:31:19.0"},{"createdTime":"2020-07-05 13:34:17.0","linkId":3,"linkName":"鸡哥的博客","linkUrl":"https://me.csdn.net/qq_36403693","updateTime":"2020-07-05 13:34:17.0"}],"msg":"操作成功!"}
2020-07-05 14:04:51.959 INFO  [http-nio-9000-exec-6]com.lzy.blog.aspect.RequestAspect.printRequestLog:122 -请求地址 : /link/get/1
2020-07-05 14:04:51.960 INFO  [http-nio-9000-exec-6]com.lzy.blog.aspect.RequestAspect.printRequestLog:123 -请求方式 : GET
2020-07-05 14:04:51.961 INFO  [http-nio-9000-exec-6]com.lzy.blog.aspect.RequestAspect.printRequestLog:126 -IP : 0:0:0:0:0:0:0:1
2020-07-05 14:04:51.962 INFO  [http-nio-9000-exec-6]com.lzy.blog.aspect.RequestAspect.printRequestLog:128 -方法 : com.lzy.blog.controller.LingkController.get
2020-07-05 14:04:51.963 INFO  [http-nio-9000-exec-6]com.lzy.blog.aspect.RequestAspect.printRequestLog:130 -请求参数：[1]
2020-07-05 14:04:51.971 INFO  [http-nio-9000-exec-6]com.lzy.blog.aspect.RequestAspect.doAround:74 -耗时 : 12
2020-07-05 14:04:51.972 INFO  [http-nio-9000-exec-6]com.lzy.blog.aspect.RequestAspect.doAfterReturning:89 -返回值：{"code":2000,"data":{"linkId":1,"linkName":"百度","linkUrl":"http://www.baidu.com","version":2},"msg":"操作成功!"}
2020-07-05 22:27:59.350 INFO  [main]com.lzy.blog.LzyBlogApplication.logStarting:55 -Starting LzyBlogApplication on ICOS-20170907XR with PID 13216 (F:\springboot\lzy_blog\target\classes started by Administrator in F:\springboot\lzy_blog)
2020-07-05 22:27:59.419 INFO  [main]com.lzy.blog.LzyBlogApplication.logStartupProfileInfo:651 -No active profile set, falling back to default profiles: default
2020-07-05 22:28:04.050 INFO  [main]o.s.c.s.PostProcessorRegistrationDelegate$BeanPostProcessorChecker.postProcessAfterInitialization:335 -Bean 'shiroConfig' of type [com.lzy.blog.config.ShiroConfig$$EnhancerBySpringCGLIB$$9abb1a1f] is not eligible for getting processed by all BeanPostProcessors (for example: not eligible for auto-proxying)
2020-07-05 22:28:04.277 INFO  [main]o.s.c.s.PostProcessorRegistrationDelegate$BeanPostProcessorChecker.postProcessAfterInitialization:335 -Bean 'mybatis-org.mybatis.spring.boot.autoconfigure.MybatisProperties' of type [org.mybatis.spring.boot.autoconfigure.MybatisProperties] is not eligible for getting processed by all BeanPostProcessors (for example: not eligible for auto-proxying)
2020-07-05 22:28:04.304 INFO  [main]o.s.c.s.PostProcessorRegistrationDelegate$BeanPostProcessorChecker.postProcessAfterInitialization:335 -Bean 'org.mybatis.spring.boot.autoconfigure.MybatisAutoConfiguration' of type [org.mybatis.spring.boot.autoconfigure.MybatisAutoConfiguration$$EnhancerBySpringCGLIB$$ac68b027] is not eligible for getting processed by all BeanPostProcessors (for example: not eligible for auto-proxying)
2020-07-05 22:28:04.311 INFO  [main]o.s.c.s.PostProcessorRegistrationDelegate$BeanPostProcessorChecker.postProcessAfterInitialization:335 -Bean 'com.alibaba.druid.spring.boot.autoconfigure.DruidDataSourceAutoConfigure' of type [com.alibaba.druid.spring.boot.autoconfigure.DruidDataSourceAutoConfigure$$EnhancerBySpringCGLIB$$93405469] is not eligible for getting processed by all BeanPostProcessors (for example: not eligible for auto-proxying)
2020-07-05 22:28:04.320 INFO  [main]c.a.d.s.boot.autoconfigure.DruidDataSourceAutoConfigure.dataSource:56 -Init DruidDataSource
2020-07-05 22:28:04.561 INFO  [main]o.s.c.s.PostProcessorRegistrationDelegate$BeanPostProcessorChecker.postProcessAfterInitialization:335 -Bean 'spring.datasource-org.springframework.boot.autoconfigure.jdbc.DataSourceProperties' of type [org.springframework.boot.autoconfigure.jdbc.DataSourceProperties] is not eligible for getting processed by all BeanPostProcessors (for example: not eligible for auto-proxying)
2020-07-05 22:28:04.599 INFO  [main]o.s.c.s.PostProcessorRegistrationDelegate$BeanPostProcessorChecker.postProcessAfterInitialization:335 -Bean 'com.alibaba.druid.spring.boot.autoconfigure.stat.DruidFilterConfiguration' of type [com.alibaba.druid.spring.boot.autoconfigure.stat.DruidFilterConfiguration] is not eligible for getting processed by all BeanPostProcessors (for example: not eligible for auto-proxying)
2020-07-05 22:28:04.644 INFO  [main]o.s.c.s.PostProcessorRegistrationDelegate$BeanPostProcessorChecker.postProcessAfterInitialization:335 -Bean 'statFilter' of type [com.alibaba.druid.filter.stat.StatFilter] is not eligible for getting processed by all BeanPostProcessors (for example: not eligible for auto-proxying)
2020-07-05 22:28:06.396 INFO  [main]com.alibaba.druid.pool.DruidDataSource.init:930 -{dataSource-1} inited
2020-07-05 22:28:06.398 INFO  [main]o.s.c.s.PostProcessorRegistrationDelegate$BeanPostProcessorChecker.postProcessAfterInitialization:335 -Bean 'dataSource' of type [com.alibaba.druid.spring.boot.autoconfigure.DruidDataSourceWrapper] is not eligible for getting processed by all BeanPostProcessors (for example: not eligible for auto-proxying)
2020-07-05 22:28:06.624 INFO  [main]o.s.c.s.PostProcessorRegistrationDelegate$BeanPostProcessorChecker.postProcessAfterInitialization:335 -Bean 'org.springframework.boot.autoconfigure.jdbc.DataSourceInitializerInvoker' of type [org.springframework.boot.autoconfigure.jdbc.DataSourceInitializerInvoker] is not eligible for getting processed by all BeanPostProcessors (for example: not eligible for auto-proxying)
2020-07-05 22:28:07.437 INFO  [main]o.s.c.s.PostProcessorRegistrationDelegate$BeanPostProcessorChecker.postProcessAfterInitialization:335 -Bean 'sqlSessionFactory' of type [org.apache.ibatis.session.defaults.DefaultSqlSessionFactory] is not eligible for getting processed by all BeanPostProcessors (for example: not eligible for auto-proxying)
2020-07-05 22:28:07.457 INFO  [main]o.s.c.s.PostProcessorRegistrationDelegate$BeanPostProcessorChecker.postProcessAfterInitialization:335 -Bean 'sqlSessionTemplate' of type [org.mybatis.spring.SqlSessionTemplate] is not eligible for getting processed by all BeanPostProcessors (for example: not eligible for auto-proxying)
2020-07-05 22:28:07.485 INFO  [main]o.s.c.s.PostProcessorRegistrationDelegate$BeanPostProcessorChecker.postProcessAfterInitialization:335 -Bean 'adminMapper' of type [org.mybatis.spring.mapper.MapperFactoryBean] is not eligible for getting processed by all BeanPostProcessors (for example: not eligible for auto-proxying)
2020-07-05 22:28:07.501 INFO  [main]o.s.c.s.PostProcessorRegistrationDelegate$BeanPostProcessorChecker.postProcessAfterInitialization:335 -Bean 'adminMapper' of type [com.sun.proxy.$Proxy71] is not eligible for getting processed by all BeanPostProcessors (for example: not eligible for auto-proxying)
2020-07-05 22:28:07.508 INFO  [main]o.s.c.s.PostProcessorRegistrationDelegate$BeanPostProcessorChecker.postProcessAfterInitialization:335 -Bean 'adminServiceImpl' of type [com.lzy.blog.service.impl.AdminServiceImpl] is not eligible for getting processed by all BeanPostProcessors (for example: not eligible for auto-proxying)
2020-07-05 22:28:07.513 INFO  [main]o.s.c.s.PostProcessorRegistrationDelegate$BeanPostProcessorChecker.postProcessAfterInitialization:335 -Bean 'adminRealm' of type [com.lzy.blog.realm.AdminRealm] is not eligible for getting processed by all BeanPostProcessors (for example: not eligible for auto-proxying)
2020-07-05 22:28:09.218 INFO  [main]o.s.c.s.PostProcessorRegistrationDelegate$BeanPostProcessorChecker.postProcessAfterInitialization:335 -Bean 'securityManager' of type [org.apache.shiro.web.mgt.DefaultWebSecurityManager] is not eligible for getting processed by all BeanPostProcessors (for example: not eligible for auto-proxying)
2020-07-05 22:28:09.447 INFO  [main]o.s.c.s.PostProcessorRegistrationDelegate$BeanPostProcessorChecker.postProcessAfterInitialization:335 -Bean 'authorizationAttributeSourceAdvisor' of type [org.apache.shiro.spring.security.interceptor.AuthorizationAttributeSourceAdvisor] is not eligible for getting processed by all BeanPostProcessors (for example: not eligible for auto-proxying)
2020-07-05 22:28:10.737 INFO  [main]o.s.boot.web.embedded.tomcat.TomcatWebServer.initialize:91 -Tomcat initialized with port(s): 9000 (http)
2020-07-05 22:28:10.762 INFO  [main]org.apache.coyote.http11.Http11NioProtocol.log:173 -Initializing ProtocolHandler ["http-nio-9000"]
2020-07-05 22:28:10.765 INFO  [main]org.apache.catalina.core.StandardService.log:173 -Starting service [Tomcat]
2020-07-05 22:28:10.766 INFO  [main]org.apache.catalina.core.StandardEngine.log:173 -Starting Servlet engine: [Apache Tomcat/9.0.34]
2020-07-05 22:28:11.146 INFO  [main]o.a.catalina.core.ContainerBase.[Tomcat].[localhost].[/].log:173 -Initializing Spring embedded WebApplicationContext
2020-07-05 22:28:11.147 INFO  [main]org.springframework.web.context.ContextLoader.prepareWebApplicationContext:284 -Root WebApplicationContext: initialization completed in 11492 ms
2020-07-05 22:28:15.235 INFO  [main]org.apache.coyote.http11.Http11NioProtocol.log:173 -Starting ProtocolHandler ["http-nio-9000"]
2020-07-05 22:28:15.332 INFO  [main]o.s.boot.web.embedded.tomcat.TomcatWebServer.start:203 -Tomcat started on port(s): 9000 (http) with context path ''
2020-07-05 22:28:15.338 INFO  [main]com.lzy.blog.LzyBlogApplication.logStarted:61 -Started LzyBlogApplication in 19.853 seconds (JVM running for 24.47)
2020-07-05 22:28:27.128 INFO  [http-nio-9000-exec-1]o.a.catalina.core.ContainerBase.[Tomcat].[localhost].[/].log:173 -Initializing Spring DispatcherServlet 'dispatcherServlet'
2020-07-05 22:28:27.130 INFO  [http-nio-9000-exec-1]org.springframework.web.servlet.DispatcherServlet.initServletBean:525 -Initializing Servlet 'dispatcherServlet'
2020-07-05 22:28:27.163 INFO  [http-nio-9000-exec-1]org.springframework.web.servlet.DispatcherServlet.initServletBean:547 -Completed initialization in 32 ms
2020-07-05 22:28:27.478 INFO  [http-nio-9000-exec-1]com.lzy.blog.aspect.RequestAspect.printRequestLog:122 -请求地址 : /admin/login
2020-07-05 22:28:27.491 INFO  [http-nio-9000-exec-1]com.lzy.blog.aspect.RequestAspect.printRequestLog:123 -请求方式 : POST
2020-07-05 22:28:27.504 INFO  [http-nio-9000-exec-1]com.lzy.blog.aspect.RequestAspect.printRequestLog:126 -IP : 0:0:0:0:0:0:0:1
2020-07-05 22:28:27.507 INFO  [http-nio-9000-exec-1]com.lzy.blog.aspect.RequestAspect.printRequestLog:128 -方法 : com.lzy.blog.controller.AdminController.login
2020-07-05 22:28:27.508 INFO  [http-nio-9000-exec-1]com.lzy.blog.aspect.RequestAspect.printRequestLog:130 -请求参数：[Admin(id=null, name=null, header=null, signature=null, comment=null, username=刘小少, password=e10adc3949ba59abbe56e057f20f883e)]
2020-07-05 22:28:28.065 INFO  [http-nio-9000-exec-1]com.lzy.blog.aspect.RequestAspect.doAround:74 -耗时 : 592
2020-07-05 22:28:28.230 INFO  [http-nio-9000-exec-1]com.lzy.blog.aspect.RequestAspect.doAfterReturning:89 -返回值：{"code":2000,"data":{"token":"1161163E8937CE50DE2E8D62C9696BCA"},"msg":"操作成功!"}
2020-07-05 22:32:01.132 INFO  [http-nio-9000-exec-7]com.lzy.blog.aspect.RequestAspect.printRequestLog:122 -请求地址 : /admin/updateInfo
2020-07-05 22:32:01.134 INFO  [http-nio-9000-exec-7]com.lzy.blog.aspect.RequestAspect.printRequestLog:123 -请求方式 : PUT
2020-07-05 22:32:01.135 INFO  [http-nio-9000-exec-7]com.lzy.blog.aspect.RequestAspect.printRequestLog:126 -IP : 0:0:0:0:0:0:0:1
2020-07-05 22:32:01.136 INFO  [http-nio-9000-exec-7]com.lzy.blog.aspect.RequestAspect.printRequestLog:128 -方法 : com.lzy.blog.controller.AdminController.updateInfo
2020-07-05 22:32:01.137 INFO  [http-nio-9000-exec-7]com.lzy.blog.aspect.RequestAspect.printRequestLog:130 -请求参数：[Admin(id=1, name=null, header=null, signature=一动可搬山，可倒海!!!, comment=null, username=null, password=null)]
2020-07-05 22:32:01.561 INFO  [http-nio-9000-exec-7]com.lzy.blog.aspect.RequestAspect.doAround:74 -耗时 : 429
2020-07-05 22:32:01.561 INFO  [http-nio-9000-exec-7]com.lzy.blog.aspect.RequestAspect.doAfterReturning:89 -返回值：{"code":2000,"msg":"更新成功！"}
2020-07-05 22:33:38.126 INFO  [http-nio-9000-exec-2]com.lzy.blog.aspect.RequestAspect.printRequestLog:122 -请求地址 : /admin/getAdmin
2020-07-05 22:33:38.127 INFO  [http-nio-9000-exec-2]com.lzy.blog.aspect.RequestAspect.printRequestLog:123 -请求方式 : GET
2020-07-05 22:33:38.128 INFO  [http-nio-9000-exec-2]com.lzy.blog.aspect.RequestAspect.printRequestLog:126 -IP : 0:0:0:0:0:0:0:1
2020-07-05 22:33:38.131 INFO  [http-nio-9000-exec-2]com.lzy.blog.aspect.RequestAspect.printRequestLog:128 -方法 : com.lzy.blog.controller.AdminController.getAdmin
2020-07-05 22:33:38.132 INFO  [http-nio-9000-exec-2]com.lzy.blog.aspect.RequestAspect.printRequestLog:130 -请求参数：[]
2020-07-05 22:33:38.143 INFO  [http-nio-9000-exec-2]com.lzy.blog.aspect.RequestAspect.doAround:74 -耗时 : 17
2020-07-05 22:33:38.153 INFO  [http-nio-9000-exec-2]com.lzy.blog.aspect.RequestAspect.doAfterReturning:89 -返回值：{"code":2000,"data":{"comment":"我是java劝退师","id":1,"name":"刘哥","signature":"一动可搬山，可倒海!!!","username":"刘小少"},"msg":"操作成功!"}
