2020-08-27 13:40:38.548 DEBUG [main]com.lzy.blog.LzyBlogApplication.logStarting:56 -Running with Spring Boot v2.2.7.RELEASE, Spring v5.2.6.RELEASE
2020-08-27 13:41:10.757 DEBUG [http-nio-9000-exec-1]com.lzy.blog.mapper.UserMapper.getByUsername.debug:159 -==>  Preparing: select user_id, username,password,sex, header, nickname, user_email,deleted from bl_user where username = ? 
2020-08-27 13:41:10.822 DEBUG [http-nio-9000-exec-1]com.lzy.blog.mapper.UserMapper.getByUsername.debug:159 -==> Parameters: admin(String)
2020-08-27 13:41:10.927 DEBUG [http-nio-9000-exec-1]com.lzy.blog.mapper.UserMapper.getByUsername.debug:159 -<==      Total: 0
2020-08-27 13:41:11.223 DEBUG [http-nio-9000-exec-1]com.lzy.blog.mapper.LogMapper.save.debug:159 -==>  Preparing: insert into bl_log ( log_url, log_params, log_status, log_message, log_method, log_time, log_result, log_ip ) values ( ?,?,?,?,?,?, ?,? ) 
2020-08-27 13:41:11.231 DEBUG [http-nio-9000-exec-1]com.lzy.blog.mapper.LogMapper.save.debug:159 -==> Parameters: /admin/login(String), [Admin(id=null, name=null, header=null, signature=null, comment=null, username=admin, password=e10adc3949ba59abbe56e057f20f883e)](String), 1(Integer), null, POST(String), 365(Long), {"code":40002,"msg":"用户名或者密码或者密码错误"}(String), 127.0.0.1(String)
2020-08-27 13:41:11.323 DEBUG [http-nio-9000-exec-1]com.lzy.blog.mapper.LogMapper.save.debug:159 -<==    Updates: 1
2020-08-27 13:42:10.343 DEBUG [http-nio-9000-exec-2]com.lzy.blog.mapper.UserMapper.getByUsername.debug:159 -==>  Preparing: select user_id, username,password,sex, header, nickname, user_email,deleted from bl_user where username = ? 
2020-08-27 13:42:10.345 DEBUG [http-nio-9000-exec-2]com.lzy.blog.mapper.UserMapper.getByUsername.debug:159 -==> Parameters: admin(String)
2020-08-27 13:42:10.391 DEBUG [http-nio-9000-exec-2]com.lzy.blog.mapper.UserMapper.getByUsername.debug:159 -<==      Total: 0
2020-08-27 13:42:10.452 DEBUG [http-nio-9000-exec-2]com.lzy.blog.mapper.LogMapper.save.debug:159 -==>  Preparing: insert into bl_log ( log_url, log_params, log_status, log_message, log_method, log_time, log_result, log_ip ) values ( ?,?,?,?,?,?, ?,? ) 
2020-08-27 13:42:10.454 DEBUG [http-nio-9000-exec-2]com.lzy.blog.mapper.LogMapper.save.debug:159 -==> Parameters: /admin/login(String), [Admin(id=null, name=null, header=null, signature=null, comment=null, username=admin, password=e10adc3949ba59abbe56e057f20f883e)](String), 1(Integer), null, POST(String), 114(Long), {"code":40002,"msg":"用户名或者密码或者密码错误"}(String), 127.0.0.1(String)
2020-08-27 13:42:10.547 DEBUG [http-nio-9000-exec-2]com.lzy.blog.mapper.LogMapper.save.debug:159 -<==    Updates: 1
2020-08-27 13:59:00.115 DEBUG [main]com.lzy.blog.LzyBlogApplication.logStarting:56 -Running with Spring Boot v2.2.7.RELEASE, Spring v5.2.6.RELEASE
2020-08-27 13:59:45.568 DEBUG [http-nio-9000-exec-1]com.lzy.blog.mapper.AdminMapper.getByUserName.debug:159 -==>  Preparing: select name,header, signature, username, password from bl_admin where username = ? 
2020-08-27 13:59:45.678 DEBUG [http-nio-9000-exec-1]com.lzy.blog.mapper.AdminMapper.getByUserName.debug:159 -==> Parameters: admin(String)
2020-08-27 13:59:45.817 DEBUG [http-nio-9000-exec-1]com.lzy.blog.mapper.AdminMapper.getByUserName.debug:159 -<==      Total: 1
2020-08-27 13:59:46.052 DEBUG [http-nio-9000-exec-1]com.lzy.blog.mapper.LogMapper.save.debug:159 -==>  Preparing: insert into bl_log ( log_url, log_params, log_status, log_message, log_method, log_time, log_result, log_ip ) values ( ?,?,?,?,?,?, ?,? ) 
2020-08-27 13:59:46.060 DEBUG [http-nio-9000-exec-1]com.lzy.blog.mapper.LogMapper.save.debug:159 -==> Parameters: /admin/login(String), [Admin(id=null, name=null, header=null, signature=null, comment=null, username=admin, password=e10adc3949ba59abbe56e057f20f883e)](String), 1(Integer), null, POST(String), 436(Long), {"code":20000,"data":{"token":"6D8F36F0262661F6CBC848EE6F47F2BF"},"msg":"操作成功!"}(String), 127.0.0.1(String)
2020-08-27 13:59:46.159 DEBUG [http-nio-9000-exec-1]com.lzy.blog.mapper.LogMapper.save.debug:159 -<==    Updates: 1
2020-08-27 13:59:46.645 DEBUG [http-nio-9000-exec-2]com.lzy.blog.mapper.LogMapper.save.debug:159 -==>  Preparing: insert into bl_log ( log_url, log_params, log_status, log_message, log_method, log_time, log_result, log_ip ) values ( ?,?,?,?,?,?, ?,? ) 
2020-08-27 13:59:46.650 DEBUG [http-nio-9000-exec-2]com.lzy.blog.mapper.LogMapper.save.debug:159 -==> Parameters: /admin/info(String), [](String), 1(Integer), null, GET(String), 7(Long), {"code":20000,"data":{"header":"http://39.106.88.87/group1/M00/00/00/rBzOXl9D7sWAZZSPAAW7AUeNm2E532.jpg","name":"刘哥","password":"","signature":"不能再忍了","username":"admin"},"msg":"操作成功!"}(String), 127.0.0.1(String)
2020-08-27 13:59:46.751 DEBUG [http-nio-9000-exec-2]com.lzy.blog.mapper.LogMapper.save.debug:159 -<==    Updates: 1
2020-08-27 13:59:49.284 DEBUG [http-nio-9000-exec-3]com.lzy.blog.mapper.TypeMapper.getTypeList.debug:159 -==>  Preparing: select type_id,type_name,type_blog_count from bl_type where deleted = 0 and enable =1 
2020-08-27 13:59:49.286 DEBUG [http-nio-9000-exec-3]com.lzy.blog.mapper.TypeMapper.getTypeList.debug:159 -==> Parameters: 
2020-08-27 13:59:49.340 DEBUG [http-nio-9000-exec-3]com.lzy.blog.mapper.TypeMapper.getTypeList.debug:159 -<==      Total: 3
2020-08-27 13:59:49.431 DEBUG [http-nio-9000-exec-3]com.lzy.blog.mapper.LogMapper.save.debug:159 -==>  Preparing: insert into bl_log ( log_url, log_params, log_status, log_message, log_method, log_time, log_result, log_ip ) values ( ?,?,?,?,?,?, ?,? ) 
2020-08-27 13:59:49.434 DEBUG [http-nio-9000-exec-3]com.lzy.blog.mapper.LogMapper.save.debug:159 -==> Parameters: /type/getList(String), [](String), 1(Integer), null, GET(String), 154(Long), {"code":20000,"data":[{"typeBlogCount":1,"typeId":1,"typeName":"java"},{"typeBlogCount":0,"typeId":3,"typeName":"前端"},{"typeBlogCount":0,"typeId":4,"typeName":"mysql"}],"msg":"操作成功!"}(String), 127.0.0.1(String)
2020-08-27 13:59:49.526 DEBUG [http-nio-9000-exec-3]com.lzy.blog.mapper.LogMapper.save.debug:159 -<==    Updates: 1
2020-08-27 13:59:51.292 DEBUG [http-nio-9000-exec-4]com.lzy.blog.mapper.TypeMapper.getAll.debug:159 -==>  Preparing: select type_id,type_name,type_blog_count,enable from bl_type where deleted = 0 
2020-08-27 13:59:51.293 DEBUG [http-nio-9000-exec-4]com.lzy.blog.mapper.TypeMapper.getAll.debug:159 -==> Parameters: 
2020-08-27 13:59:51.340 DEBUG [http-nio-9000-exec-4]com.lzy.blog.mapper.TypeMapper.getAll.debug:159 -<==      Total: 4
2020-08-27 13:59:51.395 DEBUG [http-nio-9000-exec-4]com.lzy.blog.mapper.LogMapper.save.debug:159 -==>  Preparing: insert into bl_log ( log_url, log_params, log_status, log_message, log_method, log_time, log_result, log_ip ) values ( ?,?,?,?,?,?, ?,? ) 
2020-08-27 13:59:51.396 DEBUG [http-nio-9000-exec-4]com.lzy.blog.mapper.LogMapper.save.debug:159 -==> Parameters: /type/listBack(String), [](String), 1(Integer), null, GET(String), 111(Long), {"code":20000,"data":[{"enable":1,"typeBlogCount":1,"typeId":1,"typeName":"java"},{"enable":0,"typeBlogCount":0,"typeId":2,"typeName":"linux"},{"enable":1,"typeBlogCount":0,"typeId":3,"typeName":"前端"},{"enable":1,"typeBlogCount":0,"typeId":4,"typeName":"mysql"}],"msg":"操作成功!"}(String), 127.0.0.1(String)
2020-08-27 13:59:51.489 DEBUG [http-nio-9000-exec-4]com.lzy.blog.mapper.LogMapper.save.debug:159 -<==    Updates: 1
2020-08-27 14:02:06.554 DEBUG [main]com.lzy.blog.LzyBlogApplicationTests.logStarting:56 -Running with Spring Boot v2.2.7.RELEASE, Spring v5.2.6.RELEASE
