2020-06-22 00:01:54.104 INFO  [main]com.lzy.blog.LzyBlogApplication.logStarting:55 -Starting LzyBlogApplication on ICOS-20170907XR with PID 3964 (F:\springboot\lzy_blog\target\classes started by Administrator in F:\springboot\lzy_blog)
2020-06-22 00:01:54.150 INFO  [main]com.lzy.blog.LzyBlogApplication.logStartupProfileInfo:651 -No active profile set, falling back to default profiles: default
2020-06-22 00:01:56.957 INFO  [main]o.s.c.s.PostProcessorRegistrationDelegate$BeanPostProcessorChecker.postProcessAfterInitialization:335 -Bean 'shiroConfig' of type [com.lzy.blog.config.ShiroConfig$$EnhancerBySpringCGLIB$$5f61bc24] is not eligible for getting processed by all BeanPostProcessors (for example: not eligible for auto-proxying)
2020-06-22 00:01:57.049 INFO  [main]o.s.c.s.PostProcessorRegistrationDelegate$BeanPostProcessorChecker.postProcessAfterInitialization:335 -Bean 'mybatis-org.mybatis.spring.boot.autoconfigure.MybatisProperties' of type [org.mybatis.spring.boot.autoconfigure.MybatisProperties] is not eligible for getting processed by all BeanPostProcessors (for example: not eligible for auto-proxying)
2020-06-22 00:01:57.071 INFO  [main]o.s.c.s.PostProcessorRegistrationDelegate$BeanPostProcessorChecker.postProcessAfterInitialization:335 -Bean 'org.mybatis.spring.boot.autoconfigure.MybatisAutoConfiguration' of type [org.mybatis.spring.boot.autoconfigure.MybatisAutoConfiguration$$EnhancerBySpringCGLIB$$710f522c] is not eligible for getting processed by all BeanPostProcessors (for example: not eligible for auto-proxying)
2020-06-22 00:01:57.080 INFO  [main]o.s.c.s.PostProcessorRegistrationDelegate$BeanPostProcessorChecker.postProcessAfterInitialization:335 -Bean 'com.alibaba.druid.spring.boot.autoconfigure.DruidDataSourceAutoConfigure' of type [com.alibaba.druid.spring.boot.autoconfigure.DruidDataSourceAutoConfigure$$EnhancerBySpringCGLIB$$57e6f66e] is not eligible for getting processed by all BeanPostProcessors (for example: not eligible for auto-proxying)
2020-06-22 00:01:57.087 INFO  [main]c.a.d.s.boot.autoconfigure.DruidDataSourceAutoConfigure.dataSource:56 -Init DruidDataSource
2020-06-22 00:01:57.251 INFO  [main]o.s.c.s.PostProcessorRegistrationDelegate$BeanPostProcessorChecker.postProcessAfterInitialization:335 -Bean 'spring.datasource-org.springframework.boot.autoconfigure.jdbc.DataSourceProperties' of type [org.springframework.boot.autoconfigure.jdbc.DataSourceProperties] is not eligible for getting processed by all BeanPostProcessors (for example: not eligible for auto-proxying)
2020-06-22 00:01:57.280 INFO  [main]o.s.c.s.PostProcessorRegistrationDelegate$BeanPostProcessorChecker.postProcessAfterInitialization:335 -Bean 'com.alibaba.druid.spring.boot.autoconfigure.stat.DruidFilterConfiguration' of type [com.alibaba.druid.spring.boot.autoconfigure.stat.DruidFilterConfiguration] is not eligible for getting processed by all BeanPostProcessors (for example: not eligible for auto-proxying)
2020-06-22 00:01:57.325 INFO  [main]o.s.c.s.PostProcessorRegistrationDelegate$BeanPostProcessorChecker.postProcessAfterInitialization:335 -Bean 'statFilter' of type [com.alibaba.druid.filter.stat.StatFilter] is not eligible for getting processed by all BeanPostProcessors (for example: not eligible for auto-proxying)
2020-06-22 00:01:58.451 INFO  [main]com.alibaba.druid.pool.DruidDataSource.init:930 -{dataSource-1} inited
2020-06-22 00:01:58.452 INFO  [main]o.s.c.s.PostProcessorRegistrationDelegate$BeanPostProcessorChecker.postProcessAfterInitialization:335 -Bean 'dataSource' of type [com.alibaba.druid.spring.boot.autoconfigure.DruidDataSourceWrapper] is not eligible for getting processed by all BeanPostProcessors (for example: not eligible for auto-proxying)
2020-06-22 00:01:58.633 INFO  [main]o.s.c.s.PostProcessorRegistrationDelegate$BeanPostProcessorChecker.postProcessAfterInitialization:335 -Bean 'org.springframework.boot.autoconfigure.jdbc.DataSourceInitializerInvoker' of type [org.springframework.boot.autoconfigure.jdbc.DataSourceInitializerInvoker] is not eligible for getting processed by all BeanPostProcessors (for example: not eligible for auto-proxying)
2020-06-22 00:01:59.274 INFO  [main]o.s.c.s.PostProcessorRegistrationDelegate$BeanPostProcessorChecker.postProcessAfterInitialization:335 -Bean 'sqlSessionFactory' of type [org.apache.ibatis.session.defaults.DefaultSqlSessionFactory] is not eligible for getting processed by all BeanPostProcessors (for example: not eligible for auto-proxying)
2020-06-22 00:01:59.287 INFO  [main]o.s.c.s.PostProcessorRegistrationDelegate$BeanPostProcessorChecker.postProcessAfterInitialization:335 -Bean 'sqlSessionTemplate' of type [org.mybatis.spring.SqlSessionTemplate] is not eligible for getting processed by all BeanPostProcessors (for example: not eligible for auto-proxying)
2020-06-22 00:01:59.301 INFO  [main]o.s.c.s.PostProcessorRegistrationDelegate$BeanPostProcessorChecker.postProcessAfterInitialization:335 -Bean 'adminMapper' of type [org.mybatis.spring.mapper.MapperFactoryBean] is not eligible for getting processed by all BeanPostProcessors (for example: not eligible for auto-proxying)
2020-06-22 00:01:59.307 INFO  [main]o.s.c.s.PostProcessorRegistrationDelegate$BeanPostProcessorChecker.postProcessAfterInitialization:335 -Bean 'adminMapper' of type [com.sun.proxy.$Proxy71] is not eligible for getting processed by all BeanPostProcessors (for example: not eligible for auto-proxying)
2020-06-22 00:01:59.310 INFO  [main]o.s.c.s.PostProcessorRegistrationDelegate$BeanPostProcessorChecker.postProcessAfterInitialization:335 -Bean 'adminServiceImpl' of type [com.lzy.blog.service.impl.AdminServiceImpl] is not eligible for getting processed by all BeanPostProcessors (for example: not eligible for auto-proxying)
2020-06-22 00:01:59.312 INFO  [main]o.s.c.s.PostProcessorRegistrationDelegate$BeanPostProcessorChecker.postProcessAfterInitialization:335 -Bean 'adminRealm' of type [com.lzy.blog.realm.AdminRealm] is not eligible for getting processed by all BeanPostProcessors (for example: not eligible for auto-proxying)
2020-06-22 00:02:00.580 INFO  [main]o.s.c.s.PostProcessorRegistrationDelegate$BeanPostProcessorChecker.postProcessAfterInitialization:335 -Bean 'securityManager' of type [org.apache.shiro.web.mgt.DefaultWebSecurityManager] is not eligible for getting processed by all BeanPostProcessors (for example: not eligible for auto-proxying)
2020-06-22 00:02:00.624 INFO  [main]o.s.c.s.PostProcessorRegistrationDelegate$BeanPostProcessorChecker.postProcessAfterInitialization:335 -Bean 'authorizationAttributeSourceAdvisor' of type [org.apache.shiro.spring.security.interceptor.AuthorizationAttributeSourceAdvisor] is not eligible for getting processed by all BeanPostProcessors (for example: not eligible for auto-proxying)
2020-06-22 00:02:01.256 INFO  [main]o.s.boot.web.embedded.tomcat.TomcatWebServer.initialize:91 -Tomcat initialized with port(s): 9000 (http)
2020-06-22 00:02:01.270 INFO  [main]org.apache.coyote.http11.Http11NioProtocol.log:173 -Initializing ProtocolHandler ["http-nio-9000"]
2020-06-22 00:02:01.271 INFO  [main]org.apache.catalina.core.StandardService.log:173 -Starting service [Tomcat]
2020-06-22 00:02:01.272 INFO  [main]org.apache.catalina.core.StandardEngine.log:173 -Starting Servlet engine: [Apache Tomcat/9.0.34]
2020-06-22 00:02:01.444 INFO  [main]o.a.catalina.core.ContainerBase.[Tomcat].[localhost].[/].log:173 -Initializing Spring embedded WebApplicationContext
2020-06-22 00:02:01.445 INFO  [main]org.springframework.web.context.ContextLoader.prepareWebApplicationContext:284 -Root WebApplicationContext: initialization completed in 7125 ms
2020-06-22 00:02:03.814 INFO  [main]org.apache.coyote.http11.Http11NioProtocol.log:173 -Starting ProtocolHandler ["http-nio-9000"]
2020-06-22 00:02:03.867 INFO  [main]o.s.boot.web.embedded.tomcat.TomcatWebServer.start:203 -Tomcat started on port(s): 9000 (http) with context path ''
2020-06-22 00:02:03.872 INFO  [main]com.lzy.blog.LzyBlogApplication.logStarted:61 -Started LzyBlogApplication in 13.176 seconds (JVM running for 18.242)
2020-06-22 00:03:09.979 INFO  [http-nio-9000-exec-2]o.a.catalina.core.ContainerBase.[Tomcat].[localhost].[/].log:173 -Initializing Spring DispatcherServlet 'dispatcherServlet'
2020-06-22 00:03:09.982 INFO  [http-nio-9000-exec-2]org.springframework.web.servlet.DispatcherServlet.initServletBean:525 -Initializing Servlet 'dispatcherServlet'
2020-06-22 00:03:10.026 INFO  [http-nio-9000-exec-2]org.springframework.web.servlet.DispatcherServlet.initServletBean:547 -Completed initialization in 43 ms
2020-06-22 00:03:10.400 INFO  [http-nio-9000-exec-2]com.lzy.blog.aspect.RequestAspect.printRequestLog:122 -请求地址 : /admin/login
2020-06-22 00:03:10.402 INFO  [http-nio-9000-exec-2]com.lzy.blog.aspect.RequestAspect.printRequestLog:123 -请求方式 : POST
2020-06-22 00:03:10.409 INFO  [http-nio-9000-exec-2]com.lzy.blog.aspect.RequestAspect.printRequestLog:126 -IP : 0:0:0:0:0:0:0:1
2020-06-22 00:03:10.413 INFO  [http-nio-9000-exec-2]com.lzy.blog.aspect.RequestAspect.printRequestLog:128 -方法 : com.lzy.blog.controller.AdminController.login
2020-06-22 00:03:10.414 INFO  [http-nio-9000-exec-2]com.lzy.blog.aspect.RequestAspect.printRequestLog:130 -请求参数：[Admin(id=null, name=null, header=null, signature=null, comment=null, username=admin, password=21232f297a57a5a743894a0e4a801fc3)]
2020-06-22 00:03:11.452 INFO  [http-nio-9000-exec-2]com.lzy.blog.aspect.RequestAspect.doAround:74 -耗时 : 1053
2020-06-22 00:03:11.624 INFO  [http-nio-9000-exec-2]com.lzy.blog.aspect.RequestAspect.doAfterReturning:89 -返回值：{"code":40002,"msg":"用户名或者密码或者密码错误"}
