2020-08-14 21:18:04.103 INFO  [main]com.lzy.blog.LzyBlogApplication.logStarting:55 -Starting LzyBlogApplication on ICOS-20170907XR with PID 9412 (F:\springboot\lzy_blog\target\classes started by Administrator in F:\springboot\lzy_blog)
2020-08-14 21:18:04.234 INFO  [main]com.lzy.blog.LzyBlogApplication.logStartupProfileInfo:651 -No active profile set, falling back to default profiles: default
2020-08-14 21:18:26.132 INFO  [main]o.s.c.s.PostProcessorRegistrationDelegate$BeanPostProcessorChecker.postProcessAfterInitialization:335 -Bean 'shiroConfig' of type [com.lzy.blog.config.ShiroConfig$$EnhancerBySpringCGLIB$$71d5b4f4] is not eligible for getting processed by all BeanPostProcessors (for example: not eligible for auto-proxying)
2020-08-14 21:18:26.418 INFO  [main]o.s.c.s.PostProcessorRegistrationDelegate$BeanPostProcessorChecker.postProcessAfterInitialization:335 -Bean 'mybatis-org.mybatis.spring.boot.autoconfigure.MybatisProperties' of type [org.mybatis.spring.boot.autoconfigure.MybatisProperties] is not eligible for getting processed by all BeanPostProcessors (for example: not eligible for auto-proxying)
2020-08-14 21:18:26.468 INFO  [main]o.s.c.s.PostProcessorRegistrationDelegate$BeanPostProcessorChecker.postProcessAfterInitialization:335 -Bean 'org.mybatis.spring.boot.autoconfigure.MybatisAutoConfiguration' of type [org.mybatis.spring.boot.autoconfigure.MybatisAutoConfiguration$$EnhancerBySpringCGLIB$$83834afc] is not eligible for getting processed by all BeanPostProcessors (for example: not eligible for auto-proxying)
2020-08-14 21:18:26.478 INFO  [main]o.s.c.s.PostProcessorRegistrationDelegate$BeanPostProcessorChecker.postProcessAfterInitialization:335 -Bean 'com.alibaba.druid.spring.boot.autoconfigure.DruidDataSourceAutoConfigure' of type [com.alibaba.druid.spring.boot.autoconfigure.DruidDataSourceAutoConfigure$$EnhancerBySpringCGLIB$$6a5aef3e] is not eligible for getting processed by all BeanPostProcessors (for example: not eligible for auto-proxying)
2020-08-14 21:18:26.487 INFO  [main]c.a.d.s.boot.autoconfigure.DruidDataSourceAutoConfigure.dataSource:56 -Init DruidDataSource
2020-08-14 21:18:27.085 INFO  [main]o.s.c.s.PostProcessorRegistrationDelegate$BeanPostProcessorChecker.postProcessAfterInitialization:335 -Bean 'spring.datasource-org.springframework.boot.autoconfigure.jdbc.DataSourceProperties' of type [org.springframework.boot.autoconfigure.jdbc.DataSourceProperties] is not eligible for getting processed by all BeanPostProcessors (for example: not eligible for auto-proxying)
2020-08-14 21:18:27.111 INFO  [main]o.s.c.s.PostProcessorRegistrationDelegate$BeanPostProcessorChecker.postProcessAfterInitialization:335 -Bean 'com.alibaba.druid.spring.boot.autoconfigure.stat.DruidFilterConfiguration' of type [com.alibaba.druid.spring.boot.autoconfigure.stat.DruidFilterConfiguration] is not eligible for getting processed by all BeanPostProcessors (for example: not eligible for auto-proxying)
2020-08-14 21:18:27.364 INFO  [main]o.s.c.s.PostProcessorRegistrationDelegate$BeanPostProcessorChecker.postProcessAfterInitialization:335 -Bean 'statFilter' of type [com.alibaba.druid.filter.stat.StatFilter] is not eligible for getting processed by all BeanPostProcessors (for example: not eligible for auto-proxying)
2020-08-14 21:18:33.711 INFO  [main]com.alibaba.druid.pool.DruidDataSource.init:930 -{dataSource-1} inited
2020-08-14 21:18:33.720 INFO  [main]o.s.c.s.PostProcessorRegistrationDelegate$BeanPostProcessorChecker.postProcessAfterInitialization:335 -Bean 'dataSource' of type [com.alibaba.druid.spring.boot.autoconfigure.DruidDataSourceWrapper] is not eligible for getting processed by all BeanPostProcessors (for example: not eligible for auto-proxying)
2020-08-14 21:18:34.077 INFO  [main]o.s.c.s.PostProcessorRegistrationDelegate$BeanPostProcessorChecker.postProcessAfterInitialization:335 -Bean 'org.springframework.boot.autoconfigure.jdbc.DataSourceInitializerInvoker' of type [org.springframework.boot.autoconfigure.jdbc.DataSourceInitializerInvoker] is not eligible for getting processed by all BeanPostProcessors (for example: not eligible for auto-proxying)
2020-08-14 21:18:40.105 INFO  [main]o.s.c.s.PostProcessorRegistrationDelegate$BeanPostProcessorChecker.postProcessAfterInitialization:335 -Bean 'sqlSessionFactory' of type [org.apache.ibatis.session.defaults.DefaultSqlSessionFactory] is not eligible for getting processed by all BeanPostProcessors (for example: not eligible for auto-proxying)
2020-08-14 21:18:40.155 INFO  [main]o.s.c.s.PostProcessorRegistrationDelegate$BeanPostProcessorChecker.postProcessAfterInitialization:335 -Bean 'sqlSessionTemplate' of type [org.mybatis.spring.SqlSessionTemplate] is not eligible for getting processed by all BeanPostProcessors (for example: not eligible for auto-proxying)
2020-08-14 21:18:40.198 INFO  [main]o.s.c.s.PostProcessorRegistrationDelegate$BeanPostProcessorChecker.postProcessAfterInitialization:335 -Bean 'adminMapper' of type [org.mybatis.spring.mapper.MapperFactoryBean] is not eligible for getting processed by all BeanPostProcessors (for example: not eligible for auto-proxying)
2020-08-14 21:18:40.212 INFO  [main]o.s.c.s.PostProcessorRegistrationDelegate$BeanPostProcessorChecker.postProcessAfterInitialization:335 -Bean 'adminMapper' of type [com.sun.proxy.$Proxy71] is not eligible for getting processed by all BeanPostProcessors (for example: not eligible for auto-proxying)
2020-08-14 21:18:40.227 INFO  [main]o.s.c.s.PostProcessorRegistrationDelegate$BeanPostProcessorChecker.postProcessAfterInitialization:335 -Bean 'adminServiceImpl' of type [com.lzy.blog.service.impl.AdminServiceImpl] is not eligible for getting processed by all BeanPostProcessors (for example: not eligible for auto-proxying)
2020-08-14 21:18:40.231 INFO  [main]o.s.c.s.PostProcessorRegistrationDelegate$BeanPostProcessorChecker.postProcessAfterInitialization:335 -Bean 'adminRealm' of type [com.lzy.blog.realm.AdminRealm] is not eligible for getting processed by all BeanPostProcessors (for example: not eligible for auto-proxying)
2020-08-14 21:18:44.827 INFO  [main]o.s.c.s.PostProcessorRegistrationDelegate$BeanPostProcessorChecker.postProcessAfterInitialization:335 -Bean 'securityManager' of type [org.apache.shiro.web.mgt.DefaultWebSecurityManager] is not eligible for getting processed by all BeanPostProcessors (for example: not eligible for auto-proxying)
2020-08-14 21:18:44.876 INFO  [main]o.s.c.s.PostProcessorRegistrationDelegate$BeanPostProcessorChecker.postProcessAfterInitialization:335 -Bean 'authorizationAttributeSourceAdvisor' of type [org.apache.shiro.spring.security.interceptor.AuthorizationAttributeSourceAdvisor] is not eligible for getting processed by all BeanPostProcessors (for example: not eligible for auto-proxying)
2020-08-14 21:18:49.288 INFO  [main]o.s.boot.web.embedded.tomcat.TomcatWebServer.initialize:91 -Tomcat initialized with port(s): 9000 (http)
2020-08-14 21:18:49.433 INFO  [main]org.apache.coyote.http11.Http11NioProtocol.log:173 -Initializing ProtocolHandler ["http-nio-9000"]
2020-08-14 21:18:49.436 INFO  [main]org.apache.catalina.core.StandardService.log:173 -Starting service [Tomcat]
2020-08-14 21:18:49.438 INFO  [main]org.apache.catalina.core.StandardEngine.log:173 -Starting Servlet engine: [Apache Tomcat/9.0.34]
2020-08-14 21:18:50.993 INFO  [main]o.a.catalina.core.ContainerBase.[Tomcat].[localhost].[/].log:173 -Initializing Spring embedded WebApplicationContext
2020-08-14 21:18:50.995 INFO  [main]org.springframework.web.context.ContextLoader.prepareWebApplicationContext:284 -Root WebApplicationContext: initialization completed in 46084 ms
2020-08-14 21:19:03.904 INFO  [main]org.apache.coyote.http11.Http11NioProtocol.log:173 -Starting ProtocolHandler ["http-nio-9000"]
2020-08-14 21:19:04.157 INFO  [main]o.s.boot.web.embedded.tomcat.TomcatWebServer.start:203 -Tomcat started on port(s): 9000 (http) with context path ''
2020-08-14 21:19:04.171 INFO  [main]com.lzy.blog.LzyBlogApplication.logStarted:61 -Started LzyBlogApplication in 75.594 seconds (JVM running for 108.463)
2020-08-14 21:23:58.709 INFO  [http-nio-9000-exec-1]o.a.catalina.core.ContainerBase.[Tomcat].[localhost].[/].log:173 -Initializing Spring DispatcherServlet 'dispatcherServlet'
2020-08-14 21:23:58.712 INFO  [http-nio-9000-exec-1]org.springframework.web.servlet.DispatcherServlet.initServletBean:525 -Initializing Servlet 'dispatcherServlet'
2020-08-14 21:23:58.771 INFO  [http-nio-9000-exec-1]org.springframework.web.servlet.DispatcherServlet.initServletBean:547 -Completed initialization in 58 ms
2020-08-14 21:24:00.004 INFO  [http-nio-9000-exec-1]com.lzy.blog.aspect.RequestAspect.printRequestLog:122 -请求地址 : /admin/login
2020-08-14 21:24:00.009 INFO  [http-nio-9000-exec-1]com.lzy.blog.aspect.RequestAspect.printRequestLog:123 -请求方式 : POST
2020-08-14 21:24:00.019 INFO  [http-nio-9000-exec-1]com.lzy.blog.aspect.RequestAspect.printRequestLog:126 -IP : 127.0.0.1
2020-08-14 21:24:00.069 INFO  [http-nio-9000-exec-1]com.lzy.blog.aspect.RequestAspect.printRequestLog:128 -方法 : com.lzy.blog.controller.AdminController.login
2020-08-14 21:24:00.087 INFO  [http-nio-9000-exec-1]com.lzy.blog.aspect.RequestAspect.printRequestLog:130 -请求参数：[Admin(id=null, name=null, header=null, signature=null, comment=null, username=admin, password=e10adc3949ba59abbe56e057f20f883e)]
2020-08-14 21:24:01.671 INFO  [http-nio-9000-exec-1]com.lzy.blog.aspect.RequestAspect.doAround:74 -耗时 : 1668
2020-08-14 21:24:02.470 INFO  [http-nio-9000-exec-1]com.lzy.blog.aspect.RequestAspect.doAfterReturning:89 -返回值：{"code":2000,"data":{"token":"8F3D2AFCEBFB7C8B46DE876CCF823E62"},"msg":"操作成功!"}
2020-08-14 21:45:41.851 INFO  [http-nio-9000-exec-2]com.lzy.blog.aspect.RequestAspect.printRequestLog:122 -请求地址 : /admin/login
2020-08-14 21:45:41.854 INFO  [http-nio-9000-exec-2]com.lzy.blog.aspect.RequestAspect.printRequestLog:123 -请求方式 : POST
2020-08-14 21:45:41.856 INFO  [http-nio-9000-exec-2]com.lzy.blog.aspect.RequestAspect.printRequestLog:126 -IP : 127.0.0.1
2020-08-14 21:45:41.858 INFO  [http-nio-9000-exec-2]com.lzy.blog.aspect.RequestAspect.printRequestLog:128 -方法 : com.lzy.blog.controller.AdminController.login
2020-08-14 21:45:41.860 INFO  [http-nio-9000-exec-2]com.lzy.blog.aspect.RequestAspect.printRequestLog:130 -请求参数：[Admin(id=null, name=null, header=null, signature=null, comment=null, username=admin, password=e10adc3949ba59abbe56e057f20f883e)]
2020-08-14 21:45:41.876 INFO  [http-nio-9000-exec-2]com.lzy.blog.aspect.RequestAspect.doAround:74 -耗时 : 25
2020-08-14 21:45:41.877 INFO  [http-nio-9000-exec-2]com.lzy.blog.aspect.RequestAspect.doAfterReturning:89 -返回值：{"code":2000,"data":{"token":"E0A51AF2A3A2BA7551E3DA1B790D3FCB"},"msg":"操作成功!"}
2020-08-14 23:10:06.663 INFO  [main]com.lzy.blog.LzyBlogApplication.logStarting:55 -Starting LzyBlogApplication on ICOS-20170907XR with PID 3408 (F:\springboot\lzy_blog\target\classes started by Administrator in F:\springboot\lzy_blog)
2020-08-14 23:10:06.773 INFO  [main]com.lzy.blog.LzyBlogApplication.logStartupProfileInfo:651 -No active profile set, falling back to default profiles: default
2020-08-14 23:10:17.428 INFO  [main]o.s.c.s.PostProcessorRegistrationDelegate$BeanPostProcessorChecker.postProcessAfterInitialization:335 -Bean 'shiroConfig' of type [com.lzy.blog.config.ShiroConfig$$EnhancerBySpringCGLIB$$ed0cf023] is not eligible for getting processed by all BeanPostProcessors (for example: not eligible for auto-proxying)
2020-08-14 23:10:17.604 INFO  [main]o.s.c.s.PostProcessorRegistrationDelegate$BeanPostProcessorChecker.postProcessAfterInitialization:335 -Bean 'mybatis-org.mybatis.spring.boot.autoconfigure.MybatisProperties' of type [org.mybatis.spring.boot.autoconfigure.MybatisProperties] is not eligible for getting processed by all BeanPostProcessors (for example: not eligible for auto-proxying)
2020-08-14 23:10:17.625 INFO  [main]o.s.c.s.PostProcessorRegistrationDelegate$BeanPostProcessorChecker.postProcessAfterInitialization:335 -Bean 'org.mybatis.spring.boot.autoconfigure.MybatisAutoConfiguration' of type [org.mybatis.spring.boot.autoconfigure.MybatisAutoConfiguration$$EnhancerBySpringCGLIB$$feba862b] is not eligible for getting processed by all BeanPostProcessors (for example: not eligible for auto-proxying)
2020-08-14 23:10:17.772 INFO  [main]o.s.c.s.PostProcessorRegistrationDelegate$BeanPostProcessorChecker.postProcessAfterInitialization:335 -Bean 'com.alibaba.druid.spring.boot.autoconfigure.DruidDataSourceAutoConfigure' of type [com.alibaba.druid.spring.boot.autoconfigure.DruidDataSourceAutoConfigure$$EnhancerBySpringCGLIB$$e5922a6d] is not eligible for getting processed by all BeanPostProcessors (for example: not eligible for auto-proxying)
2020-08-14 23:10:17.779 INFO  [main]c.a.d.s.boot.autoconfigure.DruidDataSourceAutoConfigure.dataSource:56 -Init DruidDataSource
2020-08-14 23:10:18.289 INFO  [main]o.s.c.s.PostProcessorRegistrationDelegate$BeanPostProcessorChecker.postProcessAfterInitialization:335 -Bean 'spring.datasource-org.springframework.boot.autoconfigure.jdbc.DataSourceProperties' of type [org.springframework.boot.autoconfigure.jdbc.DataSourceProperties] is not eligible for getting processed by all BeanPostProcessors (for example: not eligible for auto-proxying)
2020-08-14 23:10:18.320 INFO  [main]o.s.c.s.PostProcessorRegistrationDelegate$BeanPostProcessorChecker.postProcessAfterInitialization:335 -Bean 'com.alibaba.druid.spring.boot.autoconfigure.stat.DruidFilterConfiguration' of type [com.alibaba.druid.spring.boot.autoconfigure.stat.DruidFilterConfiguration] is not eligible for getting processed by all BeanPostProcessors (for example: not eligible for auto-proxying)
2020-08-14 23:10:18.511 INFO  [main]o.s.c.s.PostProcessorRegistrationDelegate$BeanPostProcessorChecker.postProcessAfterInitialization:335 -Bean 'statFilter' of type [com.alibaba.druid.filter.stat.StatFilter] is not eligible for getting processed by all BeanPostProcessors (for example: not eligible for auto-proxying)
2020-08-14 23:10:20.792 INFO  [main]com.alibaba.druid.pool.DruidDataSource.init:930 -{dataSource-1} inited
2020-08-14 23:10:20.795 INFO  [main]o.s.c.s.PostProcessorRegistrationDelegate$BeanPostProcessorChecker.postProcessAfterInitialization:335 -Bean 'dataSource' of type [com.alibaba.druid.spring.boot.autoconfigure.DruidDataSourceWrapper] is not eligible for getting processed by all BeanPostProcessors (for example: not eligible for auto-proxying)
2020-08-14 23:10:21.005 INFO  [main]o.s.c.s.PostProcessorRegistrationDelegate$BeanPostProcessorChecker.postProcessAfterInitialization:335 -Bean 'org.springframework.boot.autoconfigure.jdbc.DataSourceInitializerInvoker' of type [org.springframework.boot.autoconfigure.jdbc.DataSourceInitializerInvoker] is not eligible for getting processed by all BeanPostProcessors (for example: not eligible for auto-proxying)
2020-08-14 23:10:22.736 INFO  [main]o.s.c.s.PostProcessorRegistrationDelegate$BeanPostProcessorChecker.postProcessAfterInitialization:335 -Bean 'sqlSessionFactory' of type [org.apache.ibatis.session.defaults.DefaultSqlSessionFactory] is not eligible for getting processed by all BeanPostProcessors (for example: not eligible for auto-proxying)
2020-08-14 23:10:22.750 INFO  [main]o.s.c.s.PostProcessorRegistrationDelegate$BeanPostProcessorChecker.postProcessAfterInitialization:335 -Bean 'sqlSessionTemplate' of type [org.mybatis.spring.SqlSessionTemplate] is not eligible for getting processed by all BeanPostProcessors (for example: not eligible for auto-proxying)
2020-08-14 23:10:22.769 INFO  [main]o.s.c.s.PostProcessorRegistrationDelegate$BeanPostProcessorChecker.postProcessAfterInitialization:335 -Bean 'adminMapper' of type [org.mybatis.spring.mapper.MapperFactoryBean] is not eligible for getting processed by all BeanPostProcessors (for example: not eligible for auto-proxying)
2020-08-14 23:10:22.778 INFO  [main]o.s.c.s.PostProcessorRegistrationDelegate$BeanPostProcessorChecker.postProcessAfterInitialization:335 -Bean 'adminMapper' of type [com.sun.proxy.$Proxy71] is not eligible for getting processed by all BeanPostProcessors (for example: not eligible for auto-proxying)
2020-08-14 23:10:22.784 INFO  [main]o.s.c.s.PostProcessorRegistrationDelegate$BeanPostProcessorChecker.postProcessAfterInitialization:335 -Bean 'adminServiceImpl' of type [com.lzy.blog.service.impl.AdminServiceImpl] is not eligible for getting processed by all BeanPostProcessors (for example: not eligible for auto-proxying)
2020-08-14 23:10:22.787 INFO  [main]o.s.c.s.PostProcessorRegistrationDelegate$BeanPostProcessorChecker.postProcessAfterInitialization:335 -Bean 'adminRealm' of type [com.lzy.blog.realm.AdminRealm] is not eligible for getting processed by all BeanPostProcessors (for example: not eligible for auto-proxying)
2020-08-14 23:10:31.943 INFO  [main]o.s.c.s.PostProcessorRegistrationDelegate$BeanPostProcessorChecker.postProcessAfterInitialization:335 -Bean 'securityManager' of type [org.apache.shiro.web.mgt.DefaultWebSecurityManager] is not eligible for getting processed by all BeanPostProcessors (for example: not eligible for auto-proxying)
2020-08-14 23:10:32.087 INFO  [main]o.s.c.s.PostProcessorRegistrationDelegate$BeanPostProcessorChecker.postProcessAfterInitialization:335 -Bean 'authorizationAttributeSourceAdvisor' of type [org.apache.shiro.spring.security.interceptor.AuthorizationAttributeSourceAdvisor] is not eligible for getting processed by all BeanPostProcessors (for example: not eligible for auto-proxying)
2020-08-14 23:10:35.194 INFO  [main]o.s.boot.web.embedded.tomcat.TomcatWebServer.initialize:91 -Tomcat initialized with port(s): 9000 (http)
2020-08-14 23:10:35.287 INFO  [main]org.apache.coyote.http11.Http11NioProtocol.log:173 -Initializing ProtocolHandler ["http-nio-9000"]
2020-08-14 23:10:35.292 INFO  [main]org.apache.catalina.core.StandardService.log:173 -Starting service [Tomcat]
2020-08-14 23:10:35.295 INFO  [main]org.apache.catalina.core.StandardEngine.log:173 -Starting Servlet engine: [Apache Tomcat/9.0.34]
2020-08-14 23:10:36.097 INFO  [main]o.a.catalina.core.ContainerBase.[Tomcat].[localhost].[/].log:173 -Initializing Spring embedded WebApplicationContext
2020-08-14 23:10:36.099 INFO  [main]org.springframework.web.context.ContextLoader.prepareWebApplicationContext:284 -Root WebApplicationContext: initialization completed in 29006 ms
2020-08-14 23:10:42.234 INFO  [main]org.apache.coyote.http11.Http11NioProtocol.log:173 -Starting ProtocolHandler ["http-nio-9000"]
2020-08-14 23:10:42.319 INFO  [main]o.s.boot.web.embedded.tomcat.TomcatWebServer.start:203 -Tomcat started on port(s): 9000 (http) with context path ''
2020-08-14 23:10:42.330 INFO  [main]com.lzy.blog.LzyBlogApplication.logStarted:61 -Started LzyBlogApplication in 42.302 seconds (JVM running for 52.777)
2020-08-14 23:11:15.641 INFO  [http-nio-9000-exec-1]o.a.catalina.core.ContainerBase.[Tomcat].[localhost].[/].log:173 -Initializing Spring DispatcherServlet 'dispatcherServlet'
2020-08-14 23:11:15.644 INFO  [http-nio-9000-exec-1]org.springframework.web.servlet.DispatcherServlet.initServletBean:525 -Initializing Servlet 'dispatcherServlet'
2020-08-14 23:11:15.697 INFO  [http-nio-9000-exec-1]org.springframework.web.servlet.DispatcherServlet.initServletBean:547 -Completed initialization in 52 ms
2020-08-14 23:11:16.555 INFO  [http-nio-9000-exec-1]com.lzy.blog.aspect.RequestAspect.printRequestLog:122 -请求地址 : /admin/login
2020-08-14 23:11:16.575 INFO  [http-nio-9000-exec-1]com.lzy.blog.aspect.RequestAspect.printRequestLog:123 -请求方式 : POST
2020-08-14 23:11:16.584 INFO  [http-nio-9000-exec-1]com.lzy.blog.aspect.RequestAspect.printRequestLog:126 -IP : 127.0.0.1
2020-08-14 23:11:16.617 INFO  [http-nio-9000-exec-1]com.lzy.blog.aspect.RequestAspect.printRequestLog:128 -方法 : com.lzy.blog.controller.AdminController.login
2020-08-14 23:11:16.618 INFO  [http-nio-9000-exec-1]com.lzy.blog.aspect.RequestAspect.printRequestLog:130 -请求参数：[Admin(id=null, name=null, header=null, signature=null, comment=null, username=admin, password=e10adc3949ba59abbe56e057f20f883e)]
2020-08-14 23:11:17.460 INFO  [http-nio-9000-exec-1]com.lzy.blog.aspect.RequestAspect.doAround:74 -耗时 : 906
2020-08-14 23:11:18.248 INFO  [http-nio-9000-exec-1]com.lzy.blog.aspect.RequestAspect.doAfterReturning:89 -返回值：{"code":2000,"data":{"token":"B5B79A69CD43B45F022315EFB228B3AC"},"msg":"操作成功!"}
2020-08-14 23:13:26.815 INFO  [http-nio-9000-exec-2]com.lzy.blog.aspect.RequestAspect.printRequestLog:122 -请求地址 : /admin/login
2020-08-14 23:13:26.816 INFO  [http-nio-9000-exec-2]com.lzy.blog.aspect.RequestAspect.printRequestLog:123 -请求方式 : POST
2020-08-14 23:13:26.818 INFO  [http-nio-9000-exec-2]com.lzy.blog.aspect.RequestAspect.printRequestLog:126 -IP : 127.0.0.1
2020-08-14 23:13:26.818 INFO  [http-nio-9000-exec-2]com.lzy.blog.aspect.RequestAspect.printRequestLog:128 -方法 : com.lzy.blog.controller.AdminController.login
2020-08-14 23:13:26.819 INFO  [http-nio-9000-exec-2]com.lzy.blog.aspect.RequestAspect.printRequestLog:130 -请求参数：[Admin(id=null, name=null, header=null, signature=null, comment=null, username=admin, password=e10adc3949ba59abbe56e057f20f883e)]
2020-08-14 23:13:26.831 INFO  [http-nio-9000-exec-2]com.lzy.blog.aspect.RequestAspect.doAround:74 -耗时 : 16
2020-08-14 23:13:26.833 INFO  [http-nio-9000-exec-2]com.lzy.blog.aspect.RequestAspect.doAfterReturning:89 -返回值：{"code":2000,"data":{"token":"B5B79A69CD43B45F022315EFB228B3AC"},"msg":"操作成功!"}
2020-08-14 23:15:32.806 INFO  [main]com.lzy.blog.LzyBlogApplication.logStarting:55 -Starting LzyBlogApplication on ICOS-20170907XR with PID 1860 (F:\springboot\lzy_blog\target\classes started by Administrator in F:\springboot\lzy_blog)
2020-08-14 23:15:32.830 INFO  [main]com.lzy.blog.LzyBlogApplication.logStartupProfileInfo:651 -No active profile set, falling back to default profiles: default
2020-08-14 23:15:37.108 INFO  [main]o.s.c.s.PostProcessorRegistrationDelegate$BeanPostProcessorChecker.postProcessAfterInitialization:335 -Bean 'shiroConfig' of type [com.lzy.blog.config.ShiroConfig$$EnhancerBySpringCGLIB$$adf9bf8e] is not eligible for getting processed by all BeanPostProcessors (for example: not eligible for auto-proxying)
2020-08-14 23:15:37.248 INFO  [main]o.s.c.s.PostProcessorRegistrationDelegate$BeanPostProcessorChecker.postProcessAfterInitialization:335 -Bean 'mybatis-org.mybatis.spring.boot.autoconfigure.MybatisProperties' of type [org.mybatis.spring.boot.autoconfigure.MybatisProperties] is not eligible for getting processed by all BeanPostProcessors (for example: not eligible for auto-proxying)
2020-08-14 23:15:37.284 INFO  [main]o.s.c.s.PostProcessorRegistrationDelegate$BeanPostProcessorChecker.postProcessAfterInitialization:335 -Bean 'org.mybatis.spring.boot.autoconfigure.MybatisAutoConfiguration' of type [org.mybatis.spring.boot.autoconfigure.MybatisAutoConfiguration$$EnhancerBySpringCGLIB$$bfa75596] is not eligible for getting processed by all BeanPostProcessors (for example: not eligible for auto-proxying)
2020-08-14 23:15:37.301 INFO  [main]o.s.c.s.PostProcessorRegistrationDelegate$BeanPostProcessorChecker.postProcessAfterInitialization:335 -Bean 'com.alibaba.druid.spring.boot.autoconfigure.DruidDataSourceAutoConfigure' of type [com.alibaba.druid.spring.boot.autoconfigure.DruidDataSourceAutoConfigure$$EnhancerBySpringCGLIB$$a67ef9d8] is not eligible for getting processed by all BeanPostProcessors (for example: not eligible for auto-proxying)
2020-08-14 23:15:37.311 INFO  [main]c.a.d.s.boot.autoconfigure.DruidDataSourceAutoConfigure.dataSource:56 -Init DruidDataSource
2020-08-14 23:15:37.542 INFO  [main]o.s.c.s.PostProcessorRegistrationDelegate$BeanPostProcessorChecker.postProcessAfterInitialization:335 -Bean 'spring.datasource-org.springframework.boot.autoconfigure.jdbc.DataSourceProperties' of type [org.springframework.boot.autoconfigure.jdbc.DataSourceProperties] is not eligible for getting processed by all BeanPostProcessors (for example: not eligible for auto-proxying)
2020-08-14 23:15:37.605 INFO  [main]o.s.c.s.PostProcessorRegistrationDelegate$BeanPostProcessorChecker.postProcessAfterInitialization:335 -Bean 'com.alibaba.druid.spring.boot.autoconfigure.stat.DruidFilterConfiguration' of type [com.alibaba.druid.spring.boot.autoconfigure.stat.DruidFilterConfiguration] is not eligible for getting processed by all BeanPostProcessors (for example: not eligible for auto-proxying)
2020-08-14 23:15:37.675 INFO  [main]o.s.c.s.PostProcessorRegistrationDelegate$BeanPostProcessorChecker.postProcessAfterInitialization:335 -Bean 'statFilter' of type [com.alibaba.druid.filter.stat.StatFilter] is not eligible for getting processed by all BeanPostProcessors (for example: not eligible for auto-proxying)
2020-08-14 23:15:39.016 INFO  [main]com.alibaba.druid.pool.DruidDataSource.init:930 -{dataSource-1} inited
2020-08-14 23:15:39.018 INFO  [main]o.s.c.s.PostProcessorRegistrationDelegate$BeanPostProcessorChecker.postProcessAfterInitialization:335 -Bean 'dataSource' of type [com.alibaba.druid.spring.boot.autoconfigure.DruidDataSourceWrapper] is not eligible for getting processed by all BeanPostProcessors (for example: not eligible for auto-proxying)
2020-08-14 23:15:39.526 INFO  [main]o.s.c.s.PostProcessorRegistrationDelegate$BeanPostProcessorChecker.postProcessAfterInitialization:335 -Bean 'org.springframework.boot.autoconfigure.jdbc.DataSourceInitializerInvoker' of type [org.springframework.boot.autoconfigure.jdbc.DataSourceInitializerInvoker] is not eligible for getting processed by all BeanPostProcessors (for example: not eligible for auto-proxying)
2020-08-14 23:15:41.189 INFO  [main]o.s.c.s.PostProcessorRegistrationDelegate$BeanPostProcessorChecker.postProcessAfterInitialization:335 -Bean 'sqlSessionFactory' of type [org.apache.ibatis.session.defaults.DefaultSqlSessionFactory] is not eligible for getting processed by all BeanPostProcessors (for example: not eligible for auto-proxying)
2020-08-14 23:15:41.215 INFO  [main]o.s.c.s.PostProcessorRegistrationDelegate$BeanPostProcessorChecker.postProcessAfterInitialization:335 -Bean 'sqlSessionTemplate' of type [org.mybatis.spring.SqlSessionTemplate] is not eligible for getting processed by all BeanPostProcessors (for example: not eligible for auto-proxying)
2020-08-14 23:15:41.246 INFO  [main]o.s.c.s.PostProcessorRegistrationDelegate$BeanPostProcessorChecker.postProcessAfterInitialization:335 -Bean 'adminMapper' of type [org.mybatis.spring.mapper.MapperFactoryBean] is not eligible for getting processed by all BeanPostProcessors (for example: not eligible for auto-proxying)
2020-08-14 23:15:41.256 INFO  [main]o.s.c.s.PostProcessorRegistrationDelegate$BeanPostProcessorChecker.postProcessAfterInitialization:335 -Bean 'adminMapper' of type [com.sun.proxy.$Proxy71] is not eligible for getting processed by all BeanPostProcessors (for example: not eligible for auto-proxying)
2020-08-14 23:15:41.262 INFO  [main]o.s.c.s.PostProcessorRegistrationDelegate$BeanPostProcessorChecker.postProcessAfterInitialization:335 -Bean 'adminServiceImpl' of type [com.lzy.blog.service.impl.AdminServiceImpl] is not eligible for getting processed by all BeanPostProcessors (for example: not eligible for auto-proxying)
2020-08-14 23:15:41.265 INFO  [main]o.s.c.s.PostProcessorRegistrationDelegate$BeanPostProcessorChecker.postProcessAfterInitialization:335 -Bean 'adminRealm' of type [com.lzy.blog.realm.AdminRealm] is not eligible for getting processed by all BeanPostProcessors (for example: not eligible for auto-proxying)
2020-08-14 23:15:42.635 INFO  [main]o.s.c.s.PostProcessorRegistrationDelegate$BeanPostProcessorChecker.postProcessAfterInitialization:335 -Bean 'securityManager' of type [org.apache.shiro.web.mgt.DefaultWebSecurityManager] is not eligible for getting processed by all BeanPostProcessors (for example: not eligible for auto-proxying)
2020-08-14 23:15:42.682 INFO  [main]o.s.c.s.PostProcessorRegistrationDelegate$BeanPostProcessorChecker.postProcessAfterInitialization:335 -Bean 'authorizationAttributeSourceAdvisor' of type [org.apache.shiro.spring.security.interceptor.AuthorizationAttributeSourceAdvisor] is not eligible for getting processed by all BeanPostProcessors (for example: not eligible for auto-proxying)
2020-08-14 23:15:43.252 INFO  [main]o.s.boot.web.embedded.tomcat.TomcatWebServer.initialize:91 -Tomcat initialized with port(s): 9000 (http)
2020-08-14 23:15:43.270 INFO  [main]org.apache.coyote.http11.Http11NioProtocol.log:173 -Initializing ProtocolHandler ["http-nio-9000"]
2020-08-14 23:15:43.272 INFO  [main]org.apache.catalina.core.StandardService.log:173 -Starting service [Tomcat]
2020-08-14 23:15:43.273 INFO  [main]org.apache.catalina.core.StandardEngine.log:173 -Starting Servlet engine: [Apache Tomcat/9.0.34]
2020-08-14 23:15:43.538 INFO  [main]o.a.catalina.core.ContainerBase.[Tomcat].[localhost].[/].log:173 -Initializing Spring embedded WebApplicationContext
2020-08-14 23:15:43.539 INFO  [main]org.springframework.web.context.ContextLoader.prepareWebApplicationContext:284 -Root WebApplicationContext: initialization completed in 10369 ms
2020-08-14 23:15:46.726 INFO  [main]org.apache.coyote.http11.Http11NioProtocol.log:173 -Starting ProtocolHandler ["http-nio-9000"]
2020-08-14 23:15:46.775 INFO  [main]o.s.boot.web.embedded.tomcat.TomcatWebServer.start:203 -Tomcat started on port(s): 9000 (http) with context path ''
2020-08-14 23:15:46.780 INFO  [main]com.lzy.blog.LzyBlogApplication.logStarted:61 -Started LzyBlogApplication in 16.106 seconds (JVM running for 21.189)
2020-08-14 23:16:14.843 INFO  [http-nio-9000-exec-2]o.a.catalina.core.ContainerBase.[Tomcat].[localhost].[/].log:173 -Initializing Spring DispatcherServlet 'dispatcherServlet'
2020-08-14 23:16:14.845 INFO  [http-nio-9000-exec-2]org.springframework.web.servlet.DispatcherServlet.initServletBean:525 -Initializing Servlet 'dispatcherServlet'
2020-08-14 23:16:14.888 INFO  [http-nio-9000-exec-2]org.springframework.web.servlet.DispatcherServlet.initServletBean:547 -Completed initialization in 42 ms
2020-08-14 23:16:15.222 INFO  [http-nio-9000-exec-2]com.lzy.blog.aspect.RequestAspect.printRequestLog:122 -请求地址 : /admin/login
2020-08-14 23:16:15.226 INFO  [http-nio-9000-exec-2]com.lzy.blog.aspect.RequestAspect.printRequestLog:123 -请求方式 : POST
2020-08-14 23:16:15.235 INFO  [http-nio-9000-exec-2]com.lzy.blog.aspect.RequestAspect.printRequestLog:126 -IP : 127.0.0.1
2020-08-14 23:16:15.238 INFO  [http-nio-9000-exec-2]com.lzy.blog.aspect.RequestAspect.printRequestLog:128 -方法 : com.lzy.blog.controller.AdminController.login
2020-08-14 23:16:15.240 INFO  [http-nio-9000-exec-2]com.lzy.blog.aspect.RequestAspect.printRequestLog:130 -请求参数：[Admin(id=null, name=null, header=null, signature=null, comment=null, username=admin, password=e10adc3949ba59abbe56e057f20f883e)]
2020-08-14 23:16:15.414 INFO  [http-nio-9000-exec-2]com.lzy.blog.aspect.RequestAspect.doAround:74 -耗时 : 193
2020-08-14 23:16:15.631 INFO  [http-nio-9000-exec-2]com.lzy.blog.aspect.RequestAspect.doAfterReturning:89 -返回值：{"code":20000,"data":{"token":"C578FB542E1E856AFD81CDE47567D537"},"msg":"操作成功!"}
2020-08-14 23:16:15.941 INFO  [http-nio-9000-exec-1]com.lzy.blog.aspect.RequestAspect.printRequestLog:122 -请求地址 : /admin/info
2020-08-14 23:16:15.942 INFO  [http-nio-9000-exec-1]com.lzy.blog.aspect.RequestAspect.printRequestLog:123 -请求方式 : GET
2020-08-14 23:16:15.943 INFO  [http-nio-9000-exec-1]com.lzy.blog.aspect.RequestAspect.printRequestLog:126 -IP : 127.0.0.1
2020-08-14 23:16:15.944 INFO  [http-nio-9000-exec-1]com.lzy.blog.aspect.RequestAspect.printRequestLog:128 -方法 : com.lzy.blog.controller.AdminController.getLoginInfo
2020-08-14 23:16:15.947 INFO  [http-nio-9000-exec-1]com.lzy.blog.aspect.RequestAspect.printRequestLog:130 -请求参数：[]
2020-08-14 23:16:15.948 INFO  [http-nio-9000-exec-1]com.lzy.blog.aspect.RequestAspect.doAround:74 -耗时 : 7
2020-08-14 23:16:15.966 INFO  [http-nio-9000-exec-1]com.lzy.blog.aspect.RequestAspect.doAfterReturning:89 -返回值：{"code":20000,"data":{"name":"刘哥","password":"","signature":"一动可搬山，可倒海!!!","username":"admin"},"msg":"操作成功!"}
