2020-08-11 01:01:58.093 DEBUG [main]com.lzy.blog.LzyBlogApplication.logStarting:56 -Running with Spring Boot v2.2.7.RELEASE, Spring v5.2.6.RELEASE
2020-08-11 14:07:16.633 DEBUG [main]com.lzy.blog.LzyBlogApplication.logStarting:56 -Running with Spring Boot v2.2.7.RELEASE, Spring v5.2.6.RELEASE
2020-08-11 14:14:33.363 DEBUG [http-nio-9000-exec-1]com.lzy.blog.mapper.AdminMapper.getByUserName.debug:159 -==>  Preparing: select name,header, signature, username, password from bl_admin where username = ? 
2020-08-11 14:14:33.563 DEBUG [http-nio-9000-exec-1]com.lzy.blog.mapper.AdminMapper.getByUserName.debug:159 -==> Parameters: admin(String)
2020-08-11 14:14:33.963 DEBUG [http-nio-9000-exec-1]com.lzy.blog.mapper.AdminMapper.getByUserName.debug:159 -<==      Total: 1
2020-08-11 14:14:34.221 DEBUG [http-nio-9000-exec-1]com.lzy.blog.mapper.LogMapper.save.debug:159 -==>  Preparing: insert into bl_log ( log_url, log_params, log_status, log_message, log_method, log_time, log_result, log_ip ) values ( ?,?,?,?,?,?, ?,? ) 
2020-08-11 14:14:34.227 DEBUG [http-nio-9000-exec-1]com.lzy.blog.mapper.LogMapper.save.debug:159 -==> Parameters: /admin/login(String), [Admin(id=null, name=null, header=null, signature=null, comment=null, username=admin, password=e10adc3949ba59abbe56e057f20f883e)](String), 1(Integer), null, POST(String), 839(Long), {"code":2000,"data":{"token":"EAA5120D5A7DA10972C1FE3147FA0B2B"},"msg":"操作成功!"}(String), 127.0.0.1(String)
2020-08-11 14:14:34.475 DEBUG [http-nio-9000-exec-1]com.lzy.blog.mapper.LogMapper.save.debug:159 -<==    Updates: 1
2020-08-11 14:15:58.294 DEBUG [http-nio-9000-exec-2]com.lzy.blog.mapper.AdminMapper.getByUserName.debug:159 -==>  Preparing: select name,header, signature, username, password from bl_admin where username = ? 
2020-08-11 14:15:58.296 DEBUG [http-nio-9000-exec-2]com.lzy.blog.mapper.AdminMapper.getByUserName.debug:159 -==> Parameters: admin(String)
2020-08-11 14:15:58.298 DEBUG [http-nio-9000-exec-2]com.lzy.blog.mapper.AdminMapper.getByUserName.debug:159 -<==      Total: 1
2020-08-11 14:15:58.304 DEBUG [http-nio-9000-exec-2]com.lzy.blog.mapper.LogMapper.save.debug:159 -==>  Preparing: insert into bl_log ( log_url, log_params, log_status, log_message, log_method, log_time, log_result, log_ip ) values ( ?,?,?,?,?,?, ?,? ) 
2020-08-11 14:15:58.308 DEBUG [http-nio-9000-exec-2]com.lzy.blog.mapper.LogMapper.save.debug:159 -==> Parameters: /admin/login(String), [Admin(id=null, name=null, header=null, signature=null, comment=null, username=admin, password=e10adc3949ba59abbe56e057f20f883e)](String), 1(Integer), null, POST(String), 11(Long), {"code":2000,"data":{"token":"EAA5120D5A7DA10972C1FE3147FA0B2B"},"msg":"操作成功!"}(String), 127.0.0.1(String)
2020-08-11 14:15:58.358 DEBUG [http-nio-9000-exec-2]com.lzy.blog.mapper.LogMapper.save.debug:159 -<==    Updates: 1
2020-08-11 14:17:17.809 DEBUG [http-nio-9000-exec-3]com.lzy.blog.mapper.AdminMapper.getByUserName.debug:159 -==>  Preparing: select name,header, signature, username, password from bl_admin where username = ? 
2020-08-11 14:17:17.811 DEBUG [http-nio-9000-exec-3]com.lzy.blog.mapper.AdminMapper.getByUserName.debug:159 -==> Parameters: admin(String)
2020-08-11 14:17:17.814 DEBUG [http-nio-9000-exec-3]com.lzy.blog.mapper.AdminMapper.getByUserName.debug:159 -<==      Total: 1
2020-08-11 14:17:17.820 DEBUG [http-nio-9000-exec-3]com.lzy.blog.mapper.LogMapper.save.debug:159 -==>  Preparing: insert into bl_log ( log_url, log_params, log_status, log_message, log_method, log_time, log_result, log_ip ) values ( ?,?,?,?,?,?, ?,? ) 
2020-08-11 14:17:17.823 DEBUG [http-nio-9000-exec-3]com.lzy.blog.mapper.LogMapper.save.debug:159 -==> Parameters: /admin/login(String), [Admin(id=null, name=null, header=null, signature=null, comment=null, username=admin, password=e10adc3949ba59abbe56e057f20f883e)](String), 1(Integer), null, POST(String), 14(Long), {"code":2000,"data":{"token":"CFE2CA448581F7E80E2C7FBDE01382B0"},"msg":"操作成功!"}(String), 127.0.0.1(String)
2020-08-11 14:17:17.871 DEBUG [http-nio-9000-exec-3]com.lzy.blog.mapper.LogMapper.save.debug:159 -<==    Updates: 1
2020-08-11 14:27:49.053 DEBUG [http-nio-9000-exec-4]com.lzy.blog.mapper.AdminMapper.getByUserName.debug:159 -==>  Preparing: select name,header, signature, username, password from bl_admin where username = ? 
2020-08-11 14:27:49.055 DEBUG [http-nio-9000-exec-4]com.lzy.blog.mapper.AdminMapper.getByUserName.debug:159 -==> Parameters: admin(String)
2020-08-11 14:27:49.060 DEBUG [http-nio-9000-exec-4]com.lzy.blog.mapper.AdminMapper.getByUserName.debug:159 -<==      Total: 1
2020-08-11 14:27:49.064 DEBUG [http-nio-9000-exec-4]com.lzy.blog.mapper.LogMapper.save.debug:159 -==>  Preparing: insert into bl_log ( log_url, log_params, log_status, log_message, log_method, log_time, log_result, log_ip ) values ( ?,?,?,?,?,?, ?,? ) 
2020-08-11 14:27:49.068 DEBUG [http-nio-9000-exec-4]com.lzy.blog.mapper.LogMapper.save.debug:159 -==> Parameters: /admin/login(String), [Admin(id=null, name=null, header=null, signature=null, comment=null, username=admin, password=e10adc3949ba59abbe56e057f20f883e)](String), 1(Integer), null, POST(String), 19(Long), {"code":2000,"data":{"token":"CFE2CA448581F7E80E2C7FBDE01382B0"},"msg":"操作成功!"}(String), 127.0.0.1(String)
2020-08-11 14:27:49.123 DEBUG [http-nio-9000-exec-4]com.lzy.blog.mapper.LogMapper.save.debug:159 -<==    Updates: 1
2020-08-11 14:32:54.423 DEBUG [main]com.lzy.blog.LzyBlogApplication.logStarting:56 -Running with Spring Boot v2.2.7.RELEASE, Spring v5.2.6.RELEASE
2020-08-11 14:33:31.271 DEBUG [http-nio-9000-exec-1]com.lzy.blog.mapper.AdminMapper.getByUserName.debug:159 -==>  Preparing: select name,header, signature, username, password from bl_admin where username = ? 
2020-08-11 14:33:31.332 DEBUG [http-nio-9000-exec-1]com.lzy.blog.mapper.AdminMapper.getByUserName.debug:159 -==> Parameters: admin(String)
2020-08-11 14:33:31.380 DEBUG [http-nio-9000-exec-1]com.lzy.blog.mapper.AdminMapper.getByUserName.debug:159 -<==      Total: 1
2020-08-11 14:33:31.520 DEBUG [http-nio-9000-exec-1]com.lzy.blog.mapper.LogMapper.save.debug:159 -==>  Preparing: insert into bl_log ( log_url, log_params, log_status, log_message, log_method, log_time, log_result, log_ip ) values ( ?,?,?,?,?,?, ?,? ) 
2020-08-11 14:33:31.526 DEBUG [http-nio-9000-exec-1]com.lzy.blog.mapper.LogMapper.save.debug:159 -==> Parameters: /admin/login(String), [Admin(id=null, name=null, header=null, signature=null, comment=null, username=admin, password=e10adc3949ba59abbe56e057f20f883e)](String), 1(Integer), null, POST(String), 232(Long), {"code":2000,"data":{"token":"DBC6F3F2F178A201EEED8EC40BFE30E9"},"msg":"操作成功!"}(String), 127.0.0.1(String)
2020-08-11 14:33:31.676 DEBUG [http-nio-9000-exec-1]com.lzy.blog.mapper.LogMapper.save.debug:159 -<==    Updates: 1
2020-08-11 14:39:19.804 DEBUG [http-nio-9000-exec-2]com.lzy.blog.mapper.AdminMapper.getByUserName.debug:159 -==>  Preparing: select name,header, signature, username, password from bl_admin where username = ? 
2020-08-11 14:39:19.806 DEBUG [http-nio-9000-exec-2]com.lzy.blog.mapper.AdminMapper.getByUserName.debug:159 -==> Parameters: admin(String)
2020-08-11 14:39:19.809 DEBUG [http-nio-9000-exec-2]com.lzy.blog.mapper.AdminMapper.getByUserName.debug:159 -<==      Total: 1
2020-08-11 14:39:19.814 DEBUG [http-nio-9000-exec-2]com.lzy.blog.mapper.LogMapper.save.debug:159 -==>  Preparing: insert into bl_log ( log_url, log_params, log_status, log_message, log_method, log_time, log_result, log_ip ) values ( ?,?,?,?,?,?, ?,? ) 
2020-08-11 14:39:19.817 DEBUG [http-nio-9000-exec-2]com.lzy.blog.mapper.LogMapper.save.debug:159 -==> Parameters: /admin/login(String), [Admin(id=null, name=null, header=null, signature=null, comment=null, username=admin, password=e10adc3949ba59abbe56e057f20f883e)](String), 1(Integer), null, POST(String), 16(Long), {"code":2000,"data":{"token":"B9DBD39110C9AC4E5F3CB2A70B106811"},"msg":"操作成功!"}(String), 127.0.0.1(String)
2020-08-11 14:39:19.882 DEBUG [http-nio-9000-exec-2]com.lzy.blog.mapper.LogMapper.save.debug:159 -<==    Updates: 1
2020-08-11 14:47:33.229 DEBUG [http-nio-9000-exec-3]com.lzy.blog.mapper.AdminMapper.getByUserName.debug:159 -==>  Preparing: select name,header, signature, username, password from bl_admin where username = ? 
2020-08-11 14:47:33.231 DEBUG [http-nio-9000-exec-3]com.lzy.blog.mapper.AdminMapper.getByUserName.debug:159 -==> Parameters: admin(String)
2020-08-11 14:47:33.234 DEBUG [http-nio-9000-exec-3]com.lzy.blog.mapper.AdminMapper.getByUserName.debug:159 -<==      Total: 1
2020-08-11 14:47:33.240 DEBUG [http-nio-9000-exec-3]com.lzy.blog.mapper.LogMapper.save.debug:159 -==>  Preparing: insert into bl_log ( log_url, log_params, log_status, log_message, log_method, log_time, log_result, log_ip ) values ( ?,?,?,?,?,?, ?,? ) 
2020-08-11 14:47:33.244 DEBUG [http-nio-9000-exec-3]com.lzy.blog.mapper.LogMapper.save.debug:159 -==> Parameters: /admin/login(String), [Admin(id=null, name=null, header=null, signature=null, comment=null, username=admin, password=e10adc3949ba59abbe56e057f20f883e)](String), 1(Integer), null, POST(String), 14(Long), {"code":2000,"data":{"token":"B9DBD39110C9AC4E5F3CB2A70B106811"},"msg":"操作成功!"}(String), 127.0.0.1(String)
2020-08-11 14:47:33.326 DEBUG [http-nio-9000-exec-3]com.lzy.blog.mapper.LogMapper.save.debug:159 -<==    Updates: 1
2020-08-11 14:47:47.430 DEBUG [http-nio-9000-exec-4]com.lzy.blog.mapper.AdminMapper.getByUserName.debug:159 -==>  Preparing: select name,header, signature, username, password from bl_admin where username = ? 
2020-08-11 14:47:47.432 DEBUG [http-nio-9000-exec-4]com.lzy.blog.mapper.AdminMapper.getByUserName.debug:159 -==> Parameters: admin(String)
2020-08-11 14:47:47.434 DEBUG [http-nio-9000-exec-4]com.lzy.blog.mapper.AdminMapper.getByUserName.debug:159 -<==      Total: 1
2020-08-11 14:47:47.440 DEBUG [http-nio-9000-exec-4]com.lzy.blog.mapper.LogMapper.save.debug:159 -==>  Preparing: insert into bl_log ( log_url, log_params, log_status, log_message, log_method, log_time, log_result, log_ip ) values ( ?,?,?,?,?,?, ?,? ) 
2020-08-11 14:47:47.442 DEBUG [http-nio-9000-exec-4]com.lzy.blog.mapper.LogMapper.save.debug:159 -==> Parameters: /admin/login(String), [Admin(id=null, name=null, header=null, signature=null, comment=null, username=admin, password=e10adc3949ba59abbe56e057f20f883e)](String), 1(Integer), null, POST(String), 11(Long), {"code":2000,"data":{"token":"B9DBD39110C9AC4E5F3CB2A70B106811"},"msg":"操作成功!"}(String), 127.0.0.1(String)
2020-08-11 14:47:47.526 DEBUG [http-nio-9000-exec-4]com.lzy.blog.mapper.LogMapper.save.debug:159 -<==    Updates: 1
2020-08-11 14:53:34.375 DEBUG [http-nio-9000-exec-5]com.lzy.blog.mapper.AdminMapper.getByUserName.debug:159 -==>  Preparing: select name,header, signature, username, password from bl_admin where username = ? 
2020-08-11 14:53:34.376 DEBUG [http-nio-9000-exec-5]com.lzy.blog.mapper.AdminMapper.getByUserName.debug:159 -==> Parameters: admin(String)
2020-08-11 14:53:34.379 DEBUG [http-nio-9000-exec-5]com.lzy.blog.mapper.AdminMapper.getByUserName.debug:159 -<==      Total: 1
2020-08-11 14:53:34.384 DEBUG [http-nio-9000-exec-5]com.lzy.blog.mapper.LogMapper.save.debug:159 -==>  Preparing: insert into bl_log ( log_url, log_params, log_status, log_message, log_method, log_time, log_result, log_ip ) values ( ?,?,?,?,?,?, ?,? ) 
2020-08-11 14:53:34.386 DEBUG [http-nio-9000-exec-5]com.lzy.blog.mapper.LogMapper.save.debug:159 -==> Parameters: /admin/login(String), [Admin(id=null, name=null, header=null, signature=null, comment=null, username=admin, password=e10adc3949ba59abbe56e057f20f883e)](String), 1(Integer), null, POST(String), 12(Long), {"code":2000,"data":{"token":"DBC6F3F2F178A201EEED8EC40BFE30E9"},"msg":"操作成功!"}(String), 127.0.0.1(String)
2020-08-11 14:53:34.468 DEBUG [http-nio-9000-exec-5]com.lzy.blog.mapper.LogMapper.save.debug:159 -<==    Updates: 1
2020-08-11 15:12:42.286 DEBUG [main]com.lzy.blog.LzyBlogApplication.logStarting:56 -Running with Spring Boot v2.2.7.RELEASE, Spring v5.2.6.RELEASE
2020-08-11 15:15:11.179 DEBUG [http-nio-9000-exec-1]com.lzy.blog.mapper.AdminMapper.getByUserName.debug:159 -==>  Preparing: select name,header, signature, username, password from bl_admin where username = ? 
2020-08-11 15:15:11.213 DEBUG [http-nio-9000-exec-1]com.lzy.blog.mapper.AdminMapper.getByUserName.debug:159 -==> Parameters: admin(String)
2020-08-11 15:15:11.268 DEBUG [http-nio-9000-exec-1]com.lzy.blog.mapper.AdminMapper.getByUserName.debug:159 -<==      Total: 1
2020-08-11 15:15:11.495 DEBUG [http-nio-9000-exec-1]com.lzy.blog.mapper.LogMapper.save.debug:159 -==>  Preparing: insert into bl_log ( log_url, log_params, log_status, log_message, log_method, log_time, log_result, log_ip ) values ( ?,?,?,?,?,?, ?,? ) 
2020-08-11 15:15:11.500 DEBUG [http-nio-9000-exec-1]com.lzy.blog.mapper.LogMapper.save.debug:159 -==> Parameters: /admin/login(String), [Admin(id=null, name=null, header=null, signature=null, comment=null, username=admin, password=e10adc3949ba59abbe56e057f20f883e)](String), 1(Integer), null, POST(String), 268(Long), {"code":2000,"data":{"token":"A4AAC50E0B634AB9E7564449CB518EF8"},"msg":"操作成功!"}(String), 127.0.0.1(String)
2020-08-11 15:15:11.581 DEBUG [http-nio-9000-exec-1]com.lzy.blog.mapper.LogMapper.save.debug:159 -<==    Updates: 1
2020-08-11 15:15:23.419 DEBUG [http-nio-9000-exec-2]com.lzy.blog.mapper.AdminMapper.getByUserName.debug:159 -==>  Preparing: select name,header, signature, username, password from bl_admin where username = ? 
2020-08-11 15:15:23.420 DEBUG [http-nio-9000-exec-2]com.lzy.blog.mapper.AdminMapper.getByUserName.debug:159 -==> Parameters: admin(String)
2020-08-11 15:15:23.422 DEBUG [http-nio-9000-exec-2]com.lzy.blog.mapper.AdminMapper.getByUserName.debug:159 -<==      Total: 1
2020-08-11 15:15:23.426 DEBUG [http-nio-9000-exec-2]com.lzy.blog.mapper.LogMapper.save.debug:159 -==>  Preparing: insert into bl_log ( log_url, log_params, log_status, log_message, log_method, log_time, log_result, log_ip ) values ( ?,?,?,?,?,?, ?,? ) 
2020-08-11 15:15:23.428 DEBUG [http-nio-9000-exec-2]com.lzy.blog.mapper.LogMapper.save.debug:159 -==> Parameters: /admin/login(String), [Admin(id=null, name=null, header=null, signature=null, comment=null, username=admin, password=e10adc3949ba59abbe56e057f20f883e)](String), 1(Integer), null, POST(String), 13(Long), {"code":2000,"data":{"token":"A4AAC50E0B634AB9E7564449CB518EF8"},"msg":"操作成功!"}(String), 127.0.0.1(String)
2020-08-11 15:15:23.492 DEBUG [http-nio-9000-exec-2]com.lzy.blog.mapper.LogMapper.save.debug:159 -<==    Updates: 1
2020-08-11 15:20:27.121 DEBUG [http-nio-9000-exec-3]com.lzy.blog.mapper.AdminMapper.getByUserName.debug:159 -==>  Preparing: select name,header, signature, username, password from bl_admin where username = ? 
2020-08-11 15:20:27.123 DEBUG [http-nio-9000-exec-3]com.lzy.blog.mapper.AdminMapper.getByUserName.debug:159 -==> Parameters: admin(String)
2020-08-11 15:20:27.127 DEBUG [http-nio-9000-exec-3]com.lzy.blog.mapper.AdminMapper.getByUserName.debug:159 -<==      Total: 1
2020-08-11 15:20:27.133 DEBUG [http-nio-9000-exec-3]com.lzy.blog.mapper.LogMapper.save.debug:159 -==>  Preparing: insert into bl_log ( log_url, log_params, log_status, log_message, log_method, log_time, log_result, log_ip ) values ( ?,?,?,?,?,?, ?,? ) 
2020-08-11 15:20:27.136 DEBUG [http-nio-9000-exec-3]com.lzy.blog.mapper.LogMapper.save.debug:159 -==> Parameters: /admin/login(String), [Admin(id=null, name=null, header=null, signature=null, comment=null, username=admin, password=e10adc3949ba59abbe56e057f20f883e)](String), 1(Integer), null, POST(String), 16(Long), {"code":2000,"data":{"token":"A4AAC50E0B634AB9E7564449CB518EF8"},"msg":"操作成功!"}(String), 127.0.0.1(String)
2020-08-11 15:20:27.292 DEBUG [http-nio-9000-exec-3]com.lzy.blog.mapper.LogMapper.save.debug:159 -<==    Updates: 1
2020-08-11 15:22:54.019 DEBUG [http-nio-9000-exec-4]com.lzy.blog.mapper.AdminMapper.getByUserName.debug:159 -==>  Preparing: select name,header, signature, username, password from bl_admin where username = ? 
2020-08-11 15:22:54.022 DEBUG [http-nio-9000-exec-4]com.lzy.blog.mapper.AdminMapper.getByUserName.debug:159 -==> Parameters: admin(String)
2020-08-11 15:22:54.026 DEBUG [http-nio-9000-exec-4]com.lzy.blog.mapper.AdminMapper.getByUserName.debug:159 -<==      Total: 1
2020-08-11 15:22:54.030 DEBUG [http-nio-9000-exec-4]com.lzy.blog.mapper.LogMapper.save.debug:159 -==>  Preparing: insert into bl_log ( log_url, log_params, log_status, log_message, log_method, log_time, log_result, log_ip ) values ( ?,?,?,?,?,?, ?,? ) 
2020-08-11 15:22:54.032 DEBUG [http-nio-9000-exec-4]com.lzy.blog.mapper.LogMapper.save.debug:159 -==> Parameters: /admin/login(String), [Admin(id=null, name=null, header=null, signature=null, comment=null, username=admin, password=e10adc3949ba59abbe56e057f20f883e)](String), 1(Integer), null, POST(String), 14(Long), {"code":2000,"data":{"token":"A4AAC50E0B634AB9E7564449CB518EF8"},"msg":"操作成功!"}(String), 127.0.0.1(String)
2020-08-11 15:22:54.098 DEBUG [http-nio-9000-exec-4]com.lzy.blog.mapper.LogMapper.save.debug:159 -<==    Updates: 1
2020-08-11 15:23:54.366 DEBUG [http-nio-9000-exec-5]com.lzy.blog.mapper.AdminMapper.getByUserName.debug:159 -==>  Preparing: select name,header, signature, username, password from bl_admin where username = ? 
2020-08-11 15:23:54.368 DEBUG [http-nio-9000-exec-5]com.lzy.blog.mapper.AdminMapper.getByUserName.debug:159 -==> Parameters: admin(String)
2020-08-11 15:23:54.371 DEBUG [http-nio-9000-exec-5]com.lzy.blog.mapper.AdminMapper.getByUserName.debug:159 -<==      Total: 1
2020-08-11 15:23:54.375 DEBUG [http-nio-9000-exec-5]com.lzy.blog.mapper.LogMapper.save.debug:159 -==>  Preparing: insert into bl_log ( log_url, log_params, log_status, log_message, log_method, log_time, log_result, log_ip ) values ( ?,?,?,?,?,?, ?,? ) 
2020-08-11 15:23:54.376 DEBUG [http-nio-9000-exec-5]com.lzy.blog.mapper.LogMapper.save.debug:159 -==> Parameters: /admin/login(String), [Admin(id=null, name=null, header=null, signature=null, comment=null, username=admin, password=e10adc3949ba59abbe56e057f20f883e)](String), 1(Integer), null, POST(String), 13(Long), {"code":2000,"data":{"token":"A4AAC50E0B634AB9E7564449CB518EF8"},"msg":"操作成功!"}(String), 127.0.0.1(String)
2020-08-11 15:23:54.441 DEBUG [http-nio-9000-exec-5]com.lzy.blog.mapper.LogMapper.save.debug:159 -<==    Updates: 1
2020-08-11 15:24:55.332 DEBUG [http-nio-9000-exec-7]com.lzy.blog.mapper.AdminMapper.getByUserName.debug:159 -==>  Preparing: select name,header, signature, username, password from bl_admin where username = ? 
2020-08-11 15:24:55.334 DEBUG [http-nio-9000-exec-7]com.lzy.blog.mapper.AdminMapper.getByUserName.debug:159 -==> Parameters: admin(String)
2020-08-11 15:24:55.337 DEBUG [http-nio-9000-exec-7]com.lzy.blog.mapper.AdminMapper.getByUserName.debug:159 -<==      Total: 1
2020-08-11 15:24:55.341 DEBUG [http-nio-9000-exec-7]com.lzy.blog.mapper.LogMapper.save.debug:159 -==>  Preparing: insert into bl_log ( log_url, log_params, log_status, log_message, log_method, log_time, log_result, log_ip ) values ( ?,?,?,?,?,?, ?,? ) 
2020-08-11 15:24:55.344 DEBUG [http-nio-9000-exec-7]com.lzy.blog.mapper.LogMapper.save.debug:159 -==> Parameters: /admin/login(String), [Admin(id=null, name=null, header=null, signature=null, comment=null, username=admin, password=e10adc3949ba59abbe56e057f20f883e)](String), 1(Integer), null, POST(String), 14(Long), {"code":2000,"data":{"token":"C7FD8C3B30F9B4407D28DF41EC7BB5CB"},"msg":"操作成功!"}(String), 127.0.0.1(String)
2020-08-11 15:24:55.436 DEBUG [http-nio-9000-exec-7]com.lzy.blog.mapper.LogMapper.save.debug:159 -<==    Updates: 1
2020-08-11 22:05:33.379 DEBUG [main]com.lzy.blog.LzyBlogApplication.logStarting:56 -Running with Spring Boot v2.2.7.RELEASE, Spring v5.2.6.RELEASE
2020-08-11 22:12:58.760 DEBUG [http-nio-9000-exec-1]com.lzy.blog.mapper.AdminMapper.getByUserName.debug:159 -==>  Preparing: select name,header, signature, username, password from bl_admin where username = ? 
2020-08-11 22:12:58.835 DEBUG [http-nio-9000-exec-1]com.lzy.blog.mapper.AdminMapper.getByUserName.debug:159 -==> Parameters: admin(String)
2020-08-11 22:12:59.151 DEBUG [http-nio-9000-exec-1]com.lzy.blog.mapper.AdminMapper.getByUserName.debug:159 -<==      Total: 1
2020-08-11 22:12:59.672 DEBUG [http-nio-9000-exec-1]com.lzy.blog.mapper.LogMapper.save.debug:159 -==>  Preparing: insert into bl_log ( log_url, log_params, log_status, log_message, log_method, log_time, log_result, log_ip ) values ( ?,?,?,?,?,?, ?,? ) 
2020-08-11 22:12:59.680 DEBUG [http-nio-9000-exec-1]com.lzy.blog.mapper.LogMapper.save.debug:159 -==> Parameters: /admin/login(String), [Admin(id=null, name=null, header=null, signature=null, comment=null, username=admin, password=e10adc3949ba59abbe56e057f20f883e)](String), 1(Integer), null, POST(String), 906(Long), {"code":2000,"data":{"token":"55B14C8FD339E494D9B3ADDBD6673009"},"msg":"操作成功!"}(String), 127.0.0.1(String)
2020-08-11 22:12:59.871 DEBUG [http-nio-9000-exec-1]com.lzy.blog.mapper.LogMapper.save.debug:159 -<==    Updates: 1
2020-08-11 22:14:00.185 DEBUG [http-nio-9000-exec-2]com.lzy.blog.mapper.AdminMapper.getByUserName.debug:159 -==>  Preparing: select name,header, signature, username, password from bl_admin where username = ? 
2020-08-11 22:14:00.187 DEBUG [http-nio-9000-exec-2]com.lzy.blog.mapper.AdminMapper.getByUserName.debug:159 -==> Parameters: admin(String)
2020-08-11 22:14:00.209 DEBUG [http-nio-9000-exec-2]com.lzy.blog.mapper.AdminMapper.getByUserName.debug:159 -<==      Total: 1
2020-08-11 22:14:00.213 DEBUG [http-nio-9000-exec-2]com.lzy.blog.mapper.LogMapper.save.debug:159 -==>  Preparing: insert into bl_log ( log_url, log_params, log_status, log_message, log_method, log_time, log_result, log_ip ) values ( ?,?,?,?,?,?, ?,? ) 
2020-08-11 22:14:00.215 DEBUG [http-nio-9000-exec-2]com.lzy.blog.mapper.LogMapper.save.debug:159 -==> Parameters: /admin/login(String), [Admin(id=null, name=null, header=null, signature=null, comment=null, username=admin, password=e10adc3949ba59abbe56e057f20f883e)](String), 1(Integer), null, POST(String), 33(Long), {"code":2000,"data":{"token":"55B14C8FD339E494D9B3ADDBD6673009"},"msg":"操作成功!"}(String), 127.0.0.1(String)
2020-08-11 22:14:00.342 DEBUG [http-nio-9000-exec-2]com.lzy.blog.mapper.LogMapper.save.debug:159 -<==    Updates: 1
2020-08-11 22:14:06.873 DEBUG [http-nio-9000-exec-3]com.lzy.blog.mapper.AdminMapper.getByUserName.debug:159 -==>  Preparing: select name,header, signature, username, password from bl_admin where username = ? 
2020-08-11 22:14:06.875 DEBUG [http-nio-9000-exec-3]com.lzy.blog.mapper.AdminMapper.getByUserName.debug:159 -==> Parameters: admin(String)
2020-08-11 22:14:06.877 DEBUG [http-nio-9000-exec-3]com.lzy.blog.mapper.AdminMapper.getByUserName.debug:159 -<==      Total: 1
2020-08-11 22:14:06.881 DEBUG [http-nio-9000-exec-3]com.lzy.blog.mapper.LogMapper.save.debug:159 -==>  Preparing: insert into bl_log ( log_url, log_params, log_status, log_message, log_method, log_time, log_result, log_ip ) values ( ?,?,?,?,?,?, ?,? ) 
2020-08-11 22:14:06.883 DEBUG [http-nio-9000-exec-3]com.lzy.blog.mapper.LogMapper.save.debug:159 -==> Parameters: /admin/login(String), [Admin(id=null, name=null, header=null, signature=null, comment=null, username=admin, password=e10adc3949ba59abbe56e057f20f883e)](String), 1(Integer), null, POST(String), 12(Long), {"code":2000,"data":{"token":"55B14C8FD339E494D9B3ADDBD6673009"},"msg":"操作成功!"}(String), 127.0.0.1(String)
2020-08-11 22:14:06.921 DEBUG [http-nio-9000-exec-3]com.lzy.blog.mapper.LogMapper.save.debug:159 -<==    Updates: 1
2020-08-11 22:15:19.985 DEBUG [http-nio-9000-exec-4]com.lzy.blog.mapper.AdminMapper.getByUserName.debug:159 -==>  Preparing: select name,header, signature, username, password from bl_admin where username = ? 
2020-08-11 22:15:19.986 DEBUG [http-nio-9000-exec-4]com.lzy.blog.mapper.AdminMapper.getByUserName.debug:159 -==> Parameters: admin(String)
2020-08-11 22:15:19.989 DEBUG [http-nio-9000-exec-4]com.lzy.blog.mapper.AdminMapper.getByUserName.debug:159 -<==      Total: 1
2020-08-11 22:15:19.995 DEBUG [http-nio-9000-exec-4]com.lzy.blog.mapper.LogMapper.save.debug:159 -==>  Preparing: insert into bl_log ( log_url, log_params, log_status, log_message, log_method, log_time, log_result, log_ip ) values ( ?,?,?,?,?,?, ?,? ) 
2020-08-11 22:15:19.996 DEBUG [http-nio-9000-exec-4]com.lzy.blog.mapper.LogMapper.save.debug:159 -==> Parameters: /admin/login(String), [Admin(id=null, name=null, header=null, signature=null, comment=null, username=admin, password=e10adc3949ba59abbe56e057f20f883e)](String), 1(Integer), null, POST(String), 10(Long), {"code":2000,"data":{"token":"55B14C8FD339E494D9B3ADDBD6673009"},"msg":"操作成功!"}(String), 127.0.0.1(String)
2020-08-11 22:15:20.155 DEBUG [http-nio-9000-exec-4]com.lzy.blog.mapper.LogMapper.save.debug:159 -<==    Updates: 1
2020-08-11 22:16:55.395 DEBUG [http-nio-9000-exec-5]com.lzy.blog.mapper.AdminMapper.getByUserName.debug:159 -==>  Preparing: select name,header, signature, username, password from bl_admin where username = ? 
2020-08-11 22:16:55.396 DEBUG [http-nio-9000-exec-5]com.lzy.blog.mapper.AdminMapper.getByUserName.debug:159 -==> Parameters: admin(String)
2020-08-11 22:16:55.414 DEBUG [http-nio-9000-exec-5]com.lzy.blog.mapper.AdminMapper.getByUserName.debug:159 -<==      Total: 1
2020-08-11 22:16:55.418 DEBUG [http-nio-9000-exec-5]com.lzy.blog.mapper.LogMapper.save.debug:159 -==>  Preparing: insert into bl_log ( log_url, log_params, log_status, log_message, log_method, log_time, log_result, log_ip ) values ( ?,?,?,?,?,?, ?,? ) 
2020-08-11 22:16:55.419 DEBUG [http-nio-9000-exec-5]com.lzy.blog.mapper.LogMapper.save.debug:159 -==> Parameters: /admin/login(String), [Admin(id=null, name=null, header=null, signature=null, comment=null, username=admin, password=e10adc3949ba59abbe56e057f20f883e)](String), 1(Integer), null, POST(String), 53(Long), {"code":2000,"data":{"token":"55B14C8FD339E494D9B3ADDBD6673009"},"msg":"操作成功!"}(String), 127.0.0.1(String)
2020-08-11 22:16:56.053 DEBUG [http-nio-9000-exec-5]com.lzy.blog.mapper.LogMapper.save.debug:159 -<==    Updates: 1
2020-08-11 22:19:00.623 DEBUG [http-nio-9000-exec-6]com.lzy.blog.mapper.AdminMapper.getByUserName.debug:159 -==>  Preparing: select name,header, signature, username, password from bl_admin where username = ? 
2020-08-11 22:19:00.624 DEBUG [http-nio-9000-exec-6]com.lzy.blog.mapper.AdminMapper.getByUserName.debug:159 -==> Parameters: admin(String)
2020-08-11 22:19:00.626 DEBUG [http-nio-9000-exec-6]com.lzy.blog.mapper.AdminMapper.getByUserName.debug:159 -<==      Total: 1
2020-08-11 22:19:00.631 DEBUG [http-nio-9000-exec-6]com.lzy.blog.mapper.LogMapper.save.debug:159 -==>  Preparing: insert into bl_log ( log_url, log_params, log_status, log_message, log_method, log_time, log_result, log_ip ) values ( ?,?,?,?,?,?, ?,? ) 
2020-08-11 22:19:00.633 DEBUG [http-nio-9000-exec-6]com.lzy.blog.mapper.LogMapper.save.debug:159 -==> Parameters: /admin/login(String), [Admin(id=null, name=null, header=null, signature=null, comment=null, username=admin, password=e10adc3949ba59abbe56e057f20f883e)](String), 1(Integer), null, POST(String), 50(Long), {"code":2000,"data":{"token":"55B14C8FD339E494D9B3ADDBD6673009"},"msg":"操作成功!"}(String), 127.0.0.1(String)
2020-08-11 22:19:00.686 DEBUG [http-nio-9000-exec-6]com.lzy.blog.mapper.LogMapper.save.debug:159 -<==    Updates: 1
2020-08-11 22:19:07.397 DEBUG [http-nio-9000-exec-7]com.lzy.blog.mapper.AdminMapper.getByUserName.debug:159 -==>  Preparing: select name,header, signature, username, password from bl_admin where username = ? 
2020-08-11 22:19:07.398 DEBUG [http-nio-9000-exec-7]com.lzy.blog.mapper.AdminMapper.getByUserName.debug:159 -==> Parameters: admin(String)
2020-08-11 22:19:07.400 DEBUG [http-nio-9000-exec-7]com.lzy.blog.mapper.AdminMapper.getByUserName.debug:159 -<==      Total: 1
2020-08-11 22:19:07.417 DEBUG [http-nio-9000-exec-7]com.lzy.blog.mapper.LogMapper.save.debug:159 -==>  Preparing: insert into bl_log ( log_url, log_params, log_status, log_message, log_method, log_time, log_result, log_ip ) values ( ?,?,?,?,?,?, ?,? ) 
2020-08-11 22:19:07.418 DEBUG [http-nio-9000-exec-7]com.lzy.blog.mapper.LogMapper.save.debug:159 -==> Parameters: /admin/login(String), [Admin(id=null, name=null, header=null, signature=null, comment=null, username=admin, password=e10adc3949ba59abbe56e057f20f883e)](String), 1(Integer), null, POST(String), 10(Long), {"code":2000,"data":{"token":"55B14C8FD339E494D9B3ADDBD6673009"},"msg":"操作成功!"}(String), 127.0.0.1(String)
2020-08-11 22:19:07.465 DEBUG [http-nio-9000-exec-7]com.lzy.blog.mapper.LogMapper.save.debug:159 -<==    Updates: 1
2020-08-11 22:23:22.400 DEBUG [main]com.lzy.blog.LzyBlogApplication.logStarting:56 -Running with Spring Boot v2.2.7.RELEASE, Spring v5.2.6.RELEASE
2020-08-11 22:24:23.134 DEBUG [http-nio-9000-exec-1]com.lzy.blog.mapper.AdminMapper.getByUserName.debug:159 -==>  Preparing: select name,header, signature, username, password from bl_admin where username = ? 
2020-08-11 22:24:23.170 DEBUG [http-nio-9000-exec-1]com.lzy.blog.mapper.AdminMapper.getByUserName.debug:159 -==> Parameters: admin(String)
2020-08-11 22:24:23.248 DEBUG [http-nio-9000-exec-1]com.lzy.blog.mapper.AdminMapper.getByUserName.debug:159 -<==      Total: 1
2020-08-11 22:24:23.517 DEBUG [http-nio-9000-exec-1]com.lzy.blog.mapper.LogMapper.save.debug:159 -==>  Preparing: insert into bl_log ( log_url, log_params, log_status, log_message, log_method, log_time, log_result, log_ip ) values ( ?,?,?,?,?,?, ?,? ) 
2020-08-11 22:24:23.523 DEBUG [http-nio-9000-exec-1]com.lzy.blog.mapper.LogMapper.save.debug:159 -==> Parameters: /admin/login(String), [Admin(id=null, name=null, header=null, signature=null, comment=null, username=admin, password=e10adc3949ba59abbe56e057f20f883e)](String), 1(Integer), null, POST(String), 282(Long), {"code":2000,"data":{"token":"5957066DF9DD6FD6C82B509F51E5A19D"},"msg":"操作成功!"}(String), 127.0.0.1(String)
2020-08-11 22:24:23.585 DEBUG [http-nio-9000-exec-1]com.lzy.blog.mapper.LogMapper.save.debug:159 -<==    Updates: 1
2020-08-11 22:26:29.979 DEBUG [http-nio-9000-exec-2]com.lzy.blog.mapper.AdminMapper.getByUserName.debug:159 -==>  Preparing: select name,header, signature, username, password from bl_admin where username = ? 
2020-08-11 22:26:29.981 DEBUG [http-nio-9000-exec-2]com.lzy.blog.mapper.AdminMapper.getByUserName.debug:159 -==> Parameters: admin(String)
2020-08-11 22:26:29.984 DEBUG [http-nio-9000-exec-2]com.lzy.blog.mapper.AdminMapper.getByUserName.debug:159 -<==      Total: 1
2020-08-11 22:26:29.989 DEBUG [http-nio-9000-exec-2]com.lzy.blog.mapper.LogMapper.save.debug:159 -==>  Preparing: insert into bl_log ( log_url, log_params, log_status, log_message, log_method, log_time, log_result, log_ip ) values ( ?,?,?,?,?,?, ?,? ) 
2020-08-11 22:26:29.992 DEBUG [http-nio-9000-exec-2]com.lzy.blog.mapper.LogMapper.save.debug:159 -==> Parameters: /admin/login(String), [Admin(id=null, name=null, header=null, signature=null, comment=null, username=admin, password=e10adc3949ba59abbe56e057f20f883e)](String), 1(Integer), null, POST(String), 15(Long), {"code":2000,"data":{"token":"5957066DF9DD6FD6C82B509F51E5A19D"},"msg":"操作成功!"}(String), 127.0.0.1(String)
2020-08-11 22:26:30.049 DEBUG [http-nio-9000-exec-2]com.lzy.blog.mapper.LogMapper.save.debug:159 -<==    Updates: 1
2020-08-11 22:59:39.702 DEBUG [http-nio-9000-exec-3]com.lzy.blog.mapper.AdminMapper.getByUserName.debug:159 -==>  Preparing: select name,header, signature, username, password from bl_admin where username = ? 
2020-08-11 22:59:39.711 DEBUG [http-nio-9000-exec-3]com.lzy.blog.mapper.AdminMapper.getByUserName.debug:159 -==> Parameters: admin(String)
2020-08-11 22:59:40.122 DEBUG [http-nio-9000-exec-3]com.lzy.blog.mapper.AdminMapper.getByUserName.debug:159 -<==      Total: 1
2020-08-11 22:59:40.212 DEBUG [http-nio-9000-exec-3]com.lzy.blog.mapper.LogMapper.save.debug:159 -==>  Preparing: insert into bl_log ( log_url, log_params, log_status, log_message, log_method, log_time, log_result, log_ip ) values ( ?,?,?,?,?,?, ?,? ) 
2020-08-11 22:59:40.446 DEBUG [http-nio-9000-exec-3]com.lzy.blog.mapper.LogMapper.save.debug:159 -==> Parameters: /admin/login(String), [Admin(id=null, name=null, header=null, signature=null, comment=null, username=admin, password=e10adc3949ba59abbe56e057f20f883e)](String), 1(Integer), null, POST(String), 823(Long), {"code":2000,"data":{"token":"000AFBD6059ABEFC6524DBD9B214127F"},"msg":"操作成功!"}(String), 127.0.0.1(String)
2020-08-11 22:59:40.642 DEBUG [http-nio-9000-exec-3]com.lzy.blog.mapper.LogMapper.save.debug:159 -<==    Updates: 1
2020-08-11 22:59:48.446 DEBUG [http-nio-9000-exec-4]com.lzy.blog.mapper.AdminMapper.getByUserName.debug:159 -==>  Preparing: select name,header, signature, username, password from bl_admin where username = ? 
2020-08-11 22:59:48.449 DEBUG [http-nio-9000-exec-4]com.lzy.blog.mapper.AdminMapper.getByUserName.debug:159 -==> Parameters: admin(String)
2020-08-11 22:59:48.475 DEBUG [http-nio-9000-exec-4]com.lzy.blog.mapper.AdminMapper.getByUserName.debug:159 -<==      Total: 1
2020-08-11 22:59:48.487 DEBUG [http-nio-9000-exec-4]com.lzy.blog.mapper.LogMapper.save.debug:159 -==>  Preparing: insert into bl_log ( log_url, log_params, log_status, log_message, log_method, log_time, log_result, log_ip ) values ( ?,?,?,?,?,?, ?,? ) 
2020-08-11 22:59:48.489 DEBUG [http-nio-9000-exec-4]com.lzy.blog.mapper.LogMapper.save.debug:159 -==> Parameters: /admin/login(String), [Admin(id=null, name=null, header=null, signature=null, comment=null, username=admin, password=e10adc3949ba59abbe56e057f20f883e)](String), 1(Integer), null, POST(String), 47(Long), {"code":2000,"data":{"token":"000AFBD6059ABEFC6524DBD9B214127F"},"msg":"操作成功!"}(String), 127.0.0.1(String)
2020-08-11 22:59:48.551 DEBUG [http-nio-9000-exec-4]com.lzy.blog.mapper.LogMapper.save.debug:159 -<==    Updates: 1
2020-08-11 23:11:47.588 DEBUG [main]com.lzy.blog.LzyBlogApplication.logStarting:56 -Running with Spring Boot v2.2.7.RELEASE, Spring v5.2.6.RELEASE
2020-08-11 23:15:06.347 DEBUG [http-nio-9000-exec-2]com.lzy.blog.mapper.AdminMapper.getByUserName.debug:159 -==>  Preparing: select name,header, signature, username, password from bl_admin where username = ? 
2020-08-11 23:15:06.394 DEBUG [http-nio-9000-exec-2]com.lzy.blog.mapper.AdminMapper.getByUserName.debug:159 -==> Parameters: admin(String)
2020-08-11 23:15:06.454 DEBUG [http-nio-9000-exec-2]com.lzy.blog.mapper.AdminMapper.getByUserName.debug:159 -<==      Total: 1
2020-08-11 23:18:10.056 DEBUG [http-nio-9000-exec-2]com.lzy.blog.mapper.LogMapper.save.debug:159 -==>  Preparing: insert into bl_log ( log_url, log_params, log_status, log_message, log_method, log_time, log_result, log_ip ) values ( ?,?,?,?,?,?, ?,? ) 
2020-08-11 23:18:10.064 DEBUG [http-nio-9000-exec-2]com.lzy.blog.mapper.LogMapper.save.debug:159 -==> Parameters: /admin/login(String), [Admin(id=null, name=null, header=null, signature=null, comment=null, username=admin, password=e10adc3949ba59abbe56e057f20f883e)](String), 1(Integer), null, POST(String), 183692(Long), {"code":2000,"data":{"token":"4928B7087EC3C72E1B2CC9770F882900"},"msg":"操作成功!"}(String), 127.0.0.1(String)
2020-08-11 23:18:10.192 DEBUG [http-nio-9000-exec-2]com.lzy.blog.mapper.LogMapper.save.debug:159 -<==    Updates: 1
2020-08-11 23:22:19.947 DEBUG [main]com.lzy.blog.LzyBlogApplication.logStarting:56 -Running with Spring Boot v2.2.7.RELEASE, Spring v5.2.6.RELEASE
2020-08-11 23:24:49.192 DEBUG [http-nio-9000-exec-1]com.lzy.blog.mapper.AdminMapper.getByUserName.debug:159 -==>  Preparing: select name,header, signature, username, password from bl_admin where username = ? 
2020-08-11 23:24:49.228 DEBUG [http-nio-9000-exec-1]com.lzy.blog.mapper.AdminMapper.getByUserName.debug:159 -==> Parameters: admin(String)
2020-08-11 23:24:49.261 DEBUG [http-nio-9000-exec-1]com.lzy.blog.mapper.AdminMapper.getByUserName.debug:159 -<==      Total: 1
2020-08-11 23:24:49.404 DEBUG [http-nio-9000-exec-1]com.lzy.blog.mapper.LogMapper.save.debug:159 -==>  Preparing: insert into bl_log ( log_url, log_params, log_status, log_message, log_method, log_time, log_result, log_ip ) values ( ?,?,?,?,?,?, ?,? ) 
2020-08-11 23:24:49.415 DEBUG [http-nio-9000-exec-1]com.lzy.blog.mapper.LogMapper.save.debug:159 -==> Parameters: /admin/login(String), [Admin(id=null, name=null, header=null, signature=null, comment=null, username=admin, password=e10adc3949ba59abbe56e057f20f883e)](String), 1(Integer), null, POST(String), 154(Long), {"code":2000,"data":{"token":"F56FEA44888B8718CD11C607037936F0"},"msg":"操作成功!"}(String), 127.0.0.1(String)
2020-08-11 23:24:49.487 DEBUG [http-nio-9000-exec-1]com.lzy.blog.mapper.LogMapper.save.debug:159 -<==    Updates: 1
2020-08-11 23:28:44.975 DEBUG [http-nio-9000-exec-2]com.lzy.blog.mapper.AdminMapper.getByUserName.debug:159 -==>  Preparing: select name,header, signature, username, password from bl_admin where username = ? 
2020-08-11 23:28:44.977 DEBUG [http-nio-9000-exec-2]com.lzy.blog.mapper.AdminMapper.getByUserName.debug:159 -==> Parameters: admin(String)
2020-08-11 23:28:44.980 DEBUG [http-nio-9000-exec-2]com.lzy.blog.mapper.AdminMapper.getByUserName.debug:159 -<==      Total: 1
2020-08-11 23:28:44.986 DEBUG [http-nio-9000-exec-2]com.lzy.blog.mapper.LogMapper.save.debug:159 -==>  Preparing: insert into bl_log ( log_url, log_params, log_status, log_message, log_method, log_time, log_result, log_ip ) values ( ?,?,?,?,?,?, ?,? ) 
2020-08-11 23:28:44.989 DEBUG [http-nio-9000-exec-2]com.lzy.blog.mapper.LogMapper.save.debug:159 -==> Parameters: /admin/login(String), [Admin(id=null, name=null, header=null, signature=null, comment=null, username=admin, password=e10adc3949ba59abbe56e057f20f883e)](String), 1(Integer), null, POST(String), 17(Long), {"code":2000,"data":{"token":"E02AEB808726BBFA70C34238D67F8933"},"msg":"操作成功!"}(String), 127.0.0.1(String)
2020-08-11 23:28:45.162 DEBUG [http-nio-9000-exec-2]com.lzy.blog.mapper.LogMapper.save.debug:159 -<==    Updates: 1
2020-08-11 23:36:33.054 DEBUG [http-nio-9000-exec-3]com.lzy.blog.mapper.AdminMapper.getByUserName.debug:159 -==>  Preparing: select name,header, signature, username, password from bl_admin where username = ? 
2020-08-11 23:36:33.055 DEBUG [http-nio-9000-exec-3]com.lzy.blog.mapper.AdminMapper.getByUserName.debug:159 -==> Parameters: admin(String)
2020-08-11 23:36:33.058 DEBUG [http-nio-9000-exec-3]com.lzy.blog.mapper.AdminMapper.getByUserName.debug:159 -<==      Total: 1
2020-08-11 23:36:33.064 DEBUG [http-nio-9000-exec-3]com.lzy.blog.mapper.LogMapper.save.debug:159 -==>  Preparing: insert into bl_log ( log_url, log_params, log_status, log_message, log_method, log_time, log_result, log_ip ) values ( ?,?,?,?,?,?, ?,? ) 
2020-08-11 23:36:33.066 DEBUG [http-nio-9000-exec-3]com.lzy.blog.mapper.LogMapper.save.debug:159 -==> Parameters: /admin/login(String), [Admin(id=null, name=null, header=null, signature=null, comment=null, username=admin, password=e10adc3949ba59abbe56e057f20f883e)](String), 1(Integer), null, POST(String), 12(Long), {"code":2000,"data":{"token":"E02AEB808726BBFA70C34238D67F8933"},"msg":"操作成功!"}(String), 127.0.0.1(String)
2020-08-11 23:36:33.130 DEBUG [http-nio-9000-exec-3]com.lzy.blog.mapper.LogMapper.save.debug:159 -<==    Updates: 1
2020-08-11 23:40:00.258 DEBUG [http-nio-9000-exec-4]com.lzy.blog.mapper.AdminMapper.getByUserName.debug:159 -==>  Preparing: select name,header, signature, username, password from bl_admin where username = ? 
2020-08-11 23:40:00.259 DEBUG [http-nio-9000-exec-4]com.lzy.blog.mapper.AdminMapper.getByUserName.debug:159 -==> Parameters: admin(String)
2020-08-11 23:40:00.263 DEBUG [http-nio-9000-exec-4]com.lzy.blog.mapper.AdminMapper.getByUserName.debug:159 -<==      Total: 1
2020-08-11 23:40:00.267 DEBUG [http-nio-9000-exec-4]com.lzy.blog.mapper.LogMapper.save.debug:159 -==>  Preparing: insert into bl_log ( log_url, log_params, log_status, log_message, log_method, log_time, log_result, log_ip ) values ( ?,?,?,?,?,?, ?,? ) 
2020-08-11 23:40:00.270 DEBUG [http-nio-9000-exec-4]com.lzy.blog.mapper.LogMapper.save.debug:159 -==> Parameters: /admin/login(String), [Admin(id=null, name=null, header=null, signature=null, comment=null, username=admin, password=e10adc3949ba59abbe56e057f20f883e)](String), 1(Integer), null, POST(String), 15(Long), {"code":2000,"data":{"token":"E02AEB808726BBFA70C34238D67F8933"},"msg":"操作成功!"}(String), 127.0.0.1(String)
2020-08-11 23:40:00.437 DEBUG [http-nio-9000-exec-4]com.lzy.blog.mapper.LogMapper.save.debug:159 -<==    Updates: 1
