2020-06-07 00:04:53.011 DEBUG [main]com.lzy.blog.LzyBlogApplication.logStarting:56 -Running with Spring Boot v2.2.7.RELEASE, Spring v5.2.6.RELEASE
2020-06-07 00:09:43.709 DEBUG [http-nio-9000-exec-10]com.lzy.blog.mapper.AdminMapper.getByUserName.debug:159 -==>  Preparing: select header, signature, username, password from bl_admin where username = ? 
2020-06-07 00:09:43.814 DEBUG [http-nio-9000-exec-10]com.lzy.blog.mapper.AdminMapper.getByUserName.debug:159 -==> Parameters: admin(String)
2020-06-07 00:09:43.936 DEBUG [http-nio-9000-exec-10]com.lzy.blog.mapper.AdminMapper.getByUserName.debug:159 -<==      Total: 1
2020-06-07 00:09:44.267 DEBUG [http-nio-9000-exec-10]com.lzy.blog.mapper.LogMapper.save.debug:159 -==>  Preparing: insert into bl_log ( log_url, log_params, log_status, log_message, log_method, log_time, log_result, log_ip ) values ( ?,?,?,?,?,?, ?,? ) 
2020-06-07 00:09:44.274 DEBUG [http-nio-9000-exec-10]com.lzy.blog.mapper.LogMapper.save.debug:159 -==> Parameters: /admin/login(String), [Admin(id=null, name=null, header=null, signature=null, comment=null, username=admin, password=123456)](String), 1(Integer), null, POST(String), 414(Long), {"code":40002,"msg":"用户名或者密码或者密码错误"}(String), 0:0:0:0:0:0:0:1(String)
2020-06-07 00:09:44.360 DEBUG [http-nio-9000-exec-10]com.lzy.blog.mapper.LogMapper.save.debug:159 -<==    Updates: 1
2020-06-07 00:10:13.219 DEBUG [http-nio-9000-exec-2]com.lzy.blog.mapper.AdminMapper.getByUserName.debug:159 -==>  Preparing: select header, signature, username, password from bl_admin where username = ? 
2020-06-07 00:10:13.221 DEBUG [http-nio-9000-exec-2]com.lzy.blog.mapper.AdminMapper.getByUserName.debug:159 -==> Parameters: admin(String)
2020-06-07 00:10:13.224 DEBUG [http-nio-9000-exec-2]com.lzy.blog.mapper.AdminMapper.getByUserName.debug:159 -<==      Total: 1
2020-06-07 00:10:13.239 DEBUG [http-nio-9000-exec-2]com.lzy.blog.mapper.LogMapper.save.debug:159 -==>  Preparing: insert into bl_log ( log_url, log_params, log_status, log_message, log_method, log_time, log_result, log_ip ) values ( ?,?,?,?,?,?, ?,? ) 
2020-06-07 00:10:13.241 DEBUG [http-nio-9000-exec-2]com.lzy.blog.mapper.LogMapper.save.debug:159 -==> Parameters: /admin/login(String), [Admin(id=null, name=null, header=null, signature=null, comment=null, username=admin, password=admin)](String), 1(Integer), null, POST(String), 33(Long), {"code":40002,"msg":"用户名或者密码或者密码错误"}(String), 0:0:0:0:0:0:0:1(String)
2020-06-07 00:10:13.246 DEBUG [http-nio-9000-exec-2]com.lzy.blog.mapper.LogMapper.save.debug:159 -<==    Updates: 1
2020-06-07 00:11:09.161 DEBUG [http-nio-9000-exec-3]com.lzy.blog.mapper.AdminMapper.getByUserName.debug:159 -==>  Preparing: select header, signature, username, password from bl_admin where username = ? 
2020-06-07 00:11:09.162 DEBUG [http-nio-9000-exec-3]com.lzy.blog.mapper.AdminMapper.getByUserName.debug:159 -==> Parameters: admin(String)
2020-06-07 00:11:09.166 DEBUG [http-nio-9000-exec-3]com.lzy.blog.mapper.AdminMapper.getByUserName.debug:159 -<==      Total: 1
2020-06-07 00:11:09.174 DEBUG [http-nio-9000-exec-3]com.lzy.blog.mapper.LogMapper.save.debug:159 -==>  Preparing: insert into bl_log ( log_url, log_params, log_status, log_message, log_method, log_time, log_result, log_ip ) values ( ?,?,?,?,?,?, ?,? ) 
2020-06-07 00:11:09.176 DEBUG [http-nio-9000-exec-3]com.lzy.blog.mapper.LogMapper.save.debug:159 -==> Parameters: /admin/login(String), [Admin(id=null, name=null, header=null, signature=null, comment=null, username=admin, password=21232f297a57a5a743894a0e4a801fc3)](String), 1(Integer), null, POST(String), 16(Long), {"code":40002,"msg":"用户名或者密码或者密码错误"}(String), 0:0:0:0:0:0:0:1(String)
2020-06-07 00:11:09.181 DEBUG [http-nio-9000-exec-3]com.lzy.blog.mapper.LogMapper.save.debug:159 -<==    Updates: 1
2020-06-07 00:39:24.454 DEBUG [main]com.lzy.blog.LzyBlogApplication.logStarting:56 -Running with Spring Boot v2.2.7.RELEASE, Spring v5.2.6.RELEASE
2020-06-07 00:40:51.961 DEBUG [http-nio-9000-exec-7]com.lzy.blog.mapper.AdminMapper.getByUserName.debug:159 -==>  Preparing: select header, signature, username, password from bl_admin where username = ? 
2020-06-07 00:40:51.998 DEBUG [http-nio-9000-exec-7]com.lzy.blog.mapper.AdminMapper.getByUserName.debug:159 -==> Parameters: admin(String)
2020-06-07 00:40:52.028 DEBUG [http-nio-9000-exec-7]com.lzy.blog.mapper.AdminMapper.getByUserName.debug:159 -<==      Total: 1
2020-06-07 00:40:52.172 DEBUG [http-nio-9000-exec-7]com.lzy.blog.mapper.LogMapper.save.debug:159 -==>  Preparing: insert into bl_log ( log_url, log_params, log_status, log_message, log_method, log_time, log_result, log_ip ) values ( ?,?,?,?,?,?, ?,? ) 
2020-06-07 00:40:52.181 DEBUG [http-nio-9000-exec-7]com.lzy.blog.mapper.LogMapper.save.debug:159 -==> Parameters: /admin/login(String), [Admin(id=null, name=null, header=null, signature=null, comment=null, username=admin, password=21232f297a57a5a743894a0e4a801fc3)](String), 1(Integer), null, POST(String), 142(Long), {"code":40002,"msg":"用户名或者密码或者密码错误"}(String), 0:0:0:0:0:0:0:1(String)
2020-06-07 00:40:52.187 DEBUG [http-nio-9000-exec-7]com.lzy.blog.mapper.LogMapper.save.debug:159 -<==    Updates: 1
2020-06-07 00:40:59.535 DEBUG [http-nio-9000-exec-6]com.lzy.blog.mapper.AdminMapper.getByUserName.debug:159 -==>  Preparing: select header, signature, username, password from bl_admin where username = ? 
2020-06-07 00:40:59.537 DEBUG [http-nio-9000-exec-6]com.lzy.blog.mapper.AdminMapper.getByUserName.debug:159 -==> Parameters: admin(String)
2020-06-07 00:40:59.546 DEBUG [http-nio-9000-exec-6]com.lzy.blog.mapper.AdminMapper.getByUserName.debug:159 -<==      Total: 1
2020-06-07 00:40:59.555 DEBUG [http-nio-9000-exec-6]com.lzy.blog.mapper.LogMapper.save.debug:159 -==>  Preparing: insert into bl_log ( log_url, log_params, log_status, log_message, log_method, log_time, log_result, log_ip ) values ( ?,?,?,?,?,?, ?,? ) 
2020-06-07 00:40:59.558 DEBUG [http-nio-9000-exec-6]com.lzy.blog.mapper.LogMapper.save.debug:159 -==> Parameters: /admin/login(String), [Admin(id=null, name=null, header=null, signature=null, comment=null, username=admin, password=admin)](String), 1(Integer), null, POST(String), 33(Long), {"code":40002,"msg":"用户名或者密码或者密码错误"}(String), 0:0:0:0:0:0:0:1(String)
2020-06-07 00:40:59.578 DEBUG [http-nio-9000-exec-6]com.lzy.blog.mapper.LogMapper.save.debug:159 -<==    Updates: 1
2020-06-07 00:50:21.153 DEBUG [http-nio-9000-exec-9]com.lzy.blog.mapper.AdminMapper.getByUserName.debug:159 -==>  Preparing: select header, signature, username, password from bl_admin where username = ? 
2020-06-07 00:50:21.155 DEBUG [http-nio-9000-exec-9]com.lzy.blog.mapper.AdminMapper.getByUserName.debug:159 -==> Parameters: admin(String)
2020-06-07 00:50:21.157 DEBUG [http-nio-9000-exec-9]com.lzy.blog.mapper.AdminMapper.getByUserName.debug:159 -<==      Total: 1
2020-06-07 00:50:21.167 DEBUG [http-nio-9000-exec-9]com.lzy.blog.mapper.LogMapper.save.debug:159 -==>  Preparing: insert into bl_log ( log_url, log_params, log_status, log_message, log_method, log_time, log_result, log_ip ) values ( ?,?,?,?,?,?, ?,? ) 
2020-06-07 00:50:21.170 DEBUG [http-nio-9000-exec-9]com.lzy.blog.mapper.LogMapper.save.debug:159 -==> Parameters: /admin/login(String), [Admin(id=null, name=null, header=null, signature=null, comment=null, username=admin, password=21232f297a57a5a743894a0e4a801fc3)](String), 1(Integer), null, POST(String), 22(Long), {"code":40002,"msg":"用户名或者密码或者密码错误"}(String), 0:0:0:0:0:0:0:1(String)
2020-06-07 00:50:21.179 DEBUG [http-nio-9000-exec-9]com.lzy.blog.mapper.LogMapper.save.debug:159 -<==    Updates: 1
2020-06-07 00:51:19.117 DEBUG [http-nio-9000-exec-1]com.lzy.blog.mapper.AdminMapper.getByUserName.debug:159 -==>  Preparing: select header, signature, username, password from bl_admin where username = ? 
2020-06-07 00:51:19.118 DEBUG [http-nio-9000-exec-1]com.lzy.blog.mapper.AdminMapper.getByUserName.debug:159 -==> Parameters: admin(String)
2020-06-07 00:51:19.122 DEBUG [http-nio-9000-exec-1]com.lzy.blog.mapper.AdminMapper.getByUserName.debug:159 -<==      Total: 1
2020-06-07 00:51:19.132 DEBUG [http-nio-9000-exec-1]com.lzy.blog.mapper.LogMapper.save.debug:159 -==>  Preparing: insert into bl_log ( log_url, log_params, log_status, log_message, log_method, log_time, log_result, log_ip ) values ( ?,?,?,?,?,?, ?,? ) 
2020-06-07 00:51:19.134 DEBUG [http-nio-9000-exec-1]com.lzy.blog.mapper.LogMapper.save.debug:159 -==> Parameters: /admin/login(String), [Admin(id=null, name=null, header=null, signature=null, comment=null, username=admin, password=21232f297a57a5a743894a0e4a801fc3)](String), 1(Integer), null, POST(String), 18(Long), {"code":40002,"msg":"用户名或者密码或者密码错误"}(String), 0:0:0:0:0:0:0:1(String)
2020-06-07 00:51:19.138 DEBUG [http-nio-9000-exec-1]com.lzy.blog.mapper.LogMapper.save.debug:159 -<==    Updates: 1
2020-06-07 00:51:49.257 DEBUG [http-nio-9000-exec-2]com.lzy.blog.mapper.AdminMapper.getByUserName.debug:159 -==>  Preparing: select header, signature, username, password from bl_admin where username = ? 
2020-06-07 00:51:49.258 DEBUG [http-nio-9000-exec-2]com.lzy.blog.mapper.AdminMapper.getByUserName.debug:159 -==> Parameters: admin(String)
2020-06-07 00:51:49.261 DEBUG [http-nio-9000-exec-2]com.lzy.blog.mapper.AdminMapper.getByUserName.debug:159 -<==      Total: 1
2020-06-07 00:51:49.275 DEBUG [http-nio-9000-exec-2]com.lzy.blog.mapper.LogMapper.save.debug:159 -==>  Preparing: insert into bl_log ( log_url, log_params, log_status, log_message, log_method, log_time, log_result, log_ip ) values ( ?,?,?,?,?,?, ?,? ) 
2020-06-07 00:51:49.278 DEBUG [http-nio-9000-exec-2]com.lzy.blog.mapper.LogMapper.save.debug:159 -==> Parameters: /admin/login(String), [Admin(id=null, name=null, header=null, signature=null, comment=null, username=admin, password=21232f297a57a5a743894a0e4a801fc3)](String), 1(Integer), null, POST(String), 17(Long), {"code":40002,"msg":"用户名或者密码或者密码错误"}(String), 0:0:0:0:0:0:0:1(String)
2020-06-07 00:51:49.281 DEBUG [http-nio-9000-exec-2]com.lzy.blog.mapper.LogMapper.save.debug:159 -<==    Updates: 1
2020-06-07 00:52:19.517 DEBUG [main]com.lzy.blog.LzyBlogApplication.logStarting:56 -Running with Spring Boot v2.2.7.RELEASE, Spring v5.2.6.RELEASE
2020-06-07 00:53:02.021 DEBUG [http-nio-9000-exec-2]com.lzy.blog.mapper.AdminMapper.getByUserName.debug:159 -==>  Preparing: select header, signature, username, password from bl_admin where username = ? 
2020-06-07 00:53:02.059 DEBUG [http-nio-9000-exec-2]com.lzy.blog.mapper.AdminMapper.getByUserName.debug:159 -==> Parameters: admin(String)
2020-06-07 00:53:02.090 DEBUG [http-nio-9000-exec-2]com.lzy.blog.mapper.AdminMapper.getByUserName.debug:159 -<==      Total: 1
2020-06-07 00:53:02.295 DEBUG [http-nio-9000-exec-2]com.lzy.blog.mapper.LogMapper.save.debug:159 -==>  Preparing: insert into bl_log ( log_url, log_params, log_status, log_message, log_method, log_time, log_result, log_ip ) values ( ?,?,?,?,?,?, ?,? ) 
2020-06-07 00:53:02.299 DEBUG [http-nio-9000-exec-2]com.lzy.blog.mapper.LogMapper.save.debug:159 -==> Parameters: /admin/login(String), [Admin(id=null, name=null, header=null, signature=null, comment=null, username=admin, password=21232f297a57a5a743894a0e4a801fc3)](String), 1(Integer), null, POST(String), 187(Long), {"code":2000,"data":{"token":"C0E828C490CCAC5A41A435FD9DAC5368"},"msg":"操作成功!"}(String), 0:0:0:0:0:0:0:1(String)
2020-06-07 00:53:02.322 DEBUG [http-nio-9000-exec-2]com.lzy.blog.mapper.LogMapper.save.debug:159 -<==    Updates: 1
2020-06-07 00:55:37.634 DEBUG [http-nio-9000-exec-5]com.lzy.blog.mapper.LogMapper.save.debug:159 -==>  Preparing: insert into bl_log ( log_url, log_params, log_status, log_message, log_method, log_time, log_result, log_ip ) values ( ?,?,?,?,?,?, ?,? ) 
2020-06-07 00:55:37.636 DEBUG [http-nio-9000-exec-5]com.lzy.blog.mapper.LogMapper.save.debug:159 -==> Parameters: /admin/getLoginInfo(String), [](String), 1(Integer), null, GET(String), 4(Long), {"code":2000,"data":{"password":"21232f297a57a5a743894a0e4a801fc3","signature":"忍字头上一把刀","username":"admin"},"msg":"操作成功!"}(String), 0:0:0:0:0:0:0:1(String)
2020-06-07 00:55:37.641 DEBUG [http-nio-9000-exec-5]com.lzy.blog.mapper.LogMapper.save.debug:159 -<==    Updates: 1
2020-06-07 00:56:58.556 DEBUG [http-nio-9000-exec-8]com.lzy.blog.mapper.LogMapper.save.debug:159 -==>  Preparing: insert into bl_log ( log_url, log_params, log_status, log_message, log_method, log_time, log_result, log_ip ) values ( ?,?,?,?,?,?, ?,? ) 
2020-06-07 00:56:58.559 DEBUG [http-nio-9000-exec-8]com.lzy.blog.mapper.LogMapper.save.debug:159 -==> Parameters: /admin/getLoginInfo(String), [](String), 1(Integer), null, GET(String), 4(Long), {"code":2000,"data":{"password":"21232f297a57a5a743894a0e4a801fc3","signature":"忍字头上一把刀","username":"admin"},"msg":"操作成功!"}(String), 0:0:0:0:0:0:0:1(String)
2020-06-07 00:56:58.562 DEBUG [http-nio-9000-exec-8]com.lzy.blog.mapper.LogMapper.save.debug:159 -<==    Updates: 1
2020-06-07 00:58:56.002 DEBUG [http-nio-9000-exec-10]com.lzy.blog.mapper.LogMapper.save.debug:159 -==>  Preparing: insert into bl_log ( log_url, log_params, log_status, log_message, log_method, log_time, log_result, log_ip ) values ( ?,?,?,?,?,?, ?,? ) 
2020-06-07 00:58:56.004 DEBUG [http-nio-9000-exec-10]com.lzy.blog.mapper.LogMapper.save.debug:159 -==> Parameters: /admin/getLoginInfo(String), [](String), 1(Integer), null, GET(String), 5(Long), {"code":2000,"data":{"password":"21232f297a57a5a743894a0e4a801fc3","signature":"忍字头上一把刀","username":"admin"},"msg":"操作成功!"}(String), 0:0:0:0:0:0:0:1(String)
2020-06-07 00:58:56.013 DEBUG [http-nio-9000-exec-10]com.lzy.blog.mapper.LogMapper.save.debug:159 -<==    Updates: 1
2020-06-07 00:59:20.994 DEBUG [http-nio-9000-exec-2]com.lzy.blog.mapper.LogMapper.save.debug:159 -==>  Preparing: insert into bl_log ( log_url, log_params, log_status, log_message, log_method, log_time, log_result, log_ip ) values ( ?,?,?,?,?,?, ?,? ) 
2020-06-07 00:59:20.996 DEBUG [http-nio-9000-exec-2]com.lzy.blog.mapper.LogMapper.save.debug:159 -==> Parameters: /admin/getLoginInfo(String), [](String), 1(Integer), null, GET(String), 4(Long), {"code":2000,"data":{"password":"21232f297a57a5a743894a0e4a801fc3","signature":"忍字头上一把刀","username":"admin"},"msg":"操作成功!"}(String), 0:0:0:0:0:0:0:1(String)
2020-06-07 00:59:21.098 DEBUG [http-nio-9000-exec-2]com.lzy.blog.mapper.LogMapper.save.debug:159 -<==    Updates: 1
2020-06-07 00:59:45.882 DEBUG [http-nio-9000-exec-3]com.lzy.blog.mapper.LogMapper.save.debug:159 -==>  Preparing: insert into bl_log ( log_url, log_params, log_status, log_message, log_method, log_time, log_result, log_ip ) values ( ?,?,?,?,?,?, ?,? ) 
2020-06-07 00:59:45.885 DEBUG [http-nio-9000-exec-3]com.lzy.blog.mapper.LogMapper.save.debug:159 -==> Parameters: /admin/getLoginInfo(String), [](String), 1(Integer), null, GET(String), 3(Long), {"code":2000,"data":{"password":"21232f297a57a5a743894a0e4a801fc3","signature":"忍字头上一把刀","username":"admin"},"msg":"操作成功!"}(String), 0:0:0:0:0:0:0:1(String)
2020-06-07 00:59:45.931 DEBUG [http-nio-9000-exec-3]com.lzy.blog.mapper.LogMapper.save.debug:159 -<==    Updates: 1
2020-06-07 01:00:00.482 DEBUG [main]com.lzy.blog.LzyBlogApplication.logStarting:56 -Running with Spring Boot v2.2.7.RELEASE, Spring v5.2.6.RELEASE
2020-06-07 01:01:52.191 DEBUG [http-nio-9000-exec-6]com.lzy.blog.mapper.AdminMapper.getByUserName.debug:159 -==>  Preparing: select name,header, signature, username, password from bl_admin where username = ? 
2020-06-07 01:01:52.228 DEBUG [http-nio-9000-exec-6]com.lzy.blog.mapper.AdminMapper.getByUserName.debug:159 -==> Parameters: admin(String)
2020-06-07 01:01:52.256 DEBUG [http-nio-9000-exec-6]com.lzy.blog.mapper.AdminMapper.getByUserName.debug:159 -<==      Total: 1
2020-06-07 01:01:52.386 DEBUG [http-nio-9000-exec-6]com.lzy.blog.mapper.LogMapper.save.debug:159 -==>  Preparing: insert into bl_log ( log_url, log_params, log_status, log_message, log_method, log_time, log_result, log_ip ) values ( ?,?,?,?,?,?, ?,? ) 
2020-06-07 01:01:52.390 DEBUG [http-nio-9000-exec-6]com.lzy.blog.mapper.LogMapper.save.debug:159 -==> Parameters: /admin/login(String), [Admin(id=null, name=null, header=null, signature=null, comment=null, username=admin, password=21232f297a57a5a743894a0e4a801fc3)](String), 1(Integer), null, POST(String), 140(Long), {"code":2000,"data":{"token":"92A1508F0369247495C649E69FFDD634"},"msg":"操作成功!"}(String), 0:0:0:0:0:0:0:1(String)
2020-06-07 01:01:52.395 DEBUG [http-nio-9000-exec-6]com.lzy.blog.mapper.LogMapper.save.debug:159 -<==    Updates: 1
2020-06-07 01:02:04.358 DEBUG [http-nio-9000-exec-7]com.lzy.blog.mapper.LogMapper.save.debug:159 -==>  Preparing: insert into bl_log ( log_url, log_params, log_status, log_message, log_method, log_time, log_result, log_ip ) values ( ?,?,?,?,?,?, ?,? ) 
2020-06-07 01:02:04.360 DEBUG [http-nio-9000-exec-7]com.lzy.blog.mapper.LogMapper.save.debug:159 -==> Parameters: /admin/getLoginInfo(String), [](String), 1(Integer), null, GET(String), 5(Long), {"code":2000,"data":{"name":"刘小源","password":"21232f297a57a5a743894a0e4a801fc3","signature":"忍字头上一把刀","username":"admin"},"msg":"操作成功!"}(String), 0:0:0:0:0:0:0:1(String)
2020-06-07 01:02:04.363 DEBUG [http-nio-9000-exec-7]com.lzy.blog.mapper.LogMapper.save.debug:159 -<==    Updates: 1
