2020-07-01 15:01:30.123 DEBUG [main]com.lzy.blog.LzyBlogApplication.logStarting:56 -Running with Spring Boot v2.2.7.RELEASE, Spring v5.2.6.RELEASE
2020-07-01 15:42:05.959 DEBUG [http-nio-9000-exec-7]com.lzy.blog.mapper.AdminMapper.getByUserName.debug:159 -==>  Preparing: select name,header, signature, username, password from bl_admin where username = ? 
2020-07-01 15:42:06.000 DEBUG [http-nio-9000-exec-7]com.lzy.blog.mapper.AdminMapper.getByUserName.debug:159 -==> Parameters: 刘小少(String)
2020-07-01 15:42:06.033 DEBUG [http-nio-9000-exec-7]com.lzy.blog.mapper.AdminMapper.getByUserName.debug:159 -<==      Total: 1
2020-07-01 15:42:06.233 DEBUG [http-nio-9000-exec-7]com.lzy.blog.mapper.LogMapper.save.debug:159 -==>  Preparing: insert into bl_log ( log_url, log_params, log_status, log_message, log_method, log_time, log_result, log_ip ) values ( ?,?,?,?,?,?, ?,? ) 
2020-07-01 15:42:06.240 DEBUG [http-nio-9000-exec-7]com.lzy.blog.mapper.LogMapper.save.debug:159 -==> Parameters: /admin/login(String), [Admin(id=null, name=null, header=null, signature=null, comment=null, username=刘小少, password=e10adc3949ba59abbe56e057f20f883e)](String), 1(Integer), null, POST(String), 252(Long), {"code":2000,"data":{"token":"801766087EF04F3B0BFC23F8BEDE7B64"},"msg":"操作成功!"}(String), 0:0:0:0:0:0:0:1(String)
2020-07-01 15:42:06.318 DEBUG [http-nio-9000-exec-7]com.lzy.blog.mapper.LogMapper.save.debug:159 -<==    Updates: 1
2020-07-01 15:42:21.504 DEBUG [http-nio-9000-exec-9]com.lzy.blog.mapper.AdminMapper.getByUserName.debug:159 -==>  Preparing: select name,header, signature, username, password from bl_admin where username = ? 
2020-07-01 15:42:21.507 DEBUG [http-nio-9000-exec-9]com.lzy.blog.mapper.AdminMapper.getByUserName.debug:159 -==> Parameters: 刘小少(String)
2020-07-01 15:42:21.510 DEBUG [http-nio-9000-exec-9]com.lzy.blog.mapper.AdminMapper.getByUserName.debug:159 -<==      Total: 1
2020-07-01 15:42:21.523 DEBUG [http-nio-9000-exec-9]com.lzy.blog.mapper.LogMapper.save.debug:159 -==>  Preparing: insert into bl_log ( log_url, log_params, log_status, log_message, log_method, log_time, log_result, log_ip ) values ( ?,?,?,?,?,?, ?,? ) 
2020-07-01 15:42:21.526 DEBUG [http-nio-9000-exec-9]com.lzy.blog.mapper.LogMapper.save.debug:159 -==> Parameters: /admin/login(String), [Admin(id=null, name=null, header=null, signature=null, comment=null, username=刘小少, password=123)](String), 1(Integer), null, POST(String), 24(Long), {"code":40002,"msg":"用户名或者密码或者密码错误"}(String), 0:0:0:0:0:0:0:1(String)
2020-07-01 15:42:21.805 DEBUG [http-nio-9000-exec-9]com.lzy.blog.mapper.LogMapper.save.debug:159 -<==    Updates: 1
2020-07-01 15:42:33.350 DEBUG [http-nio-9000-exec-10]com.lzy.blog.mapper.AdminMapper.getByUserName.debug:159 -==>  Preparing: select name,header, signature, username, password from bl_admin where username = ? 
2020-07-01 15:42:33.351 DEBUG [http-nio-9000-exec-10]com.lzy.blog.mapper.AdminMapper.getByUserName.debug:159 -==> Parameters: 刘小少(String)
2020-07-01 15:42:33.354 DEBUG [http-nio-9000-exec-10]com.lzy.blog.mapper.AdminMapper.getByUserName.debug:159 -<==      Total: 1
2020-07-01 15:42:33.360 DEBUG [http-nio-9000-exec-10]com.lzy.blog.mapper.LogMapper.save.debug:159 -==>  Preparing: insert into bl_log ( log_url, log_params, log_status, log_message, log_method, log_time, log_result, log_ip ) values ( ?,?,?,?,?,?, ?,? ) 
2020-07-01 15:42:33.363 DEBUG [http-nio-9000-exec-10]com.lzy.blog.mapper.LogMapper.save.debug:159 -==> Parameters: /admin/login(String), [Admin(id=null, name=null, header=null, signature=null, comment=null, username=刘小少, password=e10adc3949ba59abbe56e057f20f883e)](String), 1(Integer), null, POST(String), 14(Long), {"code":2000,"data":{"token":"801766087EF04F3B0BFC23F8BEDE7B64"},"msg":"操作成功!"}(String), 0:0:0:0:0:0:0:1(String)
2020-07-01 15:42:33.420 DEBUG [http-nio-9000-exec-10]com.lzy.blog.mapper.LogMapper.save.debug:159 -<==    Updates: 1
2020-07-01 15:50:45.788 DEBUG [http-nio-9000-exec-3]com.lzy.blog.mapper.LogMapper.save.debug:159 -==>  Preparing: insert into bl_log ( log_url, log_params, log_status, log_message, log_method, log_time, log_result, log_ip ) values ( ?,?,?,?,?,?, ?,? ) 
2020-07-01 15:50:45.790 DEBUG [http-nio-9000-exec-3]com.lzy.blog.mapper.LogMapper.save.debug:159 -==> Parameters: /admin/getLoginInfo(String), [](String), 1(Integer), null, GET(String), 25(Long), {"code":2000,"data":{"name":"刘哥","password":"","signature":"一动可搬山，可倒海","username":"刘小少"},"msg":"操作成功!"}(String), 0:0:0:0:0:0:0:1(String)
2020-07-01 15:50:45.838 DEBUG [http-nio-9000-exec-3]com.lzy.blog.mapper.LogMapper.save.debug:159 -<==    Updates: 1
